[ 2017-07-06T08:55:39+08:00 ] ::1 /blog/index.php
INFO: [ app_init ] --START--
INFO: Run Behavior\BuildLiteBehavior [ RunTime:0.001000s ]
INFO: [ app_init ] --END-- [ RunTime:0.001000s ]
INFO: [ app_begin ] --START--
INFO: Run Behavior\ReadHtmlCacheBehavior [ RunTime:0.001000s ]
INFO: [ app_begin ] --END-- [ RunTime:0.001000s ]
NOTIC: [8] Undefined index: title D:\wamp\www\blog\Application\Home\Controller\IndexController.class.php 第 8 行.
NOTIC: [8] Undefined index: p D:\wamp\www\blog\Application\Home\Controller\IndexController.class.php 第 12 行.
NOTIC: [2048] Declaration of Common\Model\NoteModel::find() should be compatible with Think\Model::find($options = Array) D:\wamp\www\blog\Application\Common\Model\NoteModel.class.php 第 8 行.
SQL: SHOW COLUMNS FROM `blog_note` [ RunTime:0.0390s ]
SQL: SELECT * FROM `blog_note` ORDER BY note_id desc LIMIT 0,5   [ RunTime:0.0010s ]
NOTIC: [8] Undefined variable: page D:\wamp\www\blog\Application\Common\Model\NoteModel.class.php 第 40 行.
NOTIC: [8] Undefined variable: pageSize D:\wamp\www\blog\Application\Common\Model\NoteModel.class.php 第 40 行.
SQL: SELECT COUNT(*) AS tp_count FROM `blog_note` LIMIT 1   [ RunTime:0.0010s ]
NOTIC: [8] Undefined variable: sing_path D:\wamp\www\blog\ThinkPHP\Common\functions.php 第 991 行.
INFO: [ view_parse ] --START--
INFO: [ template_filter ] --START--
INFO: Run Behavior\ContentReplaceBehavior [ RunTime:0.000000s ]
INFO: [ template_filter ] --END-- [ RunTime:0.001000s ]
INFO: Run Behavior\ParseTemplateBehavior [ RunTime:0.031002s ]
INFO: [ view_parse ] --END-- [ RunTime:0.031002s ]
INFO: [ view_filter ] --START--
INFO: Run Behavior\WriteHtmlCacheBehavior [ RunTime:0.001000s ]
INFO: [ view_filter ] --END-- [ RunTime:0.001000s ]
INFO: [ app_end ] --START--
INFO: Run Behavior\ShowPageTraceBehavior [ RunTime:0.002000s ]
INFO: [ app_end ] --END-- [ RunTime:0.002000s ]

[ 2017-07-06T08:55:45+08:00 ] ::1 /blog/index.php?m=Home&c=Index&a=index&p=2
INFO: [ app_init ] --START--
INFO: Run Behavior\BuildLiteBehavior [ RunTime:0.000000s ]
INFO: [ app_init ] --END-- [ RunTime:0.001001s ]
INFO: [ app_begin ] --START--
INFO: Run Behavior\ReadHtmlCacheBehavior [ RunTime:0.001000s ]
INFO: [ app_begin ] --END-- [ RunTime:0.002000s ]
NOTIC: [8] Undefined index: title D:\wamp\www\blog\Application\Home\Controller\IndexController.class.php 第 8 行.
NOTIC: [2048] Declaration of Common\Model\NoteModel::find() should be compatible with Think\Model::find($options = Array) D:\wamp\www\blog\Application\Common\Model\NoteModel.class.php 第 8 行.
SQL: SHOW COLUMNS FROM `blog_note` [ RunTime:0.0040s ]
SQL: SELECT * FROM `blog_note` ORDER BY note_id desc LIMIT 5,5   [ RunTime:0.0010s ]
NOTIC: [8] Undefined variable: page D:\wamp\www\blog\Application\Common\Model\NoteModel.class.php 第 40 行.
NOTIC: [8] Undefined variable: pageSize D:\wamp\www\blog\Application\Common\Model\NoteModel.class.php 第 40 行.
SQL: SELECT COUNT(*) AS tp_count FROM `blog_note` LIMIT 1   [ RunTime:0.0010s ]
NOTIC: [8] Undefined variable: sing_path D:\wamp\www\blog\ThinkPHP\Common\functions.php 第 991 行.
INFO: [ view_parse ] --START--
INFO: [ template_filter ] --START--
INFO: Run Behavior\ContentReplaceBehavior [ RunTime:0.091006s ]
INFO: [ template_filter ] --END-- [ RunTime:0.091006s ]
INFO: Run Behavior\ParseTemplateBehavior [ RunTime:0.150009s ]
INFO: [ view_parse ] --END-- [ RunTime:0.151009s ]
INFO: [ view_filter ] --START--
INFO: Run Behavior\WriteHtmlCacheBehavior [ RunTime:0.001000s ]
INFO: [ view_filter ] --END-- [ RunTime:0.004000s ]
INFO: [ app_end ] --START--
INFO: Run Behavior\ShowPageTraceBehavior [ RunTime:0.001000s ]
INFO: [ app_end ] --END-- [ RunTime:0.001000s ]

[ 2017-07-06T08:55:49+08:00 ] ::1 /blog/index.php?c=detail&id=125
INFO: [ app_init ] --START--
INFO: Run Behavior\BuildLiteBehavior [ RunTime:0.000000s ]
INFO: [ app_init ] --END-- [ RunTime:0.003000s ]
INFO: [ app_begin ] --START--
INFO: Run Behavior\ReadHtmlCacheBehavior [ RunTime:0.002000s ]
INFO: [ app_begin ] --END-- [ RunTime:0.002000s ]
NOTIC: [2048] Declaration of Common\Model\NoteModel::find() should be compatible with Think\Model::find($options = Array) D:\wamp\www\blog\Application\Common\Model\NoteModel.class.php 第 8 行.
SQL: SHOW COLUMNS FROM `blog_note` [ RunTime:0.0120s ]
SQL: SELECT * FROM `blog_note` WHERE ( note_id=125 ) LIMIT 1   [ RunTime:0.0000s ]
SQL: UPDATE `blog_note` SET `count`='9' WHERE ( note_id=125 ) [ RunTime:0.2990s ]
NOTIC: [2048] Declaration of Common\Model\NoteContentModel::find() should be compatible with Think\Model::find($options = Array) D:\wamp\www\blog\Application\Common\Model\NoteContentModel.class.php 第 44 行.
SQL: SHOW COLUMNS FROM `blog_note_content` [ RunTime:0.0550s ]
SQL: SELECT * FROM `blog_note_content` WHERE ( note_id=125 ) LIMIT 1   [ RunTime:0.0610s ]
INFO: [ view_parse ] --START--
INFO: [ template_filter ] --START--
INFO: Run Behavior\ContentReplaceBehavior [ RunTime:0.000000s ]
INFO: [ template_filter ] --END-- [ RunTime:0.001000s ]
INFO: Run Behavior\ParseTemplateBehavior [ RunTime:0.072004s ]
INFO: [ view_parse ] --END-- [ RunTime:0.072004s ]
INFO: [ view_filter ] --START--
INFO: Run Behavior\WriteHtmlCacheBehavior [ RunTime:0.001000s ]
INFO: [ view_filter ] --END-- [ RunTime:0.002000s ]
INFO: [ app_end ] --START--
INFO: Run Behavior\ShowPageTraceBehavior [ RunTime:0.001000s ]
INFO: [ app_end ] --END-- [ RunTime:0.002000s ]

[ 2017-07-06T09:17:20+08:00 ] 127.0.0.1 /blog/
INFO: [ app_init ] --START--
INFO: Run Behavior\BuildLiteBehavior [ RunTime:0.000000s ]
INFO: [ app_init ] --END-- [ RunTime:0.001000s ]
INFO: [ app_begin ] --START--
INFO: Run Behavior\ReadHtmlCacheBehavior [ RunTime:0.002000s ]
INFO: [ app_begin ] --END-- [ RunTime:0.002000s ]
NOTIC: [8] Undefined index: title D:\wamp\www\blog\Application\Home\Controller\IndexController.class.php 第 8 行.
NOTIC: [8] Undefined index: p D:\wamp\www\blog\Application\Home\Controller\IndexController.class.php 第 12 行.
NOTIC: [2048] Declaration of Common\Model\NoteModel::find() should be compatible with Think\Model::find($options = Array) D:\wamp\www\blog\Application\Common\Model\NoteModel.class.php 第 8 行.
SQL: SHOW COLUMNS FROM `blog_note` [ RunTime:0.0040s ]
SQL: SELECT * FROM `blog_note` ORDER BY note_id desc LIMIT 0,5   [ RunTime:0.0010s ]
NOTIC: [8] Undefined variable: page D:\wamp\www\blog\Application\Common\Model\NoteModel.class.php 第 40 行.
NOTIC: [8] Undefined variable: pageSize D:\wamp\www\blog\Application\Common\Model\NoteModel.class.php 第 40 行.
SQL: SELECT COUNT(*) AS tp_count FROM `blog_note` LIMIT 1   [ RunTime:0.0000s ]
NOTIC: [8] Undefined variable: sing_path D:\wamp\www\blog\ThinkPHP\Common\functions.php 第 991 行.
INFO: [ view_parse ] --START--
INFO: [ template_filter ] --START--
INFO: Run Behavior\ContentReplaceBehavior [ RunTime:0.000000s ]
INFO: [ template_filter ] --END-- [ RunTime:0.001000s ]
INFO: Run Behavior\ParseTemplateBehavior [ RunTime:0.019001s ]
INFO: [ view_parse ] --END-- [ RunTime:0.019001s ]
INFO: [ view_filter ] --START--
INFO: Run Behavior\WriteHtmlCacheBehavior [ RunTime:0.001000s ]
INFO: [ view_filter ] --END-- [ RunTime:0.001000s ]
INFO: [ app_end ] --START--
INFO: Run Behavior\ShowPageTraceBehavior [ RunTime:0.002000s ]
INFO: [ app_end ] --END-- [ RunTime:0.003000s ]

[ 2017-07-06T09:19:17+08:00 ] ::1 /blog/index.php
INFO: [ app_init ] --START--
INFO: Run Behavior\BuildLiteBehavior [ RunTime:0.001000s ]
INFO: [ app_init ] --END-- [ RunTime:0.001000s ]
INFO: [ app_begin ] --START--
INFO: Run Behavior\ReadHtmlCacheBehavior [ RunTime:0.001000s ]
INFO: [ app_begin ] --END-- [ RunTime:0.001000s ]
NOTIC: [8] Undefined index: title D:\wamp\www\blog\Application\Home\Controller\IndexController.class.php 第 8 行.
NOTIC: [8] Undefined index: p D:\wamp\www\blog\Application\Home\Controller\IndexController.class.php 第 12 行.
NOTIC: [2048] Declaration of Common\Model\NoteModel::find() should be compatible with Think\Model::find($options = Array) D:\wamp\www\blog\Application\Common\Model\NoteModel.class.php 第 8 行.
SQL: SHOW COLUMNS FROM `blog_note` [ RunTime:0.0040s ]
SQL: SELECT * FROM `blog_note` ORDER BY note_id desc LIMIT 0,5   [ RunTime:0.0330s ]
NOTIC: [8] Undefined variable: page D:\wamp\www\blog\Application\Common\Model\NoteModel.class.php 第 40 行.
NOTIC: [8] Undefined variable: pageSize D:\wamp\www\blog\Application\Common\Model\NoteModel.class.php 第 40 行.
SQL: SELECT COUNT(*) AS tp_count FROM `blog_note` LIMIT 1   [ RunTime:0.0010s ]
NOTIC: [8] Undefined variable: sing_path D:\wamp\www\blog\ThinkPHP\Common\functions.php 第 991 行.
INFO: [ view_parse ] --START--
INFO: [ template_filter ] --START--
INFO: Run Behavior\ContentReplaceBehavior [ RunTime:0.000000s ]
INFO: [ template_filter ] --END-- [ RunTime:0.001001s ]
INFO: Run Behavior\ParseTemplateBehavior [ RunTime:0.025002s ]
INFO: [ view_parse ] --END-- [ RunTime:0.026002s ]
INFO: [ view_filter ] --START--
INFO: Run Behavior\WriteHtmlCacheBehavior [ RunTime:0.001000s ]
INFO: [ view_filter ] --END-- [ RunTime:0.001000s ]
INFO: [ app_end ] --START--
INFO: Run Behavior\ShowPageTraceBehavior [ RunTime:0.001000s ]
INFO: [ app_end ] --END-- [ RunTime:0.001000s ]

[ 2017-07-06T09:19:22+08:00 ] ::1 /blog/index.php?c=detail&id=134
INFO: [ app_init ] --START--
INFO: Run Behavior\BuildLiteBehavior [ RunTime:0.000000s ]
INFO: [ app_init ] --END-- [ RunTime:0.001000s ]
INFO: [ app_begin ] --START--
INFO: Run Behavior\ReadHtmlCacheBehavior [ RunTime:0.002000s ]
INFO: [ app_begin ] --END-- [ RunTime:0.002000s ]
NOTIC: [2048] Declaration of Common\Model\NoteModel::find() should be compatible with Think\Model::find($options = Array) D:\wamp\www\blog\Application\Common\Model\NoteModel.class.php 第 8 行.
SQL: SHOW COLUMNS FROM `blog_note` [ RunTime:0.0050s ]
SQL: SELECT * FROM `blog_note` WHERE ( note_id=134 ) LIMIT 1   [ RunTime:0.0010s ]
SQL: UPDATE `blog_note` SET `count`='1' WHERE ( note_id=134 ) [ RunTime:0.2730s ]
NOTIC: [2048] Declaration of Common\Model\NoteContentModel::find() should be compatible with Think\Model::find($options = Array) D:\wamp\www\blog\Application\Common\Model\NoteContentModel.class.php 第 44 行.
SQL: SHOW COLUMNS FROM `blog_note_content` [ RunTime:0.0030s ]
SQL: SELECT * FROM `blog_note_content` WHERE ( note_id=134 ) LIMIT 1   [ RunTime:0.3100s ]
INFO: [ view_parse ] --START--
INFO: [ template_filter ] --START--
INFO: Run Behavior\ContentReplaceBehavior [ RunTime:0.001000s ]
INFO: [ template_filter ] --END-- [ RunTime:0.001000s ]
INFO: Run Behavior\ParseTemplateBehavior [ RunTime:0.014001s ]
INFO: [ view_parse ] --END-- [ RunTime:0.014001s ]
INFO: [ view_filter ] --START--
INFO: Run Behavior\WriteHtmlCacheBehavior [ RunTime:0.000000s ]
INFO: [ view_filter ] --END-- [ RunTime:0.001000s ]
INFO: [ app_end ] --START--
INFO: Run Behavior\ShowPageTraceBehavior [ RunTime:0.001000s ]
INFO: [ app_end ] --END-- [ RunTime:0.001000s ]

[ 2017-07-06T09:20:16+08:00 ] ::1 /blog/index.php?c=index&a=sort&class=PHP
INFO: [ app_init ] --START--
INFO: Run Behavior\BuildLiteBehavior [ RunTime:0.000000s ]
INFO: [ app_init ] --END-- [ RunTime:0.001000s ]
INFO: [ app_begin ] --START--
INFO: Run Behavior\ReadHtmlCacheBehavior [ RunTime:0.001000s ]
INFO: [ app_begin ] --END-- [ RunTime:0.001000s ]
NOTIC: [2048] Declaration of Common\Model\NoteModel::find() should be compatible with Think\Model::find($options = Array) D:\wamp\www\blog\Application\Common\Model\NoteModel.class.php 第 8 行.
SQL: SHOW COLUMNS FROM `blog_note` [ RunTime:0.0040s ]
SQL: SELECT * FROM `blog_note` WHERE `tag` LIKE '%PHP%' ORDER BY note_id desc LIMIT 100   [ RunTime:0.0240s ]
INFO: [ view_parse ] --START--
INFO: [ template_filter ] --START--
INFO: Run Behavior\ContentReplaceBehavior [ RunTime:0.000000s ]
INFO: [ template_filter ] --END-- [ RunTime:0.000000s ]
INFO: Run Behavior\ParseTemplateBehavior [ RunTime:0.087005s ]
INFO: [ view_parse ] --END-- [ RunTime:0.088005s ]
INFO: [ view_filter ] --START--
INFO: Run Behavior\WriteHtmlCacheBehavior [ RunTime:0.001000s ]
INFO: [ view_filter ] --END-- [ RunTime:0.003000s ]
INFO: [ app_end ] --START--
INFO: Run Behavior\ShowPageTraceBehavior [ RunTime:0.002000s ]
INFO: [ app_end ] --END-- [ RunTime:0.003000s ]

[ 2017-07-06T09:21:11+08:00 ] ::1 /blog/index.php?c=detail&id=134
INFO: [ app_init ] --START--
INFO: Run Behavior\BuildLiteBehavior [ RunTime:0.000000s ]
INFO: [ app_init ] --END-- [ RunTime:0.000000s ]
INFO: [ app_begin ] --START--
INFO: Run Behavior\ReadHtmlCacheBehavior [ RunTime:0.001000s ]
INFO: [ app_begin ] --END-- [ RunTime:0.001000s ]
NOTIC: [2048] Declaration of Common\Model\NoteModel::find() should be compatible with Think\Model::find($options = Array) D:\wamp\www\blog\Application\Common\Model\NoteModel.class.php 第 8 行.
SQL: SHOW COLUMNS FROM `blog_note` [ RunTime:0.0040s ]
SQL: SELECT * FROM `blog_note` WHERE ( note_id=134 ) LIMIT 1   [ RunTime:0.0010s ]
SQL: UPDATE `blog_note` SET `count`='2' WHERE ( note_id=134 ) [ RunTime:0.0170s ]
NOTIC: [2048] Declaration of Common\Model\NoteContentModel::find() should be compatible with Think\Model::find($options = Array) D:\wamp\www\blog\Application\Common\Model\NoteContentModel.class.php 第 44 行.
SQL: SHOW COLUMNS FROM `blog_note_content` [ RunTime:0.0040s ]
SQL: SELECT * FROM `blog_note_content` WHERE ( note_id=134 ) LIMIT 1   [ RunTime:0.0000s ]
INFO: [ view_parse ] --START--
INFO: [ template_filter ] --START--
INFO: Run Behavior\ContentReplaceBehavior [ RunTime:0.000000s ]
INFO: [ template_filter ] --END-- [ RunTime:0.000000s ]
INFO: Run Behavior\ParseTemplateBehavior [ RunTime:0.013001s ]
INFO: [ view_parse ] --END-- [ RunTime:0.013001s ]
INFO: [ view_filter ] --START--
INFO: Run Behavior\WriteHtmlCacheBehavior [ RunTime:0.001000s ]
INFO: [ view_filter ] --END-- [ RunTime:0.001000s ]
INFO: [ app_end ] --START--
INFO: Run Behavior\ShowPageTraceBehavior [ RunTime:0.002000s ]
INFO: [ app_end ] --END-- [ RunTime:0.002000s ]

