[ 2017-04-14T11:13:23+08:00 ] ::1 /blog/admin.php/blog/admin.php/c/index.html
INFO: [ app_init ] --START--
INFO: Run Behavior\BuildLiteBehavior [ RunTime:0.000000s ]
INFO: [ app_init ] --END-- [ RunTime:0.001000s ]
ERR: 无法加载模块:Blog

[ 2017-04-14T11:13:56+08:00 ] ::1 /blog/admin.php/blog/admin.php/c/index.html
INFO: [ app_init ] --START--
INFO: Run Behavior\BuildLiteBehavior [ RunTime:0.000000s ]
INFO: [ app_init ] --END-- [ RunTime:0.002000s ]
ERR: 无法加载模块:Blog

[ 2017-04-14T11:14:07+08:00 ] ::1 /blog/admin.php/blog/admin.php/c/index.html
INFO: [ app_init ] --START--
INFO: Run Behavior\BuildLiteBehavior [ RunTime:0.000000s ]
INFO: [ app_init ] --END-- [ RunTime:0.001000s ]
ERR: 无法加载模块:Blog

[ 2017-04-14T11:15:05+08:00 ] ::1 /blog/admin.php/blog/admin.php/c/index.html
INFO: [ app_init ] --START--
INFO: Run Behavior\BuildLiteBehavior [ RunTime:0.000000s ]
INFO: [ app_init ] --END-- [ RunTime:0.001000s ]
ERR: 无法加载模块:Blog

[ 2017-04-14T11:17:45+08:00 ] ::1 /blog/admin.php/blog/admin.php/c/index.html
INFO: [ app_init ] --START--
INFO: Run Behavior\BuildLiteBehavior [ RunTime:0.000000s ]
INFO: [ app_init ] --END-- [ RunTime:0.001000s ]
ERR: 无法加载模块:Blog

[ 2017-04-14T11:18:40+08:00 ] ::1 /blog/admin.php/blog/admin.php/c/index.html
INFO: [ app_init ] --START--
INFO: Run Behavior\BuildLiteBehavior [ RunTime:0.000000s ]
INFO: [ app_init ] --END-- [ RunTime:0.001000s ]
ERR: 无法加载模块:Blog

[ 2017-04-14T11:19:28+08:00 ] ::1 /blog/admin.php/blog/admin.php/c/index.html
INFO: [ app_init ] --START--
INFO: Run Behavior\BuildLiteBehavior [ RunTime:0.000000s ]
INFO: [ app_init ] --END-- [ RunTime:0.001000s ]
ERR: 无法加载模块:Blog

[ 2017-04-14T11:22:06+08:00 ] ::1 /blog/admin.php/blog/admin.php/c/index.html
INFO: [ app_init ] --START--
INFO: Run Behavior\BuildLiteBehavior [ RunTime:0.000000s ]
INFO: [ app_init ] --END-- [ RunTime:0.001000s ]
ERR: 无法加载模块:Blog

[ 2017-04-14T11:23:12+08:00 ] ::1 /blog/admin.php/blog/admin.php/c/index.html
INFO: [ app_init ] --START--
INFO: Run Behavior\BuildLiteBehavior [ RunTime:0.000000s ]
INFO: [ app_init ] --END-- [ RunTime:0.001000s ]
ERR: 无法加载模块:Blog

[ 2017-04-14T11:24:14+08:00 ] ::1 /blog/admin.php/blog/admin.php/c/index.html
INFO: [ app_init ] --START--
INFO: Run Behavior\BuildLiteBehavior [ RunTime:0.000000s ]
INFO: [ app_init ] --END-- [ RunTime:0.001000s ]
ERR: 无法加载模块:Blog

[ 2017-04-14T11:24:50+08:00 ] ::1 /blog/admin.php/blog/admin.php/c/index.html
INFO: [ app_init ] --START--
INFO: Run Behavior\BuildLiteBehavior [ RunTime:0.000000s ]
INFO: [ app_init ] --END-- [ RunTime:0.001000s ]
ERR: 无法加载模块:Blog

[ 2017-04-14T11:25:21+08:00 ] ::1 /blog/admin.php/blog/admin.php/c/index.html
INFO: [ app_init ] --START--
INFO: Run Behavior\BuildLiteBehavior [ RunTime:0.001000s ]
INFO: [ app_init ] --END-- [ RunTime:0.001000s ]
ERR: 无法加载模块:Blog

[ 2017-04-14T11:25:40+08:00 ] ::1 /blog/admin.php/blog/admin.php/c/index.html
INFO: [ app_init ] --START--
INFO: Run Behavior\BuildLiteBehavior [ RunTime:0.001001s ]
INFO: [ app_init ] --END-- [ RunTime:0.001001s ]
ERR: 无法加载模块:Blog

[ 2017-04-14T11:26:12+08:00 ] ::1 /blog/admin.php/blog/admin.php/c/index.html
INFO: [ app_init ] --START--
INFO: Run Behavior\BuildLiteBehavior [ RunTime:0.000000s ]
INFO: [ app_init ] --END-- [ RunTime:0.001001s ]
ERR: 无法加载模块:Blog

[ 2017-04-14T11:26:46+08:00 ] ::1 /blog/admin.php/blog/admin.php/c/index.html
INFO: [ app_init ] --START--
INFO: Run Behavior\BuildLiteBehavior [ RunTime:0.000000s ]
INFO: [ app_init ] --END-- [ RunTime:0.001000s ]
ERR: 无法加载模块:Blog

[ 2017-04-14T11:27:07+08:00 ] ::1 /blog/admin.php/blog/admin.php/c/index.html
INFO: [ app_init ] --START--
INFO: Run Behavior\BuildLiteBehavior [ RunTime:0.000000s ]
INFO: [ app_init ] --END-- [ RunTime:0.001000s ]
ERR: 无法加载模块:Blog

[ 2017-04-14T11:30:34+08:00 ] ::1 /blog/admin.php/blog/admin.php/c/index.html
INFO: [ app_init ] --START--
INFO: Run Behavior\BuildLiteBehavior [ RunTime:0.000000s ]
INFO: [ app_init ] --END-- [ RunTime:0.001000s ]
ERR: 无法加载模块:Blog

[ 2017-04-14T11:30:48+08:00 ] ::1 /blog/admin.php/blog/admin.php/c/index.html
INFO: [ app_init ] --START--
INFO: Run Behavior\BuildLiteBehavior [ RunTime:0.000000s ]
INFO: [ app_init ] --END-- [ RunTime:0.001000s ]
ERR: 无法加载模块:Blog

[ 2017-04-14T11:31:03+08:00 ] ::1 /blog/admin.php/blog/admin.php/c/index.html
INFO: [ app_init ] --START--
INFO: Run Behavior\BuildLiteBehavior [ RunTime:0.000000s ]
INFO: [ app_init ] --END-- [ RunTime:0.001000s ]
ERR: 无法加载模块:Blog

[ 2017-04-14T11:34:05+08:00 ] ::1 /blog/admin.php/blog/admin.php/c/index.html
INFO: [ app_init ] --START--
INFO: Run Behavior\BuildLiteBehavior [ RunTime:0.000000s ]
INFO: [ app_init ] --END-- [ RunTime:0.002000s ]
ERR: 无法加载模块:Blog

[ 2017-04-14T11:34:08+08:00 ] ::1 /blog/admin.php/blog/admin.php/c/index.html
INFO: [ app_init ] --START--
INFO: Run Behavior\BuildLiteBehavior [ RunTime:0.000000s ]
INFO: [ app_init ] --END-- [ RunTime:0.002000s ]
ERR: 无法加载模块:Blog

[ 2017-04-14T11:34:41+08:00 ] ::1 /blog/admin.php/blog/admin.php/c/index.html
INFO: [ app_init ] --START--
INFO: Run Behavior\BuildLiteBehavior [ RunTime:0.000000s ]
INFO: [ app_init ] --END-- [ RunTime:0.001000s ]
ERR: 无法加载模块:Blog

[ 2017-04-14T11:35:21+08:00 ] ::1 /blog/admin.php/blog/admin.php/c/index.html
INFO: [ app_init ] --START--
INFO: Run Behavior\BuildLiteBehavior [ RunTime:0.000000s ]
INFO: [ app_init ] --END-- [ RunTime:0.001000s ]
ERR: 无法加载模块:Blog

[ 2017-04-14T11:35:56+08:00 ] ::1 /blog/admin.php/blog/admin.php/c/index.html
INFO: [ app_init ] --START--
INFO: Run Behavior\BuildLiteBehavior [ RunTime:0.000000s ]
INFO: [ app_init ] --END-- [ RunTime:0.003000s ]
ERR: 无法加载模块:Blog

