[ 2017-06-26T15:55:31+08:00 ] ::1 /blog/admin.php
INFO: [ app_init ] --START--
INFO: Run Behavior\BuildLiteBehavior [ RunTime:0.000000s ]
INFO: [ app_init ] --END-- [ RunTime:0.001000s ]
INFO: [ app_begin ] --START--
INFO: Run Behavior\ReadHtmlCacheBehavior [ RunTime:0.001000s ]
INFO: [ app_begin ] --END-- [ RunTime:0.001000s ]
NOTIC: [8] Undefined index: p D:\wamp\www\blog\Application\Admin\Controller\AdminController.class.php 第 8 行.
NOTIC: [2048] Declaration of Common\Model\NoteModel::find() should be compatible with Think\Model::find($options = Array) D:\wamp\www\blog\Application\Common\Model\NoteModel.class.php 第 8 行.
SQL: SHOW COLUMNS FROM `blog_note` [ RunTime:0.0050s ]
SQL: SELECT * FROM `blog_note` ORDER BY note_id desc LIMIT 0,3   [ RunTime:0.0010s ]
NOTIC: [8] Undefined variable: page D:\wamp\www\blog\Application\Common\Model\NoteModel.class.php 第 40 行.
NOTIC: [8] Undefined variable: pageSize D:\wamp\www\blog\Application\Common\Model\NoteModel.class.php 第 40 行.
SQL: SELECT COUNT(*) AS tp_count FROM `blog_note` LIMIT 1   [ RunTime:0.0880s ]
INFO: [ view_parse ] --START--
INFO: [ template_filter ] --START--
INFO: Run Behavior\ContentReplaceBehavior [ RunTime:0.000000s ]
INFO: [ template_filter ] --END-- [ RunTime:0.000000s ]
INFO: Run Behavior\ParseTemplateBehavior [ RunTime:0.219013s ]
INFO: [ view_parse ] --END-- [ RunTime:0.219013s ]
INFO: [ view_filter ] --START--
INFO: Run Behavior\WriteHtmlCacheBehavior [ RunTime:0.000000s ]
INFO: [ view_filter ] --END-- [ RunTime:0.001000s ]
INFO: [ app_end ] --START--
INFO: Run Behavior\ShowPageTraceBehavior [ RunTime:0.001000s ]
INFO: [ app_end ] --END-- [ RunTime:0.001000s ]

[ 2017-06-26T15:55:34+08:00 ] ::1 /blog/admin.php?c=admin&a=add
INFO: [ app_init ] --START--
INFO: Run Behavior\BuildLiteBehavior [ RunTime:0.000000s ]
INFO: [ app_init ] --END-- [ RunTime:0.001000s ]
INFO: [ app_begin ] --START--
INFO: Run Behavior\ReadHtmlCacheBehavior [ RunTime:0.001000s ]
INFO: [ app_begin ] --END-- [ RunTime:0.001000s ]
INFO: [ view_parse ] --START--
INFO: [ template_filter ] --START--
INFO: Run Behavior\ContentReplaceBehavior [ RunTime:0.000000s ]
INFO: [ template_filter ] --END-- [ RunTime:0.000000s ]
INFO: Run Behavior\ParseTemplateBehavior [ RunTime:0.071004s ]
INFO: [ view_parse ] --END-- [ RunTime:0.071004s ]
INFO: [ view_filter ] --START--
INFO: Run Behavior\WriteHtmlCacheBehavior [ RunTime:0.000000s ]
INFO: [ view_filter ] --END-- [ RunTime:0.001000s ]
INFO: [ app_end ] --START--
INFO: Run Behavior\ShowPageTraceBehavior [ RunTime:0.001001s ]
INFO: [ app_end ] --END-- [ RunTime:0.001001s ]

[ 2017-06-26T15:57:16+08:00 ] 127.0.0.1 /blog/admin.php
INFO: [ app_init ] --START--
INFO: Run Behavior\BuildLiteBehavior [ RunTime:0.000000s ]
INFO: [ app_init ] --END-- [ RunTime:0.002000s ]
INFO: [ app_begin ] --START--
INFO: Run Behavior\ReadHtmlCacheBehavior [ RunTime:0.002000s ]
INFO: [ app_begin ] --END-- [ RunTime:0.002000s ]
NOTIC: [8] Undefined index: p D:\wamp\www\blog\Application\Admin\Controller\AdminController.class.php 第 8 行.
NOTIC: [2048] Declaration of Common\Model\NoteModel::find() should be compatible with Think\Model::find($options = Array) D:\wamp\www\blog\Application\Common\Model\NoteModel.class.php 第 8 行.
SQL: SHOW COLUMNS FROM `blog_note` [ RunTime:0.0060s ]
SQL: SELECT * FROM `blog_note` ORDER BY note_id desc LIMIT 0,3   [ RunTime:0.0010s ]
NOTIC: [8] Undefined variable: page D:\wamp\www\blog\Application\Common\Model\NoteModel.class.php 第 40 行.
NOTIC: [8] Undefined variable: pageSize D:\wamp\www\blog\Application\Common\Model\NoteModel.class.php 第 40 行.
SQL: SELECT COUNT(*) AS tp_count FROM `blog_note` LIMIT 1   [ RunTime:0.0010s ]
INFO: [ view_parse ] --START--
INFO: [ template_filter ] --START--
INFO: Run Behavior\ContentReplaceBehavior [ RunTime:0.000000s ]
INFO: [ template_filter ] --END-- [ RunTime:0.001000s ]
INFO: Run Behavior\ParseTemplateBehavior [ RunTime:0.026002s ]
INFO: [ view_parse ] --END-- [ RunTime:0.027002s ]
INFO: [ view_filter ] --START--
INFO: Run Behavior\WriteHtmlCacheBehavior [ RunTime:0.000000s ]
INFO: [ view_filter ] --END-- [ RunTime:0.001000s ]
INFO: [ app_end ] --START--
INFO: Run Behavior\ShowPageTraceBehavior [ RunTime:0.001000s ]
INFO: [ app_end ] --END-- [ RunTime:0.001000s ]

[ 2017-06-26T15:57:19+08:00 ] 127.0.0.1 /blog/admin.php?c=admin&a=add
INFO: [ app_init ] --START--
INFO: Run Behavior\BuildLiteBehavior [ RunTime:0.000000s ]
INFO: [ app_init ] --END-- [ RunTime:0.002000s ]
INFO: [ app_begin ] --START--
INFO: Run Behavior\ReadHtmlCacheBehavior [ RunTime:0.001000s ]
INFO: [ app_begin ] --END-- [ RunTime:0.001000s ]
INFO: [ view_parse ] --START--
INFO: [ template_filter ] --START--
INFO: Run Behavior\ContentReplaceBehavior [ RunTime:0.000000s ]
INFO: [ template_filter ] --END-- [ RunTime:0.001000s ]
INFO: Run Behavior\ParseTemplateBehavior [ RunTime:0.013001s ]
INFO: [ view_parse ] --END-- [ RunTime:0.013001s ]
INFO: [ view_filter ] --START--
INFO: Run Behavior\WriteHtmlCacheBehavior [ RunTime:0.001000s ]
INFO: [ view_filter ] --END-- [ RunTime:0.001000s ]
INFO: [ app_end ] --START--
INFO: Run Behavior\ShowPageTraceBehavior [ RunTime:0.001000s ]
INFO: [ app_end ] --END-- [ RunTime:0.002000s ]

[ 2017-06-26T15:57:54+08:00 ] 127.0.0.1 /blog/admin.php?c=image&a=ajaxuploadimage
INFO: [ app_init ] --START--
INFO: Run Behavior\BuildLiteBehavior [ RunTime:0.001000s ]
INFO: [ app_init ] --END-- [ RunTime:0.002000s ]
INFO: [ app_begin ] --START--
INFO: Run Behavior\ReadHtmlCacheBehavior [ RunTime:0.002000s ]
INFO: [ app_begin ] --END-- [ RunTime:0.002000s ]
NOTIC: [8] Use of undefined constant Y - assumed 'Y' D:\wamp\www\blog\Application\Common\Model\UploadImageModel.class.php 第 19 行.
NOTIC: [8] Use of undefined constant m - assumed 'm' D:\wamp\www\blog\Application\Common\Model\UploadImageModel.class.php 第 19 行.
NOTIC: [8] Use of undefined constant d - assumed 'd' D:\wamp\www\blog\Application\Common\Model\UploadImageModel.class.php 第 19 行.
NOTIC: [2] call_user_func() expects parameter 1 to be a valid callback, no array or string given D:\wamp\www\blog\ThinkPHP\Library\Think\Upload.class.php 第 170 行.

[ 2017-06-26T15:59:23+08:00 ] 127.0.0.1 /blog/admin.php?c=content&a=add
INFO: [ app_init ] --START--
INFO: Run Behavior\BuildLiteBehavior [ RunTime:0.000000s ]
INFO: [ app_init ] --END-- [ RunTime:0.001000s ]
INFO: [ app_begin ] --START--
INFO: Run Behavior\ReadHtmlCacheBehavior [ RunTime:0.001000s ]
INFO: [ app_begin ] --END-- [ RunTime:0.002001s ]
NOTIC: [8] Undefined index: note_id D:\wamp\www\blog\Application\Admin\Controller\ContentController.class.php 第 51 行.
NOTIC: [2048] Declaration of Common\Model\NoteModel::find() should be compatible with Think\Model::find($options = Array) D:\wamp\www\blog\Application\Common\Model\NoteModel.class.php 第 8 行.
SQL: SHOW COLUMNS FROM `blog_note` [ RunTime:0.0040s ]
SQL: INSERT INTO `blog_note` (`title`,`author`,`tag`,`thumb`,`description`,`date`) VALUES ('这里写文章列表页','邹淑英','php','/blog/upload/2017/06/26/5950be826df66.jpg','文章列表展示，从数据库取文章信息来填充div','2017-06-26 15:59') [ RunTime:0.1450s ]
NOTIC: [2048] Declaration of Common\Model\NoteContentModel::find() should be compatible with Think\Model::find($options = Array) D:\wamp\www\blog\Application\Common\Model\NoteContentModel.class.php 第 44 行.
SQL: SHOW COLUMNS FROM `blog_note_content` [ RunTime:0.1950s ]
SQL: INSERT INTO `blog_note_content` (`content`,`note_id`,`content_id`) VALUES ('
    					&lt;div style=&quot;background-color:#f1f1f1; border:1px solid #ccc;&quot; class=&quot;w-e-toolbar&quot;&gt;&lt;div class=&quot;w-e-menu&quot;&gt;&lt;i class=&quot;w-e-icon-header&quot;&gt;&lt;i&gt;&lt;/i&gt;&lt;/i&gt;&lt;/div&gt;&lt;div class=&quot;w-e-menu w-e-active&quot;&gt;
            &lt;i class=&quot;w-e-icon-bold&quot;&gt;&lt;i&gt;
        &lt;/i&gt;&lt;/i&gt;&lt;/div&gt;&lt;div class=&quot;w-e-menu&quot;&gt;
            &lt;i class=&quot;w-e-icon-italic&quot;&gt;&lt;i&gt;
        &lt;/i&gt;&lt;/i&gt;&lt;/div&gt;&lt;div class=&quot;w-e-menu&quot;&gt;
            &lt;i class=&quot;w-e-icon-underline&quot;&gt;&lt;i&gt;
        &lt;/i&gt;&lt;/i&gt;&lt;/div&gt;&lt;div class=&quot;w-e-menu&quot;&gt;
            &lt;i class=&quot;w-e-icon-strikethrough&quot;&gt;&lt;i&gt;
        &lt;/i&gt;&lt;/i&gt;&lt;/div&gt;&lt;div class=&quot;w-e-menu&quot;&gt;&lt;i class=&quot;w-e-icon-pencil2&quot;&gt;&lt;i&gt;&lt;/i&gt;&lt;/i&gt;&lt;div class=&quot;w-e-droplist&quot; style=&quot;margin-top:30px; width:120px; display:none;&quot;&gt;&lt;p class=&quot;w-e-dp-title&quot;&gt;文字颜色&lt;/p&gt;&lt;ul class=&quot;w-e-block&quot;&gt;&lt;li class=&quot;w-e-item&quot;&gt;&lt;i style=&quot;color:#000000;&quot; class=&quot;w-e-icon-pencil2&quot;&gt;&lt;/i&gt;&lt;/li&gt;&lt;li class=&quot;w-e-item&quot;&gt;&lt;i style=&quot;color:#eeece0;&quot; class=&quot;w-e-icon-pencil2&quot;&gt;&lt;/i&gt;&lt;/li&gt;&lt;li class=&quot;w-e-item&quot;&gt;&lt;i style=&quot;color:#1c487f;&quot; class=&quot;w-e-icon-pencil2&quot;&gt;&lt;/i&gt;&lt;/li&gt;&lt;li class=&quot;w-e-item&quot;&gt;&lt;i style=&quot;color:#4d80bf;&quot; class=&quot;w-e-icon-pencil2&quot;&gt;&lt;/i&gt;&lt;/li&gt;&lt;li class=&quot;w-e-item&quot;&gt;&lt;i style=&quot;color:#c24f4a;&quot; class=&quot;w-e-icon-pencil2&quot;&gt;&lt;/i&gt;&lt;/li&gt;&lt;li class=&quot;w-e-item&quot;&gt;&lt;i style=&quot;color:#8baa4a;&quot; class=&quot;w-e-icon-pencil2&quot;&gt;&lt;/i&gt;&lt;/li&gt;&lt;li class=&quot;w-e-item&quot;&gt;&lt;i style=&quot;color:#7b5ba1;&quot; class=&quot;w-e-icon-pencil2&quot;&gt;&lt;/i&gt;&lt;/li&gt;&lt;li class=&quot;w-e-item&quot;&gt;&lt;i style=&quot;color:#46acc8;&quot; class=&quot;w-e-icon-pencil2&quot;&gt;&lt;/i&gt;&lt;/li&gt;&lt;li class=&quot;w-e-item&quot;&gt;&lt;i style=&quot;color:#f9963b;&quot; class=&quot;w-e-icon-pencil2&quot;&gt;&lt;/i&gt;&lt;/li&gt;&lt;li class=&quot;w-e-item&quot;&gt;&lt;i style=&quot;color:#ffffff;&quot; class=&quot;w-e-icon-pencil2&quot;&gt;&lt;/i&gt;&lt;/li&gt;&lt;/ul&gt;&lt;/div&gt;&lt;/div&gt;&lt;div class=&quot;w-e-menu&quot;&gt;&lt;i class=&quot;w-e-icon-paint-brush&quot;&gt;&lt;i&gt;&lt;/i&gt;&lt;/i&gt;&lt;div class=&quot;w-e-droplist&quot; style=&quot;margin-top:30px; width:120px; display:none;&quot;&gt;&lt;p class=&quot;w-e-dp-title&quot;&gt;背景色&lt;/p&gt;&lt;ul class=&quot;w-e-block&quot;&gt;&lt;li class=&quot;w-e-item&quot;&gt;&lt;i style=&quot;color:#000000;&quot; class=&quot;w-e-icon-paint-brush&quot;&gt;&lt;/i&gt;&lt;/li&gt;&lt;li class=&quot;w-e-item&quot;&gt;&lt;i style=&quot;color:#eeece0;&quot; class=&quot;w-e-icon-paint-brush&quot;&gt;&lt;/i&gt;&lt;/li&gt;&lt;li class=&quot;w-e-item&quot;&gt;&lt;i style=&quot;color:#1c487f;&quot; class=&quot;w-e-icon-paint-brush&quot;&gt;&lt;/i&gt;&lt;/li&gt;&lt;li class=&quot;w-e-item&quot;&gt;&lt;i style=&quot;color:#4d80bf;&quot; class=&quot;w-e-icon-paint-brush&quot;&gt;&lt;/i&gt;&lt;/li&gt;&lt;li class=&quot;w-e-item&quot;&gt;&lt;i style=&quot;color:#c24f4a;&quot; class=&quot;w-e-icon-paint-brush&quot;&gt;&lt;/i&gt;&lt;/li&gt;&lt;li class=&quot;w-e-item&quot;&gt;&lt;i style=&quot;color:#8baa4a;&quot; class=&quot;w-e-icon-paint-brush&quot;&gt;&lt;/i&gt;&lt;/li&gt;&lt;li class=&quot;w-e-item&quot;&gt;&lt;i style=&quot;color:#7b5ba1;&quot; class=&quot;w-e-icon-paint-brush&quot;&gt;&lt;/i&gt;&lt;/li&gt;&lt;li class=&quot;w-e-item&quot;&gt;&lt;i style=&quot;color:#46acc8;&quot; class=&quot;w-e-icon-paint-brush&quot;&gt;&lt;/i&gt;&lt;/li&gt;&lt;li class=&quot;w-e-item&quot;&gt;&lt;i style=&quot;color:#f9963b;&quot; class=&quot;w-e-icon-paint-brush&quot;&gt;&lt;/i&gt;&lt;/li&gt;&lt;li class=&quot;w-e-item&quot;&gt;&lt;i style=&quot;color:#ffffff;&quot; class=&quot;w-e-icon-paint-brush&quot;&gt;&lt;/i&gt;&lt;/li&gt;&lt;/ul&gt;&lt;/div&gt;&lt;/div&gt;&lt;div class=&quot;w-e-menu&quot;&gt;&lt;i class=&quot;w-e-icon-link&quot;&gt;&lt;i&gt;&lt;/i&gt;&lt;/i&gt;&lt;/div&gt;&lt;div class=&quot;w-e-menu&quot;&gt;&lt;i class=&quot;w-e-icon-list2&quot;&gt;&lt;i&gt;&lt;/i&gt;&lt;/i&gt;&lt;div class=&quot;w-e-droplist&quot; style=&quot;margin-top:30px; width:120px; display:none;&quot;&gt;&lt;p class=&quot;w-e-dp-title&quot;&gt;设置列表&lt;/p&gt;&lt;ul class=&quot;w-e-list&quot;&gt;&lt;li class=&quot;w-e-item&quot;&gt;&lt;span&gt;&lt;i class=&quot;w-e-icon-list-numbered&quot;&gt;&lt;/i&gt; 有序列表&lt;/span&gt;&lt;/li&gt;&lt;li class=&quot;w-e-item&quot;&gt;&lt;span&gt;&lt;i class=&quot;w-e-icon-list2&quot;&gt;&lt;/i&gt; 无序列表&lt;/span&gt;&lt;/li&gt;&lt;/ul&gt;&lt;/div&gt;&lt;/div&gt;&lt;div class=&quot;w-e-menu&quot;&gt;&lt;i class=&quot;w-e-icon-paragraph-left&quot;&gt;&lt;i&gt;&lt;/i&gt;&lt;/i&gt;&lt;/div&gt;&lt;div class=&quot;w-e-menu&quot;&gt;
            &lt;i class=&quot;w-e-icon-quotes-left&quot;&gt;&lt;i&gt;
        &lt;/i&gt;&lt;/i&gt;&lt;/div&gt;&lt;div class=&quot;w-e-menu&quot;&gt;
            &lt;i class=&quot;w-e-icon-happy&quot;&gt;&lt;i&gt;
        &lt;/i&gt;&lt;/i&gt;&lt;/div&gt;&lt;div class=&quot;w-e-menu&quot;&gt;&lt;i class=&quot;w-e-icon-image&quot;&gt;&lt;i&gt;&lt;/i&gt;&lt;/i&gt;&lt;/div&gt;&lt;div class=&quot;w-e-menu&quot;&gt;&lt;i class=&quot;w-e-icon-table2&quot;&gt;&lt;i&gt;&lt;/i&gt;&lt;/i&gt;&lt;/div&gt;&lt;div class=&quot;w-e-menu&quot;&gt;&lt;i class=&quot;w-e-icon-play&quot;&gt;&lt;i&gt;&lt;/i&gt;&lt;/i&gt;&lt;/div&gt;&lt;div class=&quot;w-e-menu&quot;&gt;
            &lt;i class=&quot;w-e-icon-terminal&quot;&gt;&lt;i&gt;
        &lt;/i&gt;&lt;/i&gt;&lt;/div&gt;&lt;div class=&quot;w-e-menu&quot;&gt;
            &lt;i class=&quot;w-e-icon-undo&quot;&gt;&lt;i&gt;
        &lt;/i&gt;&lt;/i&gt;&lt;/div&gt;&lt;div class=&quot;w-e-menu&quot;&gt;
            &lt;i class=&quot;w-e-icon-redo&quot;&gt;&lt;i&gt;
        &lt;/i&gt;&lt;/i&gt;&lt;/div&gt;&lt;/div&gt;&lt;div style=&quot;border:1px solid #ccc; border-top:none; height:300px; z-index:10000;&quot; class=&quot;w-e-text-container&quot;&gt;&lt;div style=&quot;width:100%; height:100%;&quot; class=&quot;w-e-text&quot; contenteditable=&quot;true&quot;&gt;&lt;p&gt;&lt;span style=&quot;background-color: rgb(249, 150, 59);&quot;&gt;&lt;strong&gt;文章列表展示，从数据库取文章信息来填&amp;nbsp;&amp;nbsp;&amp;nbsp; 充d&lt;span&gt;😊&lt;/span&gt;iv&lt;span&gt;😍&lt;span&gt;😂&lt;/span&gt;&lt;/span&gt;​&lt;/strong&gt;&lt;/span&gt;&lt;/p&gt;&lt;/div&gt;&lt;/div&gt;','115','115') [ RunTime:0.0340s ]
NOTIC: [2] Missing argument 3 for show(), called in D:\wamp\www\blog\Application\Admin\Controller\ContentController.class.php on line 65 and defined D:\wamp\www\blog\Application\Common\Common\function.php 第 3 行.
NOTIC: [8] Undefined variable: data D:\wamp\www\blog\Application\Common\Common\function.php 第 8 行.

[ 2017-06-26T15:59:24+08:00 ] 127.0.0.1 /blog/admin.php?c=admin
INFO: [ app_init ] --START--
INFO: Run Behavior\BuildLiteBehavior [ RunTime:0.000000s ]
INFO: [ app_init ] --END-- [ RunTime:0.001000s ]
INFO: [ app_begin ] --START--
INFO: Run Behavior\ReadHtmlCacheBehavior [ RunTime:0.002000s ]
INFO: [ app_begin ] --END-- [ RunTime:0.002000s ]
NOTIC: [8] Undefined index: p D:\wamp\www\blog\Application\Admin\Controller\AdminController.class.php 第 8 行.
NOTIC: [2048] Declaration of Common\Model\NoteModel::find() should be compatible with Think\Model::find($options = Array) D:\wamp\www\blog\Application\Common\Model\NoteModel.class.php 第 8 行.
SQL: SHOW COLUMNS FROM `blog_note` [ RunTime:0.0040s ]
SQL: SELECT * FROM `blog_note` ORDER BY note_id desc LIMIT 0,3   [ RunTime:0.0000s ]
NOTIC: [8] Undefined variable: page D:\wamp\www\blog\Application\Common\Model\NoteModel.class.php 第 40 行.
NOTIC: [8] Undefined variable: pageSize D:\wamp\www\blog\Application\Common\Model\NoteModel.class.php 第 40 行.
SQL: SELECT COUNT(*) AS tp_count FROM `blog_note` LIMIT 1   [ RunTime:0.0010s ]
INFO: [ view_parse ] --START--
INFO: [ template_filter ] --START--
INFO: Run Behavior\ContentReplaceBehavior [ RunTime:0.000000s ]
INFO: [ template_filter ] --END-- [ RunTime:0.000000s ]
INFO: Run Behavior\ParseTemplateBehavior [ RunTime:0.028001s ]
INFO: [ view_parse ] --END-- [ RunTime:0.028001s ]
INFO: [ view_filter ] --START--
INFO: Run Behavior\WriteHtmlCacheBehavior [ RunTime:0.001000s ]
INFO: [ view_filter ] --END-- [ RunTime:0.001000s ]
INFO: [ app_end ] --START--
INFO: Run Behavior\ShowPageTraceBehavior [ RunTime:0.001000s ]
INFO: [ app_end ] --END-- [ RunTime:0.001000s ]

[ 2017-06-26T15:59:26+08:00 ] 127.0.0.1 /blog/admin.php?c=admin&a=add
INFO: [ app_init ] --START--
INFO: Run Behavior\BuildLiteBehavior [ RunTime:0.000000s ]
INFO: [ app_init ] --END-- [ RunTime:0.001000s ]
INFO: [ app_begin ] --START--
INFO: Run Behavior\ReadHtmlCacheBehavior [ RunTime:0.002000s ]
INFO: [ app_begin ] --END-- [ RunTime:0.002000s ]
INFO: [ view_parse ] --START--
INFO: [ template_filter ] --START--
INFO: Run Behavior\ContentReplaceBehavior [ RunTime:0.000000s ]
INFO: [ template_filter ] --END-- [ RunTime:0.001000s ]
INFO: Run Behavior\ParseTemplateBehavior [ RunTime:0.013001s ]
INFO: [ view_parse ] --END-- [ RunTime:0.013001s ]
INFO: [ view_filter ] --START--
INFO: Run Behavior\WriteHtmlCacheBehavior [ RunTime:0.001000s ]
INFO: [ view_filter ] --END-- [ RunTime:0.001000s ]
INFO: [ app_end ] --START--
INFO: Run Behavior\ShowPageTraceBehavior [ RunTime:0.001000s ]
INFO: [ app_end ] --END-- [ RunTime:0.001000s ]

[ 2017-06-26T15:59:46+08:00 ] 127.0.0.1 /blog/admin.php?c=image&a=ajaxuploadimage
INFO: [ app_init ] --START--
INFO: Run Behavior\BuildLiteBehavior [ RunTime:0.000000s ]
INFO: [ app_init ] --END-- [ RunTime:0.001000s ]
INFO: [ app_begin ] --START--
INFO: Run Behavior\ReadHtmlCacheBehavior [ RunTime:0.001000s ]
INFO: [ app_begin ] --END-- [ RunTime:0.002001s ]
NOTIC: [8] Use of undefined constant Y - assumed 'Y' D:\wamp\www\blog\Application\Common\Model\UploadImageModel.class.php 第 19 行.
NOTIC: [8] Use of undefined constant m - assumed 'm' D:\wamp\www\blog\Application\Common\Model\UploadImageModel.class.php 第 19 行.
NOTIC: [8] Use of undefined constant d - assumed 'd' D:\wamp\www\blog\Application\Common\Model\UploadImageModel.class.php 第 19 行.
NOTIC: [2] call_user_func() expects parameter 1 to be a valid callback, no array or string given D:\wamp\www\blog\ThinkPHP\Library\Think\Upload.class.php 第 170 行.

[ 2017-06-26T15:59:52+08:00 ] 127.0.0.1 /blog/admin.php?c=content&a=add
INFO: [ app_init ] --START--
INFO: Run Behavior\BuildLiteBehavior [ RunTime:0.000000s ]
INFO: [ app_init ] --END-- [ RunTime:0.001000s ]
INFO: [ app_begin ] --START--
INFO: Run Behavior\ReadHtmlCacheBehavior [ RunTime:0.002000s ]
INFO: [ app_begin ] --END-- [ RunTime:0.002000s ]
NOTIC: [8] Undefined index: note_id D:\wamp\www\blog\Application\Admin\Controller\ContentController.class.php 第 51 行.
NOTIC: [2048] Declaration of Common\Model\NoteModel::find() should be compatible with Think\Model::find($options = Array) D:\wamp\www\blog\Application\Common\Model\NoteModel.class.php 第 8 行.
SQL: SHOW COLUMNS FROM `blog_note` [ RunTime:0.0040s ]
SQL: INSERT INTO `blog_note` (`title`,`author`,`tag`,`thumb`,`description`,`date`) VALUES ('文章雷彪','文章雷彪','文章雷彪','/blog/upload/2017/06/26/5950bef289e52.jpg','文章雷彪','2017-06-26 15:59') [ RunTime:0.0020s ]
NOTIC: [2048] Declaration of Common\Model\NoteContentModel::find() should be compatible with Think\Model::find($options = Array) D:\wamp\www\blog\Application\Common\Model\NoteContentModel.class.php 第 44 行.
SQL: SHOW COLUMNS FROM `blog_note_content` [ RunTime:0.0030s ]
SQL: INSERT INTO `blog_note_content` (`content`,`note_id`,`content_id`) VALUES ('
    					&lt;div style=&quot;background-color:#f1f1f1; border:1px solid #ccc;&quot; class=&quot;w-e-toolbar&quot;&gt;&lt;div class=&quot;w-e-menu&quot;&gt;&lt;i class=&quot;w-e-icon-header&quot;&gt;&lt;i&gt;&lt;/i&gt;&lt;/i&gt;&lt;/div&gt;&lt;div class=&quot;w-e-menu&quot;&gt;
            &lt;i class=&quot;w-e-icon-bold&quot;&gt;&lt;i&gt;
        &lt;/i&gt;&lt;/i&gt;&lt;/div&gt;&lt;div class=&quot;w-e-menu&quot;&gt;
            &lt;i class=&quot;w-e-icon-italic&quot;&gt;&lt;i&gt;
        &lt;/i&gt;&lt;/i&gt;&lt;/div&gt;&lt;div class=&quot;w-e-menu&quot;&gt;
            &lt;i class=&quot;w-e-icon-underline&quot;&gt;&lt;i&gt;
        &lt;/i&gt;&lt;/i&gt;&lt;/div&gt;&lt;div class=&quot;w-e-menu&quot;&gt;
            &lt;i class=&quot;w-e-icon-strikethrough&quot;&gt;&lt;i&gt;
        &lt;/i&gt;&lt;/i&gt;&lt;/div&gt;&lt;div class=&quot;w-e-menu&quot;&gt;&lt;i class=&quot;w-e-icon-pencil2&quot;&gt;&lt;i&gt;&lt;/i&gt;&lt;/i&gt;&lt;/div&gt;&lt;div class=&quot;w-e-menu&quot;&gt;&lt;i class=&quot;w-e-icon-paint-brush&quot;&gt;&lt;i&gt;&lt;/i&gt;&lt;/i&gt;&lt;/div&gt;&lt;div class=&quot;w-e-menu&quot;&gt;&lt;i class=&quot;w-e-icon-link&quot;&gt;&lt;i&gt;&lt;/i&gt;&lt;/i&gt;&lt;/div&gt;&lt;div class=&quot;w-e-menu&quot;&gt;&lt;i class=&quot;w-e-icon-list2&quot;&gt;&lt;i&gt;&lt;/i&gt;&lt;/i&gt;&lt;/div&gt;&lt;div class=&quot;w-e-menu&quot;&gt;&lt;i class=&quot;w-e-icon-paragraph-left&quot;&gt;&lt;i&gt;&lt;/i&gt;&lt;/i&gt;&lt;/div&gt;&lt;div class=&quot;w-e-menu&quot;&gt;
            &lt;i class=&quot;w-e-icon-quotes-left&quot;&gt;&lt;i&gt;
        &lt;/i&gt;&lt;/i&gt;&lt;/div&gt;&lt;div class=&quot;w-e-menu&quot;&gt;
            &lt;i class=&quot;w-e-icon-happy&quot;&gt;&lt;i&gt;
        &lt;/i&gt;&lt;/i&gt;&lt;/div&gt;&lt;div class=&quot;w-e-menu&quot;&gt;&lt;i class=&quot;w-e-icon-image&quot;&gt;&lt;i&gt;&lt;/i&gt;&lt;/i&gt;&lt;/div&gt;&lt;div class=&quot;w-e-menu&quot;&gt;&lt;i class=&quot;w-e-icon-table2&quot;&gt;&lt;i&gt;&lt;/i&gt;&lt;/i&gt;&lt;/div&gt;&lt;div class=&quot;w-e-menu&quot;&gt;&lt;i class=&quot;w-e-icon-play&quot;&gt;&lt;i&gt;&lt;/i&gt;&lt;/i&gt;&lt;/div&gt;&lt;div class=&quot;w-e-menu&quot;&gt;
            &lt;i class=&quot;w-e-icon-terminal&quot;&gt;&lt;i&gt;
        &lt;/i&gt;&lt;/i&gt;&lt;/div&gt;&lt;div class=&quot;w-e-menu&quot;&gt;
            &lt;i class=&quot;w-e-icon-undo&quot;&gt;&lt;i&gt;
        &lt;/i&gt;&lt;/i&gt;&lt;/div&gt;&lt;div class=&quot;w-e-menu&quot;&gt;
            &lt;i class=&quot;w-e-icon-redo&quot;&gt;&lt;i&gt;
        &lt;/i&gt;&lt;/i&gt;&lt;/div&gt;&lt;/div&gt;&lt;div style=&quot;border:1px solid #ccc; border-top:none; height:300px; z-index:10000;&quot; class=&quot;w-e-text-container&quot;&gt;&lt;div style=&quot;width:100%; height:100%;&quot; class=&quot;w-e-text&quot; contenteditable=&quot;true&quot;&gt;&lt;p&gt;文章雷彪&lt;/p&gt;&lt;p&gt;文章雷彪&lt;/p&gt;&lt;p&gt;文章雷彪&lt;/p&gt;&lt;p&gt;文章雷彪&lt;/p&gt;&lt;p&gt;文章雷彪&lt;/p&gt;&lt;p&gt;文章雷彪&lt;/p&gt;&lt;/div&gt;&lt;/div&gt;','116','116') [ RunTime:0.0150s ]
NOTIC: [2] Missing argument 3 for show(), called in D:\wamp\www\blog\Application\Admin\Controller\ContentController.class.php on line 65 and defined D:\wamp\www\blog\Application\Common\Common\function.php 第 3 行.
NOTIC: [8] Undefined variable: data D:\wamp\www\blog\Application\Common\Common\function.php 第 8 行.

[ 2017-06-26T15:59:53+08:00 ] 127.0.0.1 /blog/admin.php?c=admin
INFO: [ app_init ] --START--
INFO: Run Behavior\BuildLiteBehavior [ RunTime:0.000000s ]
INFO: [ app_init ] --END-- [ RunTime:0.001000s ]
INFO: [ app_begin ] --START--
INFO: Run Behavior\ReadHtmlCacheBehavior [ RunTime:0.000000s ]
INFO: [ app_begin ] --END-- [ RunTime:0.001000s ]
NOTIC: [8] Undefined index: p D:\wamp\www\blog\Application\Admin\Controller\AdminController.class.php 第 8 行.
NOTIC: [2048] Declaration of Common\Model\NoteModel::find() should be compatible with Think\Model::find($options = Array) D:\wamp\www\blog\Application\Common\Model\NoteModel.class.php 第 8 行.
SQL: SHOW COLUMNS FROM `blog_note` [ RunTime:0.0080s ]
SQL: SELECT * FROM `blog_note` ORDER BY note_id desc LIMIT 0,3   [ RunTime:0.0020s ]
NOTIC: [8] Undefined variable: page D:\wamp\www\blog\Application\Common\Model\NoteModel.class.php 第 40 行.
NOTIC: [8] Undefined variable: pageSize D:\wamp\www\blog\Application\Common\Model\NoteModel.class.php 第 40 行.
SQL: SELECT COUNT(*) AS tp_count FROM `blog_note` LIMIT 1   [ RunTime:0.0010s ]
INFO: [ view_parse ] --START--
INFO: [ template_filter ] --START--
INFO: Run Behavior\ContentReplaceBehavior [ RunTime:0.000000s ]
INFO: [ template_filter ] --END-- [ RunTime:0.000000s ]
INFO: Run Behavior\ParseTemplateBehavior [ RunTime:0.027001s ]
INFO: [ view_parse ] --END-- [ RunTime:0.028001s ]
INFO: [ view_filter ] --START--
INFO: Run Behavior\WriteHtmlCacheBehavior [ RunTime:0.001001s ]
INFO: [ view_filter ] --END-- [ RunTime:0.001001s ]
INFO: [ app_end ] --START--
INFO: Run Behavior\ShowPageTraceBehavior [ RunTime:0.001000s ]
INFO: [ app_end ] --END-- [ RunTime:0.002000s ]

[ 2017-06-26T15:59:54+08:00 ] 127.0.0.1 /blog/admin.php?c=admin&a=add
INFO: [ app_init ] --START--
INFO: Run Behavior\BuildLiteBehavior [ RunTime:0.000000s ]
INFO: [ app_init ] --END-- [ RunTime:0.001001s ]
INFO: [ app_begin ] --START--
INFO: Run Behavior\ReadHtmlCacheBehavior [ RunTime:0.001000s ]
INFO: [ app_begin ] --END-- [ RunTime:0.001000s ]
INFO: [ view_parse ] --START--
INFO: [ template_filter ] --START--
INFO: Run Behavior\ContentReplaceBehavior [ RunTime:0.000000s ]
INFO: [ template_filter ] --END-- [ RunTime:0.000000s ]
INFO: Run Behavior\ParseTemplateBehavior [ RunTime:0.012000s ]
INFO: [ view_parse ] --END-- [ RunTime:0.012000s ]
INFO: [ view_filter ] --START--
INFO: Run Behavior\WriteHtmlCacheBehavior [ RunTime:0.001001s ]
INFO: [ view_filter ] --END-- [ RunTime:0.001001s ]
INFO: [ app_end ] --START--
INFO: Run Behavior\ShowPageTraceBehavior [ RunTime:0.001000s ]
INFO: [ app_end ] --END-- [ RunTime:0.001000s ]

[ 2017-06-26T16:00:05+08:00 ] 127.0.0.1 /blog/admin.php?c=image&a=ajaxuploadimage
INFO: [ app_init ] --START--
INFO: Run Behavior\BuildLiteBehavior [ RunTime:0.000000s ]
INFO: [ app_init ] --END-- [ RunTime:0.001000s ]
INFO: [ app_begin ] --START--
INFO: Run Behavior\ReadHtmlCacheBehavior [ RunTime:0.001000s ]
INFO: [ app_begin ] --END-- [ RunTime:0.001000s ]
NOTIC: [8] Use of undefined constant Y - assumed 'Y' D:\wamp\www\blog\Application\Common\Model\UploadImageModel.class.php 第 19 行.
NOTIC: [8] Use of undefined constant m - assumed 'm' D:\wamp\www\blog\Application\Common\Model\UploadImageModel.class.php 第 19 行.
NOTIC: [8] Use of undefined constant d - assumed 'd' D:\wamp\www\blog\Application\Common\Model\UploadImageModel.class.php 第 19 行.
NOTIC: [2] call_user_func() expects parameter 1 to be a valid callback, no array or string given D:\wamp\www\blog\ThinkPHP\Library\Think\Upload.class.php 第 170 行.

[ 2017-06-26T16:00:12+08:00 ] 127.0.0.1 /blog/admin.php?c=content&a=add
INFO: [ app_init ] --START--
INFO: Run Behavior\BuildLiteBehavior [ RunTime:0.000000s ]
INFO: [ app_init ] --END-- [ RunTime:0.001000s ]
INFO: [ app_begin ] --START--
INFO: Run Behavior\ReadHtmlCacheBehavior [ RunTime:0.001000s ]
INFO: [ app_begin ] --END-- [ RunTime:0.001000s ]
NOTIC: [8] Undefined index: note_id D:\wamp\www\blog\Application\Admin\Controller\ContentController.class.php 第 51 行.
NOTIC: [2048] Declaration of Common\Model\NoteModel::find() should be compatible with Think\Model::find($options = Array) D:\wamp\www\blog\Application\Common\Model\NoteModel.class.php 第 8 行.
SQL: SHOW COLUMNS FROM `blog_note` [ RunTime:0.0040s ]
SQL: INSERT INTO `blog_note` (`title`,`author`,`tag`,`thumb`,`description`,`date`) VALUES ('文章雷彪','文章雷彪文章雷彪文章雷彪','文章雷彪文章雷彪文章雷彪文章雷彪','/blog/upload/2017/06/26/5950bf05abda9.jpg','文章雷彪文章雷彪文章雷彪文章雷彪文章雷彪文章雷彪文章雷彪','2017-06-26 16:00') [ RunTime:0.0090s ]
NOTIC: [2048] Declaration of Common\Model\NoteContentModel::find() should be compatible with Think\Model::find($options = Array) D:\wamp\www\blog\Application\Common\Model\NoteContentModel.class.php 第 44 行.
SQL: SHOW COLUMNS FROM `blog_note_content` [ RunTime:0.0030s ]
SQL: INSERT INTO `blog_note_content` (`content`,`note_id`,`content_id`) VALUES ('
    					&lt;div style=&quot;background-color:#f1f1f1; border:1px solid #ccc;&quot; class=&quot;w-e-toolbar&quot;&gt;&lt;div class=&quot;w-e-menu&quot;&gt;&lt;i class=&quot;w-e-icon-header&quot;&gt;&lt;i&gt;&lt;/i&gt;&lt;/i&gt;&lt;/div&gt;&lt;div class=&quot;w-e-menu&quot;&gt;
            &lt;i class=&quot;w-e-icon-bold&quot;&gt;&lt;i&gt;
        &lt;/i&gt;&lt;/i&gt;&lt;/div&gt;&lt;div class=&quot;w-e-menu&quot;&gt;
            &lt;i class=&quot;w-e-icon-italic&quot;&gt;&lt;i&gt;
        &lt;/i&gt;&lt;/i&gt;&lt;/div&gt;&lt;div class=&quot;w-e-menu&quot;&gt;
            &lt;i class=&quot;w-e-icon-underline&quot;&gt;&lt;i&gt;
        &lt;/i&gt;&lt;/i&gt;&lt;/div&gt;&lt;div class=&quot;w-e-menu&quot;&gt;
            &lt;i class=&quot;w-e-icon-strikethrough&quot;&gt;&lt;i&gt;
        &lt;/i&gt;&lt;/i&gt;&lt;/div&gt;&lt;div class=&quot;w-e-menu&quot;&gt;&lt;i class=&quot;w-e-icon-pencil2&quot;&gt;&lt;i&gt;&lt;/i&gt;&lt;/i&gt;&lt;/div&gt;&lt;div class=&quot;w-e-menu&quot;&gt;&lt;i class=&quot;w-e-icon-paint-brush&quot;&gt;&lt;i&gt;&lt;/i&gt;&lt;/i&gt;&lt;/div&gt;&lt;div class=&quot;w-e-menu&quot;&gt;&lt;i class=&quot;w-e-icon-link&quot;&gt;&lt;i&gt;&lt;/i&gt;&lt;/i&gt;&lt;/div&gt;&lt;div class=&quot;w-e-menu&quot;&gt;&lt;i class=&quot;w-e-icon-list2&quot;&gt;&lt;i&gt;&lt;/i&gt;&lt;/i&gt;&lt;/div&gt;&lt;div class=&quot;w-e-menu&quot;&gt;&lt;i class=&quot;w-e-icon-paragraph-left&quot;&gt;&lt;i&gt;&lt;/i&gt;&lt;/i&gt;&lt;/div&gt;&lt;div class=&quot;w-e-menu&quot;&gt;
            &lt;i class=&quot;w-e-icon-quotes-left&quot;&gt;&lt;i&gt;
        &lt;/i&gt;&lt;/i&gt;&lt;/div&gt;&lt;div class=&quot;w-e-menu&quot;&gt;
            &lt;i class=&quot;w-e-icon-happy&quot;&gt;&lt;i&gt;
        &lt;/i&gt;&lt;/i&gt;&lt;/div&gt;&lt;div class=&quot;w-e-menu&quot;&gt;&lt;i class=&quot;w-e-icon-image&quot;&gt;&lt;i&gt;&lt;/i&gt;&lt;/i&gt;&lt;/div&gt;&lt;div class=&quot;w-e-menu&quot;&gt;&lt;i class=&quot;w-e-icon-table2&quot;&gt;&lt;i&gt;&lt;/i&gt;&lt;/i&gt;&lt;/div&gt;&lt;div class=&quot;w-e-menu&quot;&gt;&lt;i class=&quot;w-e-icon-play&quot;&gt;&lt;i&gt;&lt;/i&gt;&lt;/i&gt;&lt;/div&gt;&lt;div class=&quot;w-e-menu&quot;&gt;
            &lt;i class=&quot;w-e-icon-terminal&quot;&gt;&lt;i&gt;
        &lt;/i&gt;&lt;/i&gt;&lt;/div&gt;&lt;div class=&quot;w-e-menu&quot;&gt;
            &lt;i class=&quot;w-e-icon-undo&quot;&gt;&lt;i&gt;
        &lt;/i&gt;&lt;/i&gt;&lt;/div&gt;&lt;div class=&quot;w-e-menu&quot;&gt;
            &lt;i class=&quot;w-e-icon-redo&quot;&gt;&lt;i&gt;
        &lt;/i&gt;&lt;/i&gt;&lt;/div&gt;&lt;/div&gt;&lt;div style=&quot;border:1px solid #ccc; border-top:none; height:300px; z-index:10000;&quot; class=&quot;w-e-text-container&quot;&gt;&lt;div style=&quot;width:100%; height:100%;&quot; class=&quot;w-e-text&quot; contenteditable=&quot;true&quot;&gt;&lt;p&gt;文章雷彪&lt;/p&gt;&lt;p&gt;文章雷彪&lt;/p&gt;&lt;p&gt;文章雷彪&lt;/p&gt;&lt;p&gt;文章雷彪&lt;/p&gt;&lt;p&gt;文章雷彪&lt;/p&gt;&lt;p&gt;文章雷彪&lt;/p&gt;&lt;/div&gt;&lt;/div&gt;','117','117') [ RunTime:0.0480s ]
NOTIC: [2] Missing argument 3 for show(), called in D:\wamp\www\blog\Application\Admin\Controller\ContentController.class.php on line 65 and defined D:\wamp\www\blog\Application\Common\Common\function.php 第 3 行.
NOTIC: [8] Undefined variable: data D:\wamp\www\blog\Application\Common\Common\function.php 第 8 行.

[ 2017-06-26T16:00:13+08:00 ] 127.0.0.1 /blog/admin.php?c=admin
INFO: [ app_init ] --START--
INFO: Run Behavior\BuildLiteBehavior [ RunTime:0.000000s ]
INFO: [ app_init ] --END-- [ RunTime:0.001000s ]
INFO: [ app_begin ] --START--
INFO: Run Behavior\ReadHtmlCacheBehavior [ RunTime:0.001000s ]
INFO: [ app_begin ] --END-- [ RunTime:0.001000s ]
NOTIC: [8] Undefined index: p D:\wamp\www\blog\Application\Admin\Controller\AdminController.class.php 第 8 行.
NOTIC: [2048] Declaration of Common\Model\NoteModel::find() should be compatible with Think\Model::find($options = Array) D:\wamp\www\blog\Application\Common\Model\NoteModel.class.php 第 8 行.
SQL: SHOW COLUMNS FROM `blog_note` [ RunTime:0.0030s ]
SQL: SELECT * FROM `blog_note` ORDER BY note_id desc LIMIT 0,3   [ RunTime:0.0000s ]
NOTIC: [8] Undefined variable: page D:\wamp\www\blog\Application\Common\Model\NoteModel.class.php 第 40 行.
NOTIC: [8] Undefined variable: pageSize D:\wamp\www\blog\Application\Common\Model\NoteModel.class.php 第 40 行.
SQL: SELECT COUNT(*) AS tp_count FROM `blog_note` LIMIT 1   [ RunTime:0.0010s ]
INFO: [ view_parse ] --START--
INFO: [ template_filter ] --START--
INFO: Run Behavior\ContentReplaceBehavior [ RunTime:0.000000s ]
INFO: [ template_filter ] --END-- [ RunTime:0.000000s ]
INFO: Run Behavior\ParseTemplateBehavior [ RunTime:0.018001s ]
INFO: [ view_parse ] --END-- [ RunTime:0.018001s ]
INFO: [ view_filter ] --START--
INFO: Run Behavior\WriteHtmlCacheBehavior [ RunTime:0.000000s ]
INFO: [ view_filter ] --END-- [ RunTime:0.001000s ]
INFO: [ app_end ] --START--
INFO: Run Behavior\ShowPageTraceBehavior [ RunTime:0.001000s ]
INFO: [ app_end ] --END-- [ RunTime:0.001000s ]

[ 2017-06-26T16:23:47+08:00 ] 127.0.0.1 /blog/admin.php?c=content&a=edit&id=117
INFO: [ app_init ] --START--
INFO: Run Behavior\BuildLiteBehavior [ RunTime:0.000000s ]
INFO: [ app_init ] --END-- [ RunTime:0.001000s ]
INFO: [ app_begin ] --START--
INFO: Run Behavior\ReadHtmlCacheBehavior [ RunTime:0.003000s ]
INFO: [ app_begin ] --END-- [ RunTime:0.003000s ]
NOTIC: [2048] Declaration of Common\Model\NoteModel::find() should be compatible with Think\Model::find($options = Array) D:\wamp\www\blog\Application\Common\Model\NoteModel.class.php 第 8 行.
SQL: SHOW COLUMNS FROM `blog_note` [ RunTime:0.0030s ]
SQL: SELECT * FROM `blog_note` WHERE ( note_id=117 ) LIMIT 1   [ RunTime:0.0150s ]
NOTIC: [2048] Declaration of Common\Model\NoteContentModel::find() should be compatible with Think\Model::find($options = Array) D:\wamp\www\blog\Application\Common\Model\NoteContentModel.class.php 第 44 行.
SQL: SHOW COLUMNS FROM `blog_note_content` [ RunTime:0.0030s ]
SQL: SELECT * FROM `blog_note_content` WHERE ( note_id=117 ) LIMIT 1   [ RunTime:0.0000s ]
INFO: [ view_parse ] --START--
INFO: [ template_filter ] --START--
INFO: Run Behavior\ContentReplaceBehavior [ RunTime:0.000000s ]
INFO: [ template_filter ] --END-- [ RunTime:0.000000s ]
INFO: Run Behavior\ParseTemplateBehavior [ RunTime:0.029001s ]
INFO: [ view_parse ] --END-- [ RunTime:0.032001s ]
INFO: [ view_filter ] --START--
INFO: Run Behavior\WriteHtmlCacheBehavior [ RunTime:0.003001s ]
INFO: [ view_filter ] --END-- [ RunTime:0.004001s ]
INFO: [ app_end ] --START--
INFO: Run Behavior\ShowPageTraceBehavior [ RunTime:0.002000s ]
INFO: [ app_end ] --END-- [ RunTime:0.003000s ]

[ 2017-06-26T16:24:02+08:00 ] 127.0.0.1 /blog/admin.php?c=content&a=add
INFO: [ app_init ] --START--
INFO: Run Behavior\BuildLiteBehavior [ RunTime:0.000000s ]
INFO: [ app_init ] --END-- [ RunTime:0.001000s ]
INFO: [ app_begin ] --START--
INFO: Run Behavior\ReadHtmlCacheBehavior [ RunTime:0.001000s ]
INFO: [ app_begin ] --END-- [ RunTime:0.001000s ]
NOTIC: [2048] Declaration of Common\Model\NoteModel::find() should be compatible with Think\Model::find($options = Array) D:\wamp\www\blog\Application\Common\Model\NoteModel.class.php 第 8 行.
SQL: SHOW COLUMNS FROM `blog_note` [ RunTime:0.0040s ]
SQL: UPDATE `blog_note` SET `title`='文章雷彪',`author`='文章雷彪文章雷彪文章雷彪',`tag`='文章雷彪文章雷彪',`thumb`='/blog',`description`='文章雷彪文章雷彪' WHERE ( note_id=117 ) [ RunTime:0.0710s ]
NOTIC: [2048] Declaration of Common\Model\NoteContentModel::find() should be compatible with Think\Model::find($options = Array) D:\wamp\www\blog\Application\Common\Model\NoteContentModel.class.php 第 44 行.
SQL: SHOW COLUMNS FROM `blog_note_content` [ RunTime:0.0040s ]
SQL: UPDATE `blog_note_content` SET `content`='
    					<div style=\"background-color:#f1f1f1; border:1px solid #ccc;\" class=\"w-e-toolbar\"><div class=\"w-e-menu\"><i class=\"w-e-icon-header\"><i></i></i></div><div class=\"w-e-menu\">
            <i class=\"w-e-icon-bold\"><i>
        </i></i></div><div class=\"w-e-menu\">
            <i class=\"w-e-icon-italic\"><i>
        </i></i></div><div class=\"w-e-menu\">
            <i class=\"w-e-icon-underline\"><i>
        </i></i></div><div class=\"w-e-menu\">
            <i class=\"w-e-icon-strikethrough\"><i>
        </i></i></div><div class=\"w-e-menu\"><i class=\"w-e-icon-pencil2\"><i></i></i></div><div class=\"w-e-menu\"><i class=\"w-e-icon-paint-brush\"><i></i></i></div><div class=\"w-e-menu\"><i class=\"w-e-icon-link\"><i></i></i></div><div class=\"w-e-menu\"><i class=\"w-e-icon-list2\"><i></i></i></div><div class=\"w-e-menu\"><i class=\"w-e-icon-paragraph-left\"><i></i></i></div><div class=\"w-e-menu\">
            <i class=\"w-e-icon-quotes-left\"><i>
        </i></i></div><div class=\"w-e-menu\">
            <i class=\"w-e-icon-happy\"><i>
        </i></i></div><div class=\"w-e-menu\"><i class=\"w-e-icon-image\"><i></i></i></div><div class=\"w-e-menu\"><i class=\"w-e-icon-table2\"><i></i></i></div><div class=\"w-e-menu\"><i class=\"w-e-icon-play\"><i></i></i></div><div class=\"w-e-menu\">
            <i class=\"w-e-icon-terminal\"><i>
        </i></i></div><div class=\"w-e-menu\">
            <i class=\"w-e-icon-undo\"><i>
        </i></i></div><div class=\"w-e-menu\">
            <i class=\"w-e-icon-redo\"><i>
        </i></i></div></div><div style=\"border:1px solid #ccc; border-top:none; height:300px; z-index:10000;\" class=\"w-e-text-container\"><div style=\"width:100%; height:100%;\" class=\"w-e-text\" contenteditable=\"true\"><p>文章雷彪</p><p>文章雷彪</p><p>文章雷彪</p><p>文章雷彪</p><p>文章雷彪</p><p>文章雷彪</p></div></div>' WHERE ( note_id=117 ) [ RunTime:0.0190s ]
NOTIC: [2] Missing argument 3 for show(), called in D:\wamp\www\blog\Application\Admin\Controller\ContentController.class.php on line 99 and defined D:\wamp\www\blog\Application\Common\Common\function.php 第 3 行.
NOTIC: [8] Undefined variable: data D:\wamp\www\blog\Application\Common\Common\function.php 第 8 行.

[ 2017-06-26T16:24:03+08:00 ] 127.0.0.1 /blog/admin.php?c=admin
INFO: [ app_init ] --START--
INFO: Run Behavior\BuildLiteBehavior [ RunTime:0.000000s ]
INFO: [ app_init ] --END-- [ RunTime:0.001000s ]
INFO: [ app_begin ] --START--
INFO: Run Behavior\ReadHtmlCacheBehavior [ RunTime:0.001000s ]
INFO: [ app_begin ] --END-- [ RunTime:0.002000s ]
NOTIC: [8] Undefined index: p D:\wamp\www\blog\Application\Admin\Controller\AdminController.class.php 第 8 行.
NOTIC: [2048] Declaration of Common\Model\NoteModel::find() should be compatible with Think\Model::find($options = Array) D:\wamp\www\blog\Application\Common\Model\NoteModel.class.php 第 8 行.
SQL: SHOW COLUMNS FROM `blog_note` [ RunTime:0.0030s ]
SQL: SELECT * FROM `blog_note` ORDER BY note_id desc LIMIT 0,3   [ RunTime:0.0000s ]
NOTIC: [8] Undefined variable: page D:\wamp\www\blog\Application\Common\Model\NoteModel.class.php 第 40 行.
NOTIC: [8] Undefined variable: pageSize D:\wamp\www\blog\Application\Common\Model\NoteModel.class.php 第 40 行.
SQL: SELECT COUNT(*) AS tp_count FROM `blog_note` LIMIT 1   [ RunTime:0.0000s ]
INFO: [ view_parse ] --START--
INFO: [ template_filter ] --START--
INFO: Run Behavior\ContentReplaceBehavior [ RunTime:0.000000s ]
INFO: [ template_filter ] --END-- [ RunTime:0.000000s ]
INFO: Run Behavior\ParseTemplateBehavior [ RunTime:0.021001s ]
INFO: [ view_parse ] --END-- [ RunTime:0.021001s ]
INFO: [ view_filter ] --START--
INFO: Run Behavior\WriteHtmlCacheBehavior [ RunTime:0.001000s ]
INFO: [ view_filter ] --END-- [ RunTime:0.001000s ]
INFO: [ app_end ] --START--
INFO: Run Behavior\ShowPageTraceBehavior [ RunTime:0.001000s ]
INFO: [ app_end ] --END-- [ RunTime:0.001000s ]

[ 2017-06-26T16:24:07+08:00 ] 127.0.0.1 /blog/admin.php?c=content&a=edit&id=117
INFO: [ app_init ] --START--
INFO: Run Behavior\BuildLiteBehavior [ RunTime:0.000000s ]
INFO: [ app_init ] --END-- [ RunTime:0.001000s ]
INFO: [ app_begin ] --START--
INFO: Run Behavior\ReadHtmlCacheBehavior [ RunTime:0.002000s ]
INFO: [ app_begin ] --END-- [ RunTime:0.002000s ]
NOTIC: [2048] Declaration of Common\Model\NoteModel::find() should be compatible with Think\Model::find($options = Array) D:\wamp\www\blog\Application\Common\Model\NoteModel.class.php 第 8 行.
SQL: SHOW COLUMNS FROM `blog_note` [ RunTime:0.0040s ]
SQL: SELECT * FROM `blog_note` WHERE ( note_id=117 ) LIMIT 1   [ RunTime:0.0010s ]
NOTIC: [2048] Declaration of Common\Model\NoteContentModel::find() should be compatible with Think\Model::find($options = Array) D:\wamp\www\blog\Application\Common\Model\NoteContentModel.class.php 第 44 行.
SQL: SHOW COLUMNS FROM `blog_note_content` [ RunTime:0.0030s ]
SQL: SELECT * FROM `blog_note_content` WHERE ( note_id=117 ) LIMIT 1   [ RunTime:0.0010s ]
INFO: [ view_parse ] --START--
INFO: [ template_filter ] --START--
INFO: Run Behavior\ContentReplaceBehavior [ RunTime:0.001000s ]
INFO: [ template_filter ] --END-- [ RunTime:0.001000s ]
INFO: Run Behavior\ParseTemplateBehavior [ RunTime:0.042002s ]
INFO: [ view_parse ] --END-- [ RunTime:0.043003s ]
INFO: [ view_filter ] --START--
INFO: Run Behavior\WriteHtmlCacheBehavior [ RunTime:0.001000s ]
INFO: [ view_filter ] --END-- [ RunTime:0.001000s ]
INFO: [ app_end ] --START--
INFO: Run Behavior\ShowPageTraceBehavior [ RunTime:0.001000s ]
INFO: [ app_end ] --END-- [ RunTime:0.002000s ]

[ 2017-06-26T16:24:27+08:00 ] 127.0.0.1 /blog/admin.php?c=image&a=ajaxuploadimage
INFO: [ app_init ] --START--
INFO: Run Behavior\BuildLiteBehavior [ RunTime:0.000000s ]
INFO: [ app_init ] --END-- [ RunTime:0.001000s ]
INFO: [ app_begin ] --START--
INFO: Run Behavior\ReadHtmlCacheBehavior [ RunTime:0.001000s ]
INFO: [ app_begin ] --END-- [ RunTime:0.002000s ]
NOTIC: [8] Use of undefined constant Y - assumed 'Y' D:\wamp\www\blog\Application\Common\Model\UploadImageModel.class.php 第 19 行.
NOTIC: [8] Use of undefined constant m - assumed 'm' D:\wamp\www\blog\Application\Common\Model\UploadImageModel.class.php 第 19 行.
NOTIC: [8] Use of undefined constant d - assumed 'd' D:\wamp\www\blog\Application\Common\Model\UploadImageModel.class.php 第 19 行.
NOTIC: [2] call_user_func() expects parameter 1 to be a valid callback, no array or string given D:\wamp\www\blog\ThinkPHP\Library\Think\Upload.class.php 第 170 行.

[ 2017-06-26T16:24:31+08:00 ] 127.0.0.1 /blog/admin.php?c=content&a=add
INFO: [ app_init ] --START--
INFO: Run Behavior\BuildLiteBehavior [ RunTime:0.000000s ]
INFO: [ app_init ] --END-- [ RunTime:0.001000s ]
INFO: [ app_begin ] --START--
INFO: Run Behavior\ReadHtmlCacheBehavior [ RunTime:0.002000s ]
INFO: [ app_begin ] --END-- [ RunTime:0.002000s ]
NOTIC: [2048] Declaration of Common\Model\NoteModel::find() should be compatible with Think\Model::find($options = Array) D:\wamp\www\blog\Application\Common\Model\NoteModel.class.php 第 8 行.
SQL: SHOW COLUMNS FROM `blog_note` [ RunTime:0.0040s ]
SQL: UPDATE `blog_note` SET `title`='文章雷彪',`author`='文章雷彪文章雷彪文章雷彪',`tag`='文章雷彪文章雷彪',`thumb`='/blog/upload/2017/06/26/5950c4bb1a005.jpg',`description`='文章雷彪文章雷彪' WHERE ( note_id=117 ) [ RunTime:0.0150s ]
NOTIC: [2048] Declaration of Common\Model\NoteContentModel::find() should be compatible with Think\Model::find($options = Array) D:\wamp\www\blog\Application\Common\Model\NoteContentModel.class.php 第 44 行.
SQL: SHOW COLUMNS FROM `blog_note_content` [ RunTime:0.0040s ]
SQL: UPDATE `blog_note_content` SET `content`='
    					<div style=\"background-color:#f1f1f1; border:1px solid #ccc;\" class=\"w-e-toolbar\"><div class=\"w-e-menu\"><i class=\"w-e-icon-header\"><i></i></i></div><div class=\"w-e-menu\">
            <i class=\"w-e-icon-bold\"><i>
        </i></i></div><div class=\"w-e-menu\">
            <i class=\"w-e-icon-italic\"><i>
        </i></i></div><div class=\"w-e-menu\">
            <i class=\"w-e-icon-underline\"><i>
        </i></i></div><div class=\"w-e-menu\">
            <i class=\"w-e-icon-strikethrough\"><i>
        </i></i></div><div class=\"w-e-menu\"><i class=\"w-e-icon-pencil2\"><i></i></i></div><div class=\"w-e-menu\"><i class=\"w-e-icon-paint-brush\"><i></i></i></div><div class=\"w-e-menu\"><i class=\"w-e-icon-link\"><i></i></i></div><div class=\"w-e-menu\"><i class=\"w-e-icon-list2\"><i></i></i></div><div class=\"w-e-menu\"><i class=\"w-e-icon-paragraph-left\"><i></i></i></div><div class=\"w-e-menu\">
            <i class=\"w-e-icon-quotes-left\"><i>
        </i></i></div><div class=\"w-e-menu\">
            <i class=\"w-e-icon-happy\"><i>
        </i></i></div><div class=\"w-e-menu\"><i class=\"w-e-icon-image\"><i></i></i></div><div class=\"w-e-menu\"><i class=\"w-e-icon-table2\"><i></i></i></div><div class=\"w-e-menu\"><i class=\"w-e-icon-play\"><i></i></i></div><div class=\"w-e-menu\">
            <i class=\"w-e-icon-terminal\"><i>
        </i></i></div><div class=\"w-e-menu\">
            <i class=\"w-e-icon-undo\"><i>
        </i></i></div><div class=\"w-e-menu\">
            <i class=\"w-e-icon-redo\"><i>
        </i></i></div></div><div style=\"border:1px solid #ccc; border-top:none; height:300px; z-index:10000;\" class=\"w-e-text-container\"><div style=\"width:100%; height:100%;\" class=\"w-e-text\" contenteditable=\"true\"><p>文章雷彪</p><p>文章雷彪</p><p>文章雷彪</p><p>文章雷彪</p><p>文章雷彪</p><p>文章雷彪</p></div></div>' WHERE ( note_id=117 ) [ RunTime:0.0010s ]
NOTIC: [2] Missing argument 3 for show(), called in D:\wamp\www\blog\Application\Admin\Controller\ContentController.class.php on line 99 and defined D:\wamp\www\blog\Application\Common\Common\function.php 第 3 行.
NOTIC: [8] Undefined variable: data D:\wamp\www\blog\Application\Common\Common\function.php 第 8 行.

[ 2017-06-26T16:24:33+08:00 ] 127.0.0.1 /blog/admin.php?c=admin
INFO: [ app_init ] --START--
INFO: Run Behavior\BuildLiteBehavior [ RunTime:0.000000s ]
INFO: [ app_init ] --END-- [ RunTime:0.001000s ]
INFO: [ app_begin ] --START--
INFO: Run Behavior\ReadHtmlCacheBehavior [ RunTime:0.002000s ]
INFO: [ app_begin ] --END-- [ RunTime:0.002000s ]
NOTIC: [8] Undefined index: p D:\wamp\www\blog\Application\Admin\Controller\AdminController.class.php 第 8 行.
NOTIC: [2048] Declaration of Common\Model\NoteModel::find() should be compatible with Think\Model::find($options = Array) D:\wamp\www\blog\Application\Common\Model\NoteModel.class.php 第 8 行.
SQL: SHOW COLUMNS FROM `blog_note` [ RunTime:0.0040s ]
SQL: SELECT * FROM `blog_note` ORDER BY note_id desc LIMIT 0,3   [ RunTime:0.0010s ]
NOTIC: [8] Undefined variable: page D:\wamp\www\blog\Application\Common\Model\NoteModel.class.php 第 40 行.
NOTIC: [8] Undefined variable: pageSize D:\wamp\www\blog\Application\Common\Model\NoteModel.class.php 第 40 行.
SQL: SELECT COUNT(*) AS tp_count FROM `blog_note` LIMIT 1   [ RunTime:0.0000s ]
INFO: [ view_parse ] --START--
INFO: [ template_filter ] --START--
INFO: Run Behavior\ContentReplaceBehavior [ RunTime:0.000000s ]
INFO: [ template_filter ] --END-- [ RunTime:0.000000s ]
INFO: Run Behavior\ParseTemplateBehavior [ RunTime:0.020001s ]
INFO: [ view_parse ] --END-- [ RunTime:0.020001s ]
INFO: [ view_filter ] --START--
INFO: Run Behavior\WriteHtmlCacheBehavior [ RunTime:0.001000s ]
INFO: [ view_filter ] --END-- [ RunTime:0.001000s ]
INFO: [ app_end ] --START--
INFO: Run Behavior\ShowPageTraceBehavior [ RunTime:0.001000s ]
INFO: [ app_end ] --END-- [ RunTime:0.001000s ]

[ 2017-06-26T16:46:53+08:00 ] 127.0.0.1 /blog/admin.php?c=content&a=edit&id=117
INFO: [ app_init ] --START--
INFO: Run Behavior\BuildLiteBehavior [ RunTime:0.000000s ]
INFO: [ app_init ] --END-- [ RunTime:0.001000s ]
INFO: [ app_begin ] --START--
INFO: Run Behavior\ReadHtmlCacheBehavior [ RunTime:0.002000s ]
INFO: [ app_begin ] --END-- [ RunTime:0.002000s ]
NOTIC: [2048] Declaration of Common\Model\NoteModel::find() should be compatible with Think\Model::find($options = Array) D:\wamp\www\blog\Application\Common\Model\NoteModel.class.php 第 8 行.
SQL: SHOW COLUMNS FROM `blog_note` [ RunTime:0.0040s ]
SQL: SELECT * FROM `blog_note` WHERE ( note_id=117 ) LIMIT 1   [ RunTime:0.0000s ]
NOTIC: [2048] Declaration of Common\Model\NoteContentModel::find() should be compatible with Think\Model::find($options = Array) D:\wamp\www\blog\Application\Common\Model\NoteContentModel.class.php 第 44 行.
SQL: SHOW COLUMNS FROM `blog_note_content` [ RunTime:0.0040s ]
SQL: SELECT * FROM `blog_note_content` WHERE ( note_id=117 ) LIMIT 1   [ RunTime:0.0010s ]
INFO: [ view_parse ] --START--
INFO: [ template_filter ] --START--
INFO: Run Behavior\ContentReplaceBehavior [ RunTime:0.001000s ]
INFO: [ template_filter ] --END-- [ RunTime:0.001000s ]
INFO: Run Behavior\ParseTemplateBehavior [ RunTime:0.038003s ]
INFO: [ view_parse ] --END-- [ RunTime:0.038003s ]
INFO: [ view_filter ] --START--
INFO: Run Behavior\WriteHtmlCacheBehavior [ RunTime:0.001000s ]
INFO: [ view_filter ] --END-- [ RunTime:0.001000s ]
INFO: [ app_end ] --START--
INFO: Run Behavior\ShowPageTraceBehavior [ RunTime:0.001000s ]
INFO: [ app_end ] --END-- [ RunTime:0.001000s ]

[ 2017-06-26T16:47:10+08:00 ] 127.0.0.1 /blog/admin.php?c=image&a=ajaxuploadimage
INFO: [ app_init ] --START--
INFO: Run Behavior\BuildLiteBehavior [ RunTime:0.000000s ]
INFO: [ app_init ] --END-- [ RunTime:0.001001s ]
INFO: [ app_begin ] --START--
INFO: Run Behavior\ReadHtmlCacheBehavior [ RunTime:0.001000s ]
INFO: [ app_begin ] --END-- [ RunTime:0.002000s ]
NOTIC: [8] Use of undefined constant Y - assumed 'Y' D:\wamp\www\blog\Application\Common\Model\UploadImageModel.class.php 第 19 行.
NOTIC: [8] Use of undefined constant m - assumed 'm' D:\wamp\www\blog\Application\Common\Model\UploadImageModel.class.php 第 19 行.
NOTIC: [8] Use of undefined constant d - assumed 'd' D:\wamp\www\blog\Application\Common\Model\UploadImageModel.class.php 第 19 行.
NOTIC: [2] call_user_func() expects parameter 1 to be a valid callback, no array or string given D:\wamp\www\blog\ThinkPHP\Library\Think\Upload.class.php 第 170 行.

[ 2017-06-26T16:47:12+08:00 ] 127.0.0.1 /blog/admin.php?c=content&a=add
INFO: [ app_init ] --START--
INFO: Run Behavior\BuildLiteBehavior [ RunTime:0.000000s ]
INFO: [ app_init ] --END-- [ RunTime:0.001000s ]
INFO: [ app_begin ] --START--
INFO: Run Behavior\ReadHtmlCacheBehavior [ RunTime:0.001001s ]
INFO: [ app_begin ] --END-- [ RunTime:0.001001s ]
NOTIC: [2048] Declaration of Common\Model\NoteModel::find() should be compatible with Think\Model::find($options = Array) D:\wamp\www\blog\Application\Common\Model\NoteModel.class.php 第 8 行.
SQL: SHOW COLUMNS FROM `blog_note` [ RunTime:0.0040s ]
SQL: UPDATE `blog_note` SET `title`='文章雷彪',`author`='nbb',`tag`='文章雷彪文章雷彪',`thumb`='/blog/upload/2017/06/26/5950ca0eeb79d.jpg',`description`='文章雷彪文章雷彪' WHERE ( note_id=117 ) [ RunTime:0.0260s ]
NOTIC: [2048] Declaration of Common\Model\NoteContentModel::find() should be compatible with Think\Model::find($options = Array) D:\wamp\www\blog\Application\Common\Model\NoteContentModel.class.php 第 44 行.
SQL: SHOW COLUMNS FROM `blog_note_content` [ RunTime:0.0040s ]
SQL: UPDATE `blog_note_content` SET `content`='
    					<div style=\"background-color:#f1f1f1; border:1px solid #ccc;\" class=\"w-e-toolbar\"><div class=\"w-e-menu\"><i class=\"w-e-icon-header\"><i></i></i></div><div class=\"w-e-menu\">
            <i class=\"w-e-icon-bold\"><i>
        </i></i></div><div class=\"w-e-menu\">
            <i class=\"w-e-icon-italic\"><i>
        </i></i></div><div class=\"w-e-menu\">
            <i class=\"w-e-icon-underline\"><i>
        </i></i></div><div class=\"w-e-menu\">
            <i class=\"w-e-icon-strikethrough\"><i>
        </i></i></div><div class=\"w-e-menu\"><i class=\"w-e-icon-pencil2\"><i></i></i></div><div class=\"w-e-menu\"><i class=\"w-e-icon-paint-brush\"><i></i></i></div><div class=\"w-e-menu\"><i class=\"w-e-icon-link\"><i></i></i></div><div class=\"w-e-menu\"><i class=\"w-e-icon-list2\"><i></i></i></div><div class=\"w-e-menu\"><i class=\"w-e-icon-paragraph-left\"><i></i></i></div><div class=\"w-e-menu\">
            <i class=\"w-e-icon-quotes-left\"><i>
        </i></i></div><div class=\"w-e-menu\">
            <i class=\"w-e-icon-happy\"><i>
        </i></i></div><div class=\"w-e-menu\"><i class=\"w-e-icon-image\"><i></i></i></div><div class=\"w-e-menu\"><i class=\"w-e-icon-table2\"><i></i></i></div><div class=\"w-e-menu\"><i class=\"w-e-icon-play\"><i></i></i></div><div class=\"w-e-menu\">
            <i class=\"w-e-icon-terminal\"><i>
        </i></i></div><div class=\"w-e-menu\">
            <i class=\"w-e-icon-undo\"><i>
        </i></i></div><div class=\"w-e-menu\">
            <i class=\"w-e-icon-redo\"><i>
        </i></i></div></div><div style=\"border:1px solid #ccc; border-top:none; height:300px; z-index:10000;\" class=\"w-e-text-container\"><div style=\"width:100%; height:100%;\" class=\"w-e-text\" contenteditable=\"true\"><p>文章雷彪</p><p>文章雷彪</p><p>文章雷彪</p><p>文章雷彪</p><p>文章雷彪</p><p>文章雷彪</p></div></div>' WHERE ( note_id=117 ) [ RunTime:0.0080s ]
NOTIC: [2] Missing argument 3 for show(), called in D:\wamp\www\blog\Application\Admin\Controller\ContentController.class.php on line 99 and defined D:\wamp\www\blog\Application\Common\Common\function.php 第 3 行.
NOTIC: [8] Undefined variable: data D:\wamp\www\blog\Application\Common\Common\function.php 第 8 行.

[ 2017-06-26T16:47:13+08:00 ] 127.0.0.1 /blog/admin.php?c=admin
INFO: [ app_init ] --START--
INFO: Run Behavior\BuildLiteBehavior [ RunTime:0.000000s ]
INFO: [ app_init ] --END-- [ RunTime:0.001000s ]
INFO: [ app_begin ] --START--
INFO: Run Behavior\ReadHtmlCacheBehavior [ RunTime:0.002000s ]
INFO: [ app_begin ] --END-- [ RunTime:0.002000s ]
NOTIC: [8] Undefined index: p D:\wamp\www\blog\Application\Admin\Controller\AdminController.class.php 第 8 行.
NOTIC: [2048] Declaration of Common\Model\NoteModel::find() should be compatible with Think\Model::find($options = Array) D:\wamp\www\blog\Application\Common\Model\NoteModel.class.php 第 8 行.
SQL: SHOW COLUMNS FROM `blog_note` [ RunTime:0.0060s ]
SQL: SELECT * FROM `blog_note` ORDER BY note_id desc LIMIT 0,3   [ RunTime:0.0000s ]
NOTIC: [8] Undefined variable: page D:\wamp\www\blog\Application\Common\Model\NoteModel.class.php 第 40 行.
NOTIC: [8] Undefined variable: pageSize D:\wamp\www\blog\Application\Common\Model\NoteModel.class.php 第 40 行.
SQL: SELECT COUNT(*) AS tp_count FROM `blog_note` LIMIT 1   [ RunTime:0.0000s ]
INFO: [ view_parse ] --START--
INFO: [ template_filter ] --START--
INFO: Run Behavior\ContentReplaceBehavior [ RunTime:0.000000s ]
INFO: [ template_filter ] --END-- [ RunTime:0.000000s ]
INFO: Run Behavior\ParseTemplateBehavior [ RunTime:0.022002s ]
INFO: [ view_parse ] --END-- [ RunTime:0.022002s ]
INFO: [ view_filter ] --START--
INFO: Run Behavior\WriteHtmlCacheBehavior [ RunTime:0.001000s ]
INFO: [ view_filter ] --END-- [ RunTime:0.001000s ]
INFO: [ app_end ] --START--
INFO: Run Behavior\ShowPageTraceBehavior [ RunTime:0.001000s ]
INFO: [ app_end ] --END-- [ RunTime:0.001000s ]

[ 2017-06-26T16:55:54+08:00 ] 127.0.0.1 /blog/admin.php?c=content&a=edit&id=117
INFO: [ app_init ] --START--
INFO: Run Behavior\BuildLiteBehavior [ RunTime:0.000000s ]
INFO: [ app_init ] --END-- [ RunTime:0.001000s ]
INFO: [ app_begin ] --START--
INFO: Run Behavior\ReadHtmlCacheBehavior [ RunTime:0.002000s ]
INFO: [ app_begin ] --END-- [ RunTime:0.002000s ]
NOTIC: [2048] Declaration of Common\Model\NoteModel::find() should be compatible with Think\Model::find($options = Array) D:\wamp\www\blog\Application\Common\Model\NoteModel.class.php 第 8 行.
SQL: SHOW COLUMNS FROM `blog_note` [ RunTime:0.0040s ]
SQL: SELECT * FROM `blog_note` WHERE ( note_id=117 ) LIMIT 1   [ RunTime:0.0000s ]
NOTIC: [2048] Declaration of Common\Model\NoteContentModel::find() should be compatible with Think\Model::find($options = Array) D:\wamp\www\blog\Application\Common\Model\NoteContentModel.class.php 第 44 行.
SQL: SHOW COLUMNS FROM `blog_note_content` [ RunTime:0.0030s ]
SQL: SELECT * FROM `blog_note_content` WHERE ( note_id=117 ) LIMIT 1   [ RunTime:0.0010s ]
INFO: [ view_parse ] --START--
INFO: [ template_filter ] --START--
INFO: Run Behavior\ContentReplaceBehavior [ RunTime:0.000000s ]
INFO: [ template_filter ] --END-- [ RunTime:0.001000s ]
INFO: Run Behavior\ParseTemplateBehavior [ RunTime:0.016000s ]
INFO: [ view_parse ] --END-- [ RunTime:0.016000s ]
INFO: [ view_filter ] --START--
INFO: Run Behavior\WriteHtmlCacheBehavior [ RunTime:0.001000s ]
INFO: [ view_filter ] --END-- [ RunTime:0.001000s ]
INFO: [ app_end ] --START--
INFO: Run Behavior\ShowPageTraceBehavior [ RunTime:0.001000s ]
INFO: [ app_end ] --END-- [ RunTime:0.001000s ]

[ 2017-06-26T16:56:06+08:00 ] 127.0.0.1 /blog/admin.php?c=image&a=ajaxuploadimage
INFO: [ app_init ] --START--
INFO: Run Behavior\BuildLiteBehavior [ RunTime:0.000000s ]
INFO: [ app_init ] --END-- [ RunTime:0.001000s ]
INFO: [ app_begin ] --START--
INFO: Run Behavior\ReadHtmlCacheBehavior [ RunTime:0.001000s ]
INFO: [ app_begin ] --END-- [ RunTime:0.001000s ]
NOTIC: [8] Use of undefined constant Y - assumed 'Y' D:\wamp\www\blog\Application\Common\Model\UploadImageModel.class.php 第 19 行.
NOTIC: [8] Use of undefined constant m - assumed 'm' D:\wamp\www\blog\Application\Common\Model\UploadImageModel.class.php 第 19 行.
NOTIC: [8] Use of undefined constant d - assumed 'd' D:\wamp\www\blog\Application\Common\Model\UploadImageModel.class.php 第 19 行.
NOTIC: [2] call_user_func() expects parameter 1 to be a valid callback, no array or string given D:\wamp\www\blog\ThinkPHP\Library\Think\Upload.class.php 第 170 行.

[ 2017-06-26T16:56:08+08:00 ] 127.0.0.1 /blog/admin.php?c=content&a=add
INFO: [ app_init ] --START--
INFO: Run Behavior\BuildLiteBehavior [ RunTime:0.000000s ]
INFO: [ app_init ] --END-- [ RunTime:0.001001s ]
INFO: [ app_begin ] --START--
INFO: Run Behavior\ReadHtmlCacheBehavior [ RunTime:0.001000s ]
INFO: [ app_begin ] --END-- [ RunTime:0.001000s ]
NOTIC: [2048] Declaration of Common\Model\NoteModel::find() should be compatible with Think\Model::find($options = Array) D:\wamp\www\blog\Application\Common\Model\NoteModel.class.php 第 8 行.
SQL: SHOW COLUMNS FROM `blog_note` [ RunTime:0.0080s ]
SQL: UPDATE `blog_note` SET `title`='文章雷彪',`author`='zsy',`tag`='文章雷彪文章雷彪',`thumb`='/blog/upload/2017/06/26/5950cc26ce567.jpg',`description`='文章雷彪文章雷彪' WHERE ( note_id=117 ) [ RunTime:0.0530s ]
NOTIC: [2048] Declaration of Common\Model\NoteContentModel::find() should be compatible with Think\Model::find($options = Array) D:\wamp\www\blog\Application\Common\Model\NoteContentModel.class.php 第 44 行.
SQL: SHOW COLUMNS FROM `blog_note_content` [ RunTime:0.0080s ]
SQL: UPDATE `blog_note_content` SET `content`='
    					<div style=\"background-color:#f1f1f1; border:1px solid #ccc;\" class=\"w-e-toolbar\"><div class=\"w-e-menu\"><i class=\"w-e-icon-header\"><i></i></i></div><div class=\"w-e-menu\">
            <i class=\"w-e-icon-bold\"><i>
        </i></i></div><div class=\"w-e-menu\">
            <i class=\"w-e-icon-italic\"><i>
        </i></i></div><div class=\"w-e-menu\">
            <i class=\"w-e-icon-underline\"><i>
        </i></i></div><div class=\"w-e-menu\">
            <i class=\"w-e-icon-strikethrough\"><i>
        </i></i></div><div class=\"w-e-menu\"><i class=\"w-e-icon-pencil2\"><i></i></i></div><div class=\"w-e-menu\"><i class=\"w-e-icon-paint-brush\"><i></i></i></div><div class=\"w-e-menu\"><i class=\"w-e-icon-link\"><i></i></i></div><div class=\"w-e-menu\"><i class=\"w-e-icon-list2\"><i></i></i></div><div class=\"w-e-menu\"><i class=\"w-e-icon-paragraph-left\"><i></i></i></div><div class=\"w-e-menu\">
            <i class=\"w-e-icon-quotes-left\"><i>
        </i></i></div><div class=\"w-e-menu\">
            <i class=\"w-e-icon-happy\"><i>
        </i></i></div><div class=\"w-e-menu\"><i class=\"w-e-icon-image\"><i></i></i></div><div class=\"w-e-menu\"><i class=\"w-e-icon-table2\"><i></i></i></div><div class=\"w-e-menu\"><i class=\"w-e-icon-play\"><i></i></i></div><div class=\"w-e-menu\">
            <i class=\"w-e-icon-terminal\"><i>
        </i></i></div><div class=\"w-e-menu\">
            <i class=\"w-e-icon-undo\"><i>
        </i></i></div><div class=\"w-e-menu\">
            <i class=\"w-e-icon-redo\"><i>
        </i></i></div></div><div style=\"border:1px solid #ccc; border-top:none; height:300px; z-index:10000;\" class=\"w-e-text-container\"><div style=\"width:100%; height:100%;\" class=\"w-e-text\" contenteditable=\"true\"><p>文章雷彪</p><p>文章雷彪</p><p>文章雷彪</p><p>文章雷彪</p><p>文章雷彪</p><p>文章雷彪</p></div></div>' WHERE ( note_id=117 ) [ RunTime:0.0540s ]
NOTIC: [2] Missing argument 3 for show(), called in D:\wamp\www\blog\Application\Admin\Controller\ContentController.class.php on line 99 and defined D:\wamp\www\blog\Application\Common\Common\function.php 第 3 行.
NOTIC: [8] Undefined variable: data D:\wamp\www\blog\Application\Common\Common\function.php 第 8 行.

[ 2017-06-26T16:56:09+08:00 ] 127.0.0.1 /blog/admin.php?c=admin
INFO: [ app_init ] --START--
INFO: Run Behavior\BuildLiteBehavior [ RunTime:0.000000s ]
INFO: [ app_init ] --END-- [ RunTime:0.001000s ]
INFO: [ app_begin ] --START--
INFO: Run Behavior\ReadHtmlCacheBehavior [ RunTime:0.002000s ]
INFO: [ app_begin ] --END-- [ RunTime:0.002000s ]
NOTIC: [8] Undefined index: p D:\wamp\www\blog\Application\Admin\Controller\AdminController.class.php 第 8 行.
NOTIC: [2048] Declaration of Common\Model\NoteModel::find() should be compatible with Think\Model::find($options = Array) D:\wamp\www\blog\Application\Common\Model\NoteModel.class.php 第 8 行.
SQL: SHOW COLUMNS FROM `blog_note` [ RunTime:0.0040s ]
SQL: SELECT * FROM `blog_note` ORDER BY note_id desc LIMIT 0,3   [ RunTime:0.0000s ]
NOTIC: [8] Undefined variable: page D:\wamp\www\blog\Application\Common\Model\NoteModel.class.php 第 40 行.
NOTIC: [8] Undefined variable: pageSize D:\wamp\www\blog\Application\Common\Model\NoteModel.class.php 第 40 行.
SQL: SELECT COUNT(*) AS tp_count FROM `blog_note` LIMIT 1   [ RunTime:0.0000s ]
INFO: [ view_parse ] --START--
INFO: [ template_filter ] --START--
INFO: Run Behavior\ContentReplaceBehavior [ RunTime:0.000000s ]
INFO: [ template_filter ] --END-- [ RunTime:0.001000s ]
INFO: Run Behavior\ParseTemplateBehavior [ RunTime:0.019001s ]
INFO: [ view_parse ] --END-- [ RunTime:0.019001s ]
INFO: [ view_filter ] --START--
INFO: Run Behavior\WriteHtmlCacheBehavior [ RunTime:0.001000s ]
INFO: [ view_filter ] --END-- [ RunTime:0.001000s ]
INFO: [ app_end ] --START--
INFO: Run Behavior\ShowPageTraceBehavior [ RunTime:0.001000s ]
INFO: [ app_end ] --END-- [ RunTime:0.001000s ]

