[ 2017-05-04T09:19:26+08:00 ] ::1 /blog/admin.php
INFO: [ app_init ] --START--
INFO: Run Behavior\BuildLiteBehavior [ RunTime:0.000000s ]
INFO: [ app_init ] --END-- [ RunTime:0.065004s ]
INFO: [ app_begin ] --START--
INFO: Run Behavior\ReadHtmlCacheBehavior [ RunTime:0.035002s ]
INFO: [ app_begin ] --END-- [ RunTime:0.036002s ]
INFO: [ view_parse ] --START--
INFO: [ template_filter ] --START--
INFO: Run Behavior\ContentReplaceBehavior [ RunTime:0.028001s ]
INFO: [ template_filter ] --END-- [ RunTime:0.030002s ]
INFO: Run Behavior\ParseTemplateBehavior [ RunTime:0.187011s ]
INFO: [ view_parse ] --END-- [ RunTime:0.187011s ]
INFO: [ view_filter ] --START--
INFO: Run Behavior\WriteHtmlCacheBehavior [ RunTime:0.035002s ]
INFO: [ view_filter ] --END-- [ RunTime:0.037002s ]
INFO: [ app_end ] --START--
INFO: Run Behavior\ShowPageTraceBehavior [ RunTime:0.002000s ]
INFO: [ app_end ] --END-- [ RunTime:0.002000s ]

[ 2017-05-04T09:19:48+08:00 ] ::1 /blog/admin.php?c=login&a=check
INFO: [ app_init ] --START--
INFO: Run Behavior\BuildLiteBehavior [ RunTime:0.000000s ]
INFO: [ app_init ] --END-- [ RunTime:0.001000s ]
INFO: [ app_begin ] --START--
INFO: Run Behavior\ReadHtmlCacheBehavior [ RunTime:0.001000s ]
INFO: [ app_begin ] --END-- [ RunTime:0.001000s ]
SQL: SHOW COLUMNS FROM `blog_admin` [ RunTime:0.6890s ]
SQL: SELECT * FROM `blog_admin` WHERE ( username="zsy" ) LIMIT 1   [ RunTime:0.2130s ]
NOTIC: [2] Missing argument 3 for show(), called in D:\wamp\www\blog\Application\Admin\Controller\LoginController.class.php on line 29 and defined D:\wamp\www\blog\Application\Common\Common\function.php 第 3 行.
NOTIC: [8] Undefined variable: data D:\wamp\www\blog\Application\Common\Common\function.php 第 8 行.

[ 2017-05-04T09:19:49+08:00 ] ::1 /blog/admin.php?c=login&a=check
INFO: [ app_init ] --START--
INFO: Run Behavior\BuildLiteBehavior [ RunTime:0.000000s ]
INFO: [ app_init ] --END-- [ RunTime:0.001000s ]
INFO: [ app_begin ] --START--
INFO: Run Behavior\ReadHtmlCacheBehavior [ RunTime:0.001000s ]
INFO: [ app_begin ] --END-- [ RunTime:0.001000s ]
SQL: SHOW COLUMNS FROM `blog_admin` [ RunTime:0.0400s ]
SQL: SELECT * FROM `blog_admin` WHERE ( username="zsy" ) LIMIT 1   [ RunTime:0.0010s ]
NOTIC: [2] Missing argument 3 for show(), called in D:\wamp\www\blog\Application\Admin\Controller\LoginController.class.php on line 29 and defined D:\wamp\www\blog\Application\Common\Common\function.php 第 3 行.
NOTIC: [8] Undefined variable: data D:\wamp\www\blog\Application\Common\Common\function.php 第 8 行.

[ 2017-05-04T09:19:49+08:00 ] ::1 /blog/admin.php?c=login&a=check
INFO: [ app_init ] --START--
INFO: Run Behavior\BuildLiteBehavior [ RunTime:0.000000s ]
INFO: [ app_init ] --END-- [ RunTime:0.001000s ]
INFO: [ app_begin ] --START--
INFO: Run Behavior\ReadHtmlCacheBehavior [ RunTime:0.017001s ]
INFO: [ app_begin ] --END-- [ RunTime:0.017001s ]
SQL: SHOW COLUMNS FROM `blog_admin` [ RunTime:0.0420s ]
SQL: SELECT * FROM `blog_admin` WHERE ( username="zsy" ) LIMIT 1   [ RunTime:0.0010s ]
NOTIC: [2] Missing argument 3 for show(), called in D:\wamp\www\blog\Application\Admin\Controller\LoginController.class.php on line 29 and defined D:\wamp\www\blog\Application\Common\Common\function.php 第 3 行.
NOTIC: [8] Undefined variable: data D:\wamp\www\blog\Application\Common\Common\function.php 第 8 行.

[ 2017-05-04T09:19:49+08:00 ] ::1 /blog/admin.php?c=login&a=check
INFO: [ app_init ] --START--
INFO: Run Behavior\BuildLiteBehavior [ RunTime:0.000000s ]
INFO: [ app_init ] --END-- [ RunTime:0.001001s ]
INFO: [ app_begin ] --START--
INFO: Run Behavior\ReadHtmlCacheBehavior [ RunTime:0.001000s ]
INFO: [ app_begin ] --END-- [ RunTime:0.002000s ]
SQL: SHOW COLUMNS FROM `blog_admin` [ RunTime:0.0150s ]
SQL: SELECT * FROM `blog_admin` WHERE ( username="zsy" ) LIMIT 1   [ RunTime:0.0010s ]
NOTIC: [2] Missing argument 3 for show(), called in D:\wamp\www\blog\Application\Admin\Controller\LoginController.class.php on line 29 and defined D:\wamp\www\blog\Application\Common\Common\function.php 第 3 行.
NOTIC: [8] Undefined variable: data D:\wamp\www\blog\Application\Common\Common\function.php 第 8 行.

[ 2017-05-04T09:19:50+08:00 ] ::1 /blog/admin.php?c=admin&a=index
INFO: [ app_init ] --START--
INFO: Run Behavior\BuildLiteBehavior [ RunTime:0.000000s ]
INFO: [ app_init ] --END-- [ RunTime:0.001000s ]
INFO: [ app_begin ] --START--
INFO: Run Behavior\ReadHtmlCacheBehavior [ RunTime:0.000000s ]
INFO: [ app_begin ] --END-- [ RunTime:0.001000s ]
NOTIC: [2048] Declaration of Common\Model\NoteModel::find() should be compatible with Think\Model::find($options = Array) D:\wamp\www\blog\Application\Common\Model\NoteModel.class.php 第 8 行.
SQL: SHOW COLUMNS FROM `blog_note` [ RunTime:0.0390s ]
SQL: SELECT * FROM `blog_note` ORDER BY note_id desc LIMIT 0,3   [ RunTime:0.0300s ]
NOTIC: [8] Undefined variable: page D:\wamp\www\blog\Application\Common\Model\NoteModel.class.php 第 34 行.
NOTIC: [8] Undefined variable: pageSize D:\wamp\www\blog\Application\Common\Model\NoteModel.class.php 第 34 行.
SQL: SELECT COUNT(*) AS tp_count FROM `blog_note` LIMIT 1   [ RunTime:0.0710s ]
INFO: [ view_parse ] --START--
INFO: [ template_filter ] --START--
INFO: Run Behavior\ContentReplaceBehavior [ RunTime:0.000000s ]
INFO: [ template_filter ] --END-- [ RunTime:0.001000s ]
INFO: Run Behavior\ParseTemplateBehavior [ RunTime:0.319019s ]
INFO: [ view_parse ] --END-- [ RunTime:0.319019s ]
INFO: [ view_filter ] --START--
INFO: Run Behavior\WriteHtmlCacheBehavior [ RunTime:0.001000s ]
INFO: [ view_filter ] --END-- [ RunTime:0.001000s ]
INFO: [ app_end ] --START--
INFO: Run Behavior\ShowPageTraceBehavior [ RunTime:0.001000s ]
INFO: [ app_end ] --END-- [ RunTime:0.001000s ]

[ 2017-05-04T09:20:08+08:00 ] ::1 /blog/admin.php?c=content&a=delete&id=92
INFO: [ app_init ] --START--
INFO: Run Behavior\BuildLiteBehavior [ RunTime:0.001000s ]
INFO: [ app_init ] --END-- [ RunTime:0.001000s ]
INFO: [ app_begin ] --START--
INFO: Run Behavior\ReadHtmlCacheBehavior [ RunTime:0.001000s ]
INFO: [ app_begin ] --END-- [ RunTime:0.001000s ]
NOTIC: [2048] Declaration of Common\Model\NoteModel::find() should be compatible with Think\Model::find($options = Array) D:\wamp\www\blog\Application\Common\Model\NoteModel.class.php 第 8 行.
SQL: SHOW COLUMNS FROM `blog_note` [ RunTime:0.0050s ]
SQL: DELETE FROM `blog_note` WHERE ( note_id=92 ) [ RunTime:0.3280s ]
NOTIC: [2048] Declaration of Common\Model\NoteContentModel::find() should be compatible with Think\Model::find($options = Array) D:\wamp\www\blog\Application\Common\Model\NoteContentModel.class.php 第 44 行.
SQL: SHOW COLUMNS FROM `blog_note_content` [ RunTime:0.0100s ]
SQL: DELETE FROM `blog_note_content` WHERE ( note_id=92 ) [ RunTime:0.0010s ]
NOTIC: [2] Missing argument 3 for show(), called in D:\wamp\www\blog\Application\Admin\Controller\ContentController.class.php on line 106 and defined D:\wamp\www\blog\Application\Common\Common\function.php 第 3 行.
NOTIC: [8] Undefined variable: data D:\wamp\www\blog\Application\Common\Common\function.php 第 8 行.

[ 2017-05-04T09:20:10+08:00 ] ::1 /blog/admin.php?c=admin
INFO: [ app_init ] --START--
INFO: Run Behavior\BuildLiteBehavior [ RunTime:0.000000s ]
INFO: [ app_init ] --END-- [ RunTime:0.001000s ]
INFO: [ app_begin ] --START--
INFO: Run Behavior\ReadHtmlCacheBehavior [ RunTime:0.001000s ]
INFO: [ app_begin ] --END-- [ RunTime:0.001000s ]
NOTIC: [2048] Declaration of Common\Model\NoteModel::find() should be compatible with Think\Model::find($options = Array) D:\wamp\www\blog\Application\Common\Model\NoteModel.class.php 第 8 行.
SQL: SHOW COLUMNS FROM `blog_note` [ RunTime:0.0060s ]
SQL: SELECT * FROM `blog_note` ORDER BY note_id desc LIMIT 0,3   [ RunTime:0.0000s ]
NOTIC: [8] Undefined variable: page D:\wamp\www\blog\Application\Common\Model\NoteModel.class.php 第 34 行.
NOTIC: [8] Undefined variable: pageSize D:\wamp\www\blog\Application\Common\Model\NoteModel.class.php 第 34 行.
SQL: SELECT COUNT(*) AS tp_count FROM `blog_note` LIMIT 1   [ RunTime:0.0000s ]
INFO: [ view_parse ] --START--
INFO: [ template_filter ] --START--
INFO: Run Behavior\ContentReplaceBehavior [ RunTime:0.000000s ]
INFO: [ template_filter ] --END-- [ RunTime:0.000000s ]
INFO: Run Behavior\ParseTemplateBehavior [ RunTime:0.019001s ]
INFO: [ view_parse ] --END-- [ RunTime:0.020001s ]
INFO: [ view_filter ] --START--
INFO: Run Behavior\WriteHtmlCacheBehavior [ RunTime:0.001000s ]
INFO: [ view_filter ] --END-- [ RunTime:0.001000s ]
INFO: [ app_end ] --START--
INFO: Run Behavior\ShowPageTraceBehavior [ RunTime:0.002000s ]
INFO: [ app_end ] --END-- [ RunTime:0.002000s ]

[ 2017-05-04T09:20:11+08:00 ] ::1 /blog/admin.php?c=content&a=delete&id=91
INFO: [ app_init ] --START--
INFO: Run Behavior\BuildLiteBehavior [ RunTime:0.000000s ]
INFO: [ app_init ] --END-- [ RunTime:0.001000s ]
INFO: [ app_begin ] --START--
INFO: Run Behavior\ReadHtmlCacheBehavior [ RunTime:0.001000s ]
INFO: [ app_begin ] --END-- [ RunTime:0.002000s ]
NOTIC: [2048] Declaration of Common\Model\NoteModel::find() should be compatible with Think\Model::find($options = Array) D:\wamp\www\blog\Application\Common\Model\NoteModel.class.php 第 8 行.
SQL: SHOW COLUMNS FROM `blog_note` [ RunTime:0.0050s ]
SQL: DELETE FROM `blog_note` WHERE ( note_id=91 ) [ RunTime:0.0670s ]
NOTIC: [2048] Declaration of Common\Model\NoteContentModel::find() should be compatible with Think\Model::find($options = Array) D:\wamp\www\blog\Application\Common\Model\NoteContentModel.class.php 第 44 行.
SQL: SHOW COLUMNS FROM `blog_note_content` [ RunTime:0.0040s ]
SQL: DELETE FROM `blog_note_content` WHERE ( note_id=91 ) [ RunTime:0.0320s ]
NOTIC: [2] Missing argument 3 for show(), called in D:\wamp\www\blog\Application\Admin\Controller\ContentController.class.php on line 106 and defined D:\wamp\www\blog\Application\Common\Common\function.php 第 3 行.
NOTIC: [8] Undefined variable: data D:\wamp\www\blog\Application\Common\Common\function.php 第 8 行.

[ 2017-05-04T09:20:12+08:00 ] ::1 /blog/admin.php?c=admin
INFO: [ app_init ] --START--
INFO: Run Behavior\BuildLiteBehavior [ RunTime:0.000000s ]
INFO: [ app_init ] --END-- [ RunTime:0.002000s ]
INFO: [ app_begin ] --START--
INFO: Run Behavior\ReadHtmlCacheBehavior [ RunTime:0.001000s ]
INFO: [ app_begin ] --END-- [ RunTime:0.001000s ]
NOTIC: [2048] Declaration of Common\Model\NoteModel::find() should be compatible with Think\Model::find($options = Array) D:\wamp\www\blog\Application\Common\Model\NoteModel.class.php 第 8 行.
SQL: SHOW COLUMNS FROM `blog_note` [ RunTime:0.0050s ]
SQL: SELECT * FROM `blog_note` ORDER BY note_id desc LIMIT 0,3   [ RunTime:0.0010s ]
NOTIC: [8] Undefined variable: page D:\wamp\www\blog\Application\Common\Model\NoteModel.class.php 第 34 行.
NOTIC: [8] Undefined variable: pageSize D:\wamp\www\blog\Application\Common\Model\NoteModel.class.php 第 34 行.
SQL: SELECT COUNT(*) AS tp_count FROM `blog_note` LIMIT 1   [ RunTime:0.0000s ]
INFO: [ view_parse ] --START--
INFO: [ template_filter ] --START--
INFO: Run Behavior\ContentReplaceBehavior [ RunTime:0.000000s ]
INFO: [ template_filter ] --END-- [ RunTime:0.000000s ]
INFO: Run Behavior\ParseTemplateBehavior [ RunTime:0.018001s ]
INFO: [ view_parse ] --END-- [ RunTime:0.018001s ]
INFO: [ view_filter ] --START--
INFO: Run Behavior\WriteHtmlCacheBehavior [ RunTime:0.000000s ]
INFO: [ view_filter ] --END-- [ RunTime:0.001000s ]
INFO: [ app_end ] --START--
INFO: Run Behavior\ShowPageTraceBehavior [ RunTime:0.001000s ]
INFO: [ app_end ] --END-- [ RunTime:0.001000s ]

[ 2017-05-04T09:20:13+08:00 ] ::1 /blog/admin.php?c=content&a=delete&id=90
INFO: [ app_init ] --START--
INFO: Run Behavior\BuildLiteBehavior [ RunTime:0.000000s ]
INFO: [ app_init ] --END-- [ RunTime:0.001000s ]
INFO: [ app_begin ] --START--
INFO: Run Behavior\ReadHtmlCacheBehavior [ RunTime:0.001000s ]
INFO: [ app_begin ] --END-- [ RunTime:0.001000s ]
NOTIC: [2048] Declaration of Common\Model\NoteModel::find() should be compatible with Think\Model::find($options = Array) D:\wamp\www\blog\Application\Common\Model\NoteModel.class.php 第 8 行.
SQL: SHOW COLUMNS FROM `blog_note` [ RunTime:0.0050s ]
SQL: DELETE FROM `blog_note` WHERE ( note_id=90 ) [ RunTime:0.0010s ]
NOTIC: [2048] Declaration of Common\Model\NoteContentModel::find() should be compatible with Think\Model::find($options = Array) D:\wamp\www\blog\Application\Common\Model\NoteContentModel.class.php 第 44 行.
SQL: SHOW COLUMNS FROM `blog_note_content` [ RunTime:0.0050s ]
SQL: DELETE FROM `blog_note_content` WHERE ( note_id=90 ) [ RunTime:0.0470s ]
NOTIC: [2] Missing argument 3 for show(), called in D:\wamp\www\blog\Application\Admin\Controller\ContentController.class.php on line 106 and defined D:\wamp\www\blog\Application\Common\Common\function.php 第 3 行.
NOTIC: [8] Undefined variable: data D:\wamp\www\blog\Application\Common\Common\function.php 第 8 行.

[ 2017-05-04T09:20:14+08:00 ] ::1 /blog/admin.php?c=admin
INFO: [ app_init ] --START--
INFO: Run Behavior\BuildLiteBehavior [ RunTime:0.000000s ]
INFO: [ app_init ] --END-- [ RunTime:0.001000s ]
INFO: [ app_begin ] --START--
INFO: Run Behavior\ReadHtmlCacheBehavior [ RunTime:0.001000s ]
INFO: [ app_begin ] --END-- [ RunTime:0.001000s ]
NOTIC: [2048] Declaration of Common\Model\NoteModel::find() should be compatible with Think\Model::find($options = Array) D:\wamp\www\blog\Application\Common\Model\NoteModel.class.php 第 8 行.
SQL: SHOW COLUMNS FROM `blog_note` [ RunTime:0.0050s ]
SQL: SELECT * FROM `blog_note` ORDER BY note_id desc LIMIT 0,3   [ RunTime:0.0000s ]
NOTIC: [8] Undefined variable: page D:\wamp\www\blog\Application\Common\Model\NoteModel.class.php 第 34 行.
NOTIC: [8] Undefined variable: pageSize D:\wamp\www\blog\Application\Common\Model\NoteModel.class.php 第 34 行.
SQL: SELECT COUNT(*) AS tp_count FROM `blog_note` LIMIT 1   [ RunTime:0.0000s ]
INFO: [ view_parse ] --START--
INFO: [ template_filter ] --START--
INFO: Run Behavior\ContentReplaceBehavior [ RunTime:0.000000s ]
INFO: [ template_filter ] --END-- [ RunTime:0.001000s ]
INFO: Run Behavior\ParseTemplateBehavior [ RunTime:0.017001s ]
INFO: [ view_parse ] --END-- [ RunTime:0.019001s ]
INFO: [ view_filter ] --START--
INFO: Run Behavior\WriteHtmlCacheBehavior [ RunTime:0.000000s ]
INFO: [ view_filter ] --END-- [ RunTime:0.001000s ]
INFO: [ app_end ] --START--
INFO: Run Behavior\ShowPageTraceBehavior [ RunTime:0.001000s ]
INFO: [ app_end ] --END-- [ RunTime:0.001000s ]

[ 2017-05-04T09:20:15+08:00 ] ::1 /blog/admin.php?c=content&a=delete&id=85
INFO: [ app_init ] --START--
INFO: Run Behavior\BuildLiteBehavior [ RunTime:0.000000s ]
INFO: [ app_init ] --END-- [ RunTime:0.001000s ]
INFO: [ app_begin ] --START--
INFO: Run Behavior\ReadHtmlCacheBehavior [ RunTime:0.000000s ]
INFO: [ app_begin ] --END-- [ RunTime:0.002000s ]
NOTIC: [2048] Declaration of Common\Model\NoteModel::find() should be compatible with Think\Model::find($options = Array) D:\wamp\www\blog\Application\Common\Model\NoteModel.class.php 第 8 行.
SQL: SHOW COLUMNS FROM `blog_note` [ RunTime:0.0050s ]
SQL: DELETE FROM `blog_note` WHERE ( note_id=85 ) [ RunTime:0.0090s ]
NOTIC: [2048] Declaration of Common\Model\NoteContentModel::find() should be compatible with Think\Model::find($options = Array) D:\wamp\www\blog\Application\Common\Model\NoteContentModel.class.php 第 44 行.
SQL: SHOW COLUMNS FROM `blog_note_content` [ RunTime:0.0190s ]
SQL: DELETE FROM `blog_note_content` WHERE ( note_id=85 ) [ RunTime:0.0010s ]
NOTIC: [2] Missing argument 3 for show(), called in D:\wamp\www\blog\Application\Admin\Controller\ContentController.class.php on line 106 and defined D:\wamp\www\blog\Application\Common\Common\function.php 第 3 行.
NOTIC: [8] Undefined variable: data D:\wamp\www\blog\Application\Common\Common\function.php 第 8 行.

[ 2017-05-04T09:20:17+08:00 ] ::1 /blog/admin.php?c=admin
INFO: [ app_init ] --START--
INFO: Run Behavior\BuildLiteBehavior [ RunTime:0.000000s ]
INFO: [ app_init ] --END-- [ RunTime:0.001000s ]
INFO: [ app_begin ] --START--
INFO: Run Behavior\ReadHtmlCacheBehavior [ RunTime:0.001000s ]
INFO: [ app_begin ] --END-- [ RunTime:0.002000s ]
NOTIC: [2048] Declaration of Common\Model\NoteModel::find() should be compatible with Think\Model::find($options = Array) D:\wamp\www\blog\Application\Common\Model\NoteModel.class.php 第 8 行.
SQL: SHOW COLUMNS FROM `blog_note` [ RunTime:0.0050s ]
SQL: SELECT * FROM `blog_note` ORDER BY note_id desc LIMIT 0,3   [ RunTime:0.0010s ]
NOTIC: [8] Undefined variable: page D:\wamp\www\blog\Application\Common\Model\NoteModel.class.php 第 34 行.
NOTIC: [8] Undefined variable: pageSize D:\wamp\www\blog\Application\Common\Model\NoteModel.class.php 第 34 行.
SQL: SELECT COUNT(*) AS tp_count FROM `blog_note` LIMIT 1   [ RunTime:0.0000s ]
INFO: [ view_parse ] --START--
INFO: [ template_filter ] --START--
INFO: Run Behavior\ContentReplaceBehavior [ RunTime:0.000000s ]
INFO: [ template_filter ] --END-- [ RunTime:0.000000s ]
INFO: Run Behavior\ParseTemplateBehavior [ RunTime:0.017001s ]
INFO: [ view_parse ] --END-- [ RunTime:0.018001s ]
INFO: [ view_filter ] --START--
INFO: Run Behavior\WriteHtmlCacheBehavior [ RunTime:0.000000s ]
INFO: [ view_filter ] --END-- [ RunTime:0.001000s ]
INFO: [ app_end ] --START--
INFO: Run Behavior\ShowPageTraceBehavior [ RunTime:0.000000s ]
INFO: [ app_end ] --END-- [ RunTime:0.001000s ]

[ 2017-05-04T09:20:28+08:00 ] ::1 /blog/admin.php?c=content&a=delete&id=84
INFO: [ app_init ] --START--
INFO: Run Behavior\BuildLiteBehavior [ RunTime:0.000000s ]
INFO: [ app_init ] --END-- [ RunTime:0.000000s ]
INFO: [ app_begin ] --START--
INFO: Run Behavior\ReadHtmlCacheBehavior [ RunTime:0.001000s ]
INFO: [ app_begin ] --END-- [ RunTime:0.001000s ]
NOTIC: [2048] Declaration of Common\Model\NoteModel::find() should be compatible with Think\Model::find($options = Array) D:\wamp\www\blog\Application\Common\Model\NoteModel.class.php 第 8 行.
SQL: SHOW COLUMNS FROM `blog_note` [ RunTime:0.0110s ]
SQL: DELETE FROM `blog_note` WHERE ( note_id=84 ) [ RunTime:0.0350s ]
NOTIC: [2048] Declaration of Common\Model\NoteContentModel::find() should be compatible with Think\Model::find($options = Array) D:\wamp\www\blog\Application\Common\Model\NoteContentModel.class.php 第 44 行.
SQL: SHOW COLUMNS FROM `blog_note_content` [ RunTime:0.0090s ]
SQL: DELETE FROM `blog_note_content` WHERE ( note_id=84 ) [ RunTime:0.0020s ]
NOTIC: [2] Missing argument 3 for show(), called in D:\wamp\www\blog\Application\Admin\Controller\ContentController.class.php on line 106 and defined D:\wamp\www\blog\Application\Common\Common\function.php 第 3 行.
NOTIC: [8] Undefined variable: data D:\wamp\www\blog\Application\Common\Common\function.php 第 8 行.

[ 2017-05-04T09:20:30+08:00 ] ::1 /blog/admin.php?c=admin
INFO: [ app_init ] --START--
INFO: Run Behavior\BuildLiteBehavior [ RunTime:0.000000s ]
INFO: [ app_init ] --END-- [ RunTime:0.001001s ]
INFO: [ app_begin ] --START--
INFO: Run Behavior\ReadHtmlCacheBehavior [ RunTime:0.000000s ]
INFO: [ app_begin ] --END-- [ RunTime:0.002000s ]
NOTIC: [2048] Declaration of Common\Model\NoteModel::find() should be compatible with Think\Model::find($options = Array) D:\wamp\www\blog\Application\Common\Model\NoteModel.class.php 第 8 行.
SQL: SHOW COLUMNS FROM `blog_note` [ RunTime:0.0060s ]
SQL: SELECT * FROM `blog_note` ORDER BY note_id desc LIMIT 0,3   [ RunTime:0.0000s ]
NOTIC: [8] Undefined variable: page D:\wamp\www\blog\Application\Common\Model\NoteModel.class.php 第 34 行.
NOTIC: [8] Undefined variable: pageSize D:\wamp\www\blog\Application\Common\Model\NoteModel.class.php 第 34 行.
SQL: SELECT COUNT(*) AS tp_count FROM `blog_note` LIMIT 1   [ RunTime:0.0010s ]
INFO: [ view_parse ] --START--
INFO: [ template_filter ] --START--
INFO: Run Behavior\ContentReplaceBehavior [ RunTime:0.000000s ]
INFO: [ template_filter ] --END-- [ RunTime:0.001000s ]
INFO: Run Behavior\ParseTemplateBehavior [ RunTime:0.019001s ]
INFO: [ view_parse ] --END-- [ RunTime:0.019001s ]
INFO: [ view_filter ] --START--
INFO: Run Behavior\WriteHtmlCacheBehavior [ RunTime:0.001000s ]
INFO: [ view_filter ] --END-- [ RunTime:0.001000s ]
INFO: [ app_end ] --START--
INFO: Run Behavior\ShowPageTraceBehavior [ RunTime:0.001000s ]
INFO: [ app_end ] --END-- [ RunTime:0.001000s ]

[ 2017-05-04T09:20:37+08:00 ] ::1 /blog/admin.php?c=content&a=delete&id=83
INFO: [ app_init ] --START--
INFO: Run Behavior\BuildLiteBehavior [ RunTime:0.000000s ]
INFO: [ app_init ] --END-- [ RunTime:0.001000s ]
INFO: [ app_begin ] --START--
INFO: Run Behavior\ReadHtmlCacheBehavior [ RunTime:0.000000s ]
INFO: [ app_begin ] --END-- [ RunTime:0.001000s ]
NOTIC: [2048] Declaration of Common\Model\NoteModel::find() should be compatible with Think\Model::find($options = Array) D:\wamp\www\blog\Application\Common\Model\NoteModel.class.php 第 8 行.
SQL: SHOW COLUMNS FROM `blog_note` [ RunTime:0.0050s ]
SQL: DELETE FROM `blog_note` WHERE ( note_id=83 ) [ RunTime:0.0020s ]
NOTIC: [2048] Declaration of Common\Model\NoteContentModel::find() should be compatible with Think\Model::find($options = Array) D:\wamp\www\blog\Application\Common\Model\NoteContentModel.class.php 第 44 行.
SQL: SHOW COLUMNS FROM `blog_note_content` [ RunTime:0.0050s ]
SQL: DELETE FROM `blog_note_content` WHERE ( note_id=83 ) [ RunTime:0.0020s ]
NOTIC: [2] Missing argument 3 for show(), called in D:\wamp\www\blog\Application\Admin\Controller\ContentController.class.php on line 106 and defined D:\wamp\www\blog\Application\Common\Common\function.php 第 3 行.
NOTIC: [8] Undefined variable: data D:\wamp\www\blog\Application\Common\Common\function.php 第 8 行.

[ 2017-05-04T09:20:39+08:00 ] ::1 /blog/admin.php?c=admin
INFO: [ app_init ] --START--
INFO: Run Behavior\BuildLiteBehavior [ RunTime:0.000000s ]
INFO: [ app_init ] --END-- [ RunTime:0.002000s ]
INFO: [ app_begin ] --START--
INFO: Run Behavior\ReadHtmlCacheBehavior [ RunTime:0.001000s ]
INFO: [ app_begin ] --END-- [ RunTime:0.001000s ]
NOTIC: [2048] Declaration of Common\Model\NoteModel::find() should be compatible with Think\Model::find($options = Array) D:\wamp\www\blog\Application\Common\Model\NoteModel.class.php 第 8 行.
SQL: SHOW COLUMNS FROM `blog_note` [ RunTime:0.0050s ]
SQL: SELECT * FROM `blog_note` ORDER BY note_id desc LIMIT 0,3   [ RunTime:0.0010s ]
NOTIC: [8] Undefined variable: page D:\wamp\www\blog\Application\Common\Model\NoteModel.class.php 第 34 行.
NOTIC: [8] Undefined variable: pageSize D:\wamp\www\blog\Application\Common\Model\NoteModel.class.php 第 34 行.
SQL: SELECT COUNT(*) AS tp_count FROM `blog_note` LIMIT 1   [ RunTime:0.0010s ]
INFO: [ view_parse ] --START--
INFO: [ template_filter ] --START--
INFO: Run Behavior\ContentReplaceBehavior [ RunTime:0.001000s ]
INFO: [ template_filter ] --END-- [ RunTime:0.001000s ]
INFO: Run Behavior\ParseTemplateBehavior [ RunTime:0.018001s ]
INFO: [ view_parse ] --END-- [ RunTime:0.018001s ]
INFO: [ view_filter ] --START--
INFO: Run Behavior\WriteHtmlCacheBehavior [ RunTime:0.000000s ]
INFO: [ view_filter ] --END-- [ RunTime:0.001000s ]
INFO: [ app_end ] --START--
INFO: Run Behavior\ShowPageTraceBehavior [ RunTime:0.001000s ]
INFO: [ app_end ] --END-- [ RunTime:0.001000s ]

[ 2017-05-04T09:20:40+08:00 ] ::1 /blog/admin.php?c=content&a=edit&id=82
INFO: [ app_init ] --START--
INFO: Run Behavior\BuildLiteBehavior [ RunTime:0.000000s ]
INFO: [ app_init ] --END-- [ RunTime:0.000000s ]
INFO: [ app_begin ] --START--
INFO: Run Behavior\ReadHtmlCacheBehavior [ RunTime:0.001000s ]
INFO: [ app_begin ] --END-- [ RunTime:0.001000s ]
NOTIC: [2048] Declaration of Common\Model\NoteModel::find() should be compatible with Think\Model::find($options = Array) D:\wamp\www\blog\Application\Common\Model\NoteModel.class.php 第 8 行.
SQL: SHOW COLUMNS FROM `blog_note` [ RunTime:0.0050s ]
SQL: SELECT * FROM `blog_note` WHERE ( note_id=82 ) LIMIT 1   [ RunTime:0.0010s ]
NOTIC: [2048] Declaration of Common\Model\NoteContentModel::find() should be compatible with Think\Model::find($options = Array) D:\wamp\www\blog\Application\Common\Model\NoteContentModel.class.php 第 44 行.
SQL: SHOW COLUMNS FROM `blog_note_content` [ RunTime:0.0040s ]
SQL: SELECT * FROM `blog_note_content` WHERE ( note_id=82 ) LIMIT 1   [ RunTime:0.0010s ]
INFO: [ view_parse ] --START--
INFO: [ template_filter ] --START--
INFO: Run Behavior\ContentReplaceBehavior [ RunTime:0.000000s ]
INFO: [ template_filter ] --END-- [ RunTime:0.000000s ]
INFO: Run Behavior\ParseTemplateBehavior [ RunTime:0.039002s ]
INFO: [ view_parse ] --END-- [ RunTime:0.039002s ]
INFO: [ view_filter ] --START--
INFO: Run Behavior\WriteHtmlCacheBehavior [ RunTime:0.001000s ]
INFO: [ view_filter ] --END-- [ RunTime:0.001000s ]
INFO: [ app_end ] --START--
INFO: Run Behavior\ShowPageTraceBehavior [ RunTime:0.001000s ]
INFO: [ app_end ] --END-- [ RunTime:0.001000s ]

[ 2017-05-04T16:43:35+08:00 ] ::1 /blog/admin.php?c=content&a=delete&id=82
INFO: [ app_init ] --START--
INFO: Run Behavior\BuildLiteBehavior [ RunTime:0.000000s ]
INFO: [ app_init ] --END-- [ RunTime:0.001001s ]
INFO: [ app_begin ] --START--
INFO: Run Behavior\ReadHtmlCacheBehavior [ RunTime:0.001000s ]
INFO: [ app_begin ] --END-- [ RunTime:0.001000s ]
NOTIC: [2048] Declaration of Common\Model\NoteModel::find() should be compatible with Think\Model::find($options = Array) D:\wamp\www\blog\Application\Common\Model\NoteModel.class.php 第 8 行.
SQL: SHOW COLUMNS FROM `blog_note` [ RunTime:0.0200s ]
SQL: DELETE FROM `blog_note` WHERE ( note_id=82 ) [ RunTime:0.0350s ]
NOTIC: [2048] Declaration of Common\Model\NoteContentModel::find() should be compatible with Think\Model::find($options = Array) D:\wamp\www\blog\Application\Common\Model\NoteContentModel.class.php 第 44 行.
SQL: SHOW COLUMNS FROM `blog_note_content` [ RunTime:0.0100s ]
SQL: DELETE FROM `blog_note_content` WHERE ( note_id=82 ) [ RunTime:0.0370s ]
NOTIC: [2] Missing argument 3 for show(), called in D:\wamp\www\blog\Application\Admin\Controller\ContentController.class.php on line 106 and defined D:\wamp\www\blog\Application\Common\Common\function.php 第 3 行.
NOTIC: [8] Undefined variable: data D:\wamp\www\blog\Application\Common\Common\function.php 第 8 行.

[ 2017-05-04T16:43:37+08:00 ] ::1 /blog/admin.php?c=admin
INFO: [ app_init ] --START--
INFO: Run Behavior\BuildLiteBehavior [ RunTime:0.000000s ]
INFO: [ app_init ] --END-- [ RunTime:0.001000s ]
INFO: [ app_begin ] --START--
INFO: Run Behavior\ReadHtmlCacheBehavior [ RunTime:0.000000s ]
INFO: [ app_begin ] --END-- [ RunTime:0.002000s ]
NOTIC: [2048] Declaration of Common\Model\NoteModel::find() should be compatible with Think\Model::find($options = Array) D:\wamp\www\blog\Application\Common\Model\NoteModel.class.php 第 8 行.
SQL: SHOW COLUMNS FROM `blog_note` [ RunTime:0.0530s ]
SQL: SELECT * FROM `blog_note` ORDER BY note_id desc LIMIT 0,3   [ RunTime:0.0000s ]
NOTIC: [8] Undefined variable: page D:\wamp\www\blog\Application\Common\Model\NoteModel.class.php 第 34 行.
NOTIC: [8] Undefined variable: pageSize D:\wamp\www\blog\Application\Common\Model\NoteModel.class.php 第 34 行.
SQL: SELECT COUNT(*) AS tp_count FROM `blog_note` LIMIT 1   [ RunTime:0.0010s ]
INFO: [ view_parse ] --START--
INFO: [ template_filter ] --START--
INFO: Run Behavior\ContentReplaceBehavior [ RunTime:0.000000s ]
INFO: [ template_filter ] --END-- [ RunTime:0.000000s ]
INFO: Run Behavior\ParseTemplateBehavior [ RunTime:0.032002s ]
INFO: [ view_parse ] --END-- [ RunTime:0.032002s ]
INFO: [ view_filter ] --START--
INFO: Run Behavior\WriteHtmlCacheBehavior [ RunTime:0.001000s ]
INFO: [ view_filter ] --END-- [ RunTime:0.001000s ]
INFO: [ app_end ] --START--
INFO: Run Behavior\ShowPageTraceBehavior [ RunTime:0.001000s ]
INFO: [ app_end ] --END-- [ RunTime:0.002000s ]

[ 2017-05-04T16:43:40+08:00 ] ::1 /blog/admin.php?c=admin&a=add
INFO: [ app_init ] --START--
INFO: Run Behavior\BuildLiteBehavior [ RunTime:0.000000s ]
INFO: [ app_init ] --END-- [ RunTime:0.001001s ]
INFO: [ app_begin ] --START--
INFO: Run Behavior\ReadHtmlCacheBehavior [ RunTime:0.001000s ]
INFO: [ app_begin ] --END-- [ RunTime:0.001000s ]
INFO: [ view_parse ] --START--
INFO: [ template_filter ] --START--
INFO: Run Behavior\ContentReplaceBehavior [ RunTime:0.000000s ]
INFO: [ template_filter ] --END-- [ RunTime:0.000000s ]
INFO: Run Behavior\ParseTemplateBehavior [ RunTime:0.058003s ]
INFO: [ view_parse ] --END-- [ RunTime:0.058003s ]
INFO: [ view_filter ] --START--
INFO: Run Behavior\WriteHtmlCacheBehavior [ RunTime:0.001000s ]
INFO: [ view_filter ] --END-- [ RunTime:0.001000s ]
INFO: [ app_end ] --START--
INFO: Run Behavior\ShowPageTraceBehavior [ RunTime:0.001000s ]
INFO: [ app_end ] --END-- [ RunTime:0.001000s ]

[ 2017-05-04T16:44:16+08:00 ] ::1 /blog/admin.php?c=content&a=add
INFO: [ app_init ] --START--
INFO: Run Behavior\BuildLiteBehavior [ RunTime:0.000000s ]
INFO: [ app_init ] --END-- [ RunTime:0.001000s ]
INFO: [ app_begin ] --START--
INFO: Run Behavior\ReadHtmlCacheBehavior [ RunTime:0.001000s ]
INFO: [ app_begin ] --END-- [ RunTime:0.001000s ]
NOTIC: [8] Undefined index: note_id D:\wamp\www\blog\Application\Admin\Controller\ContentController.class.php 第 49 行.
NOTIC: [2048] Declaration of Common\Model\NoteModel::find() should be compatible with Think\Model::find($options = Array) D:\wamp\www\blog\Application\Common\Model\NoteModel.class.php 第 8 行.
SQL: SHOW COLUMNS FROM `blog_note` [ RunTime:0.0050s ]
SQL: INSERT INTO `blog_note` (`title`,`author`,`tag`,`description`,`date`) VALUES ('33','333','3333333333','33333333333333333333','2017-05-04 16:44') [ RunTime:0.0810s ]
NOTIC: [2048] Declaration of Common\Model\NoteContentModel::find() should be compatible with Think\Model::find($options = Array) D:\wamp\www\blog\Application\Common\Model\NoteContentModel.class.php 第 44 行.
SQL: SHOW COLUMNS FROM `blog_note_content` [ RunTime:0.0120s ]
SQL: INSERT INTO `blog_note_content` (`content`,`note_id`,`content_id`) VALUES ('33333333333333333333333333333333333333333333333333333333333333333333333333333333333333333333333333333333333333333333333333333333333333333333333333333333333333333333333333333333333333333333333333333333333333333333333333333333333333333333333333333333333333333333333333333333333333333333333333333333333333333333333333333333333333333333333333333333333333333333333333333333333333333333333333','93','93') [ RunTime:0.0180s ]
NOTIC: [2] Missing argument 3 for show(), called in D:\wamp\www\blog\Application\Admin\Controller\ContentController.class.php on line 63 and defined D:\wamp\www\blog\Application\Common\Common\function.php 第 3 行.
NOTIC: [8] Undefined variable: data D:\wamp\www\blog\Application\Common\Common\function.php 第 8 行.

[ 2017-05-04T16:44:18+08:00 ] ::1 /blog/admin.php?c=admin
INFO: [ app_init ] --START--
INFO: Run Behavior\BuildLiteBehavior [ RunTime:0.000000s ]
INFO: [ app_init ] --END-- [ RunTime:0.001000s ]
INFO: [ app_begin ] --START--
INFO: Run Behavior\ReadHtmlCacheBehavior [ RunTime:0.001000s ]
INFO: [ app_begin ] --END-- [ RunTime:0.001000s ]
NOTIC: [2048] Declaration of Common\Model\NoteModel::find() should be compatible with Think\Model::find($options = Array) D:\wamp\www\blog\Application\Common\Model\NoteModel.class.php 第 8 行.
SQL: SHOW COLUMNS FROM `blog_note` [ RunTime:0.0050s ]
SQL: SELECT * FROM `blog_note` ORDER BY note_id desc LIMIT 0,3   [ RunTime:0.0010s ]
NOTIC: [8] Undefined variable: page D:\wamp\www\blog\Application\Common\Model\NoteModel.class.php 第 34 行.
NOTIC: [8] Undefined variable: pageSize D:\wamp\www\blog\Application\Common\Model\NoteModel.class.php 第 34 行.
SQL: SELECT COUNT(*) AS tp_count FROM `blog_note` LIMIT 1   [ RunTime:0.0000s ]
INFO: [ view_parse ] --START--
INFO: [ template_filter ] --START--
INFO: Run Behavior\ContentReplaceBehavior [ RunTime:0.000000s ]
INFO: [ template_filter ] --END-- [ RunTime:0.000000s ]
INFO: Run Behavior\ParseTemplateBehavior [ RunTime:0.018001s ]
INFO: [ view_parse ] --END-- [ RunTime:0.018001s ]
INFO: [ view_filter ] --START--
INFO: Run Behavior\WriteHtmlCacheBehavior [ RunTime:0.000000s ]
INFO: [ view_filter ] --END-- [ RunTime:0.000000s ]
INFO: [ app_end ] --START--
INFO: Run Behavior\ShowPageTraceBehavior [ RunTime:0.001000s ]
INFO: [ app_end ] --END-- [ RunTime:0.001000s ]

[ 2017-05-04T16:44:21+08:00 ] ::1 /blog/admin.php?c=admin&a=add
INFO: [ app_init ] --START--
INFO: Run Behavior\BuildLiteBehavior [ RunTime:0.000000s ]
INFO: [ app_init ] --END-- [ RunTime:0.001000s ]
INFO: [ app_begin ] --START--
INFO: Run Behavior\ReadHtmlCacheBehavior [ RunTime:0.001000s ]
INFO: [ app_begin ] --END-- [ RunTime:0.001000s ]
INFO: [ view_parse ] --START--
INFO: [ template_filter ] --START--
INFO: Run Behavior\ContentReplaceBehavior [ RunTime:0.000000s ]
INFO: [ template_filter ] --END-- [ RunTime:0.001000s ]
INFO: Run Behavior\ParseTemplateBehavior [ RunTime:0.013001s ]
INFO: [ view_parse ] --END-- [ RunTime:0.013001s ]
INFO: [ view_filter ] --START--
INFO: Run Behavior\WriteHtmlCacheBehavior [ RunTime:0.001000s ]
INFO: [ view_filter ] --END-- [ RunTime:0.001000s ]
INFO: [ app_end ] --START--
INFO: Run Behavior\ShowPageTraceBehavior [ RunTime:0.001000s ]
INFO: [ app_end ] --END-- [ RunTime:0.001000s ]

[ 2017-05-04T16:44:29+08:00 ] ::1 /blog/admin.php?c=content&a=add
INFO: [ app_init ] --START--
INFO: Run Behavior\BuildLiteBehavior [ RunTime:0.000000s ]
INFO: [ app_init ] --END-- [ RunTime:0.001000s ]
INFO: [ app_begin ] --START--
INFO: Run Behavior\ReadHtmlCacheBehavior [ RunTime:0.001001s ]
INFO: [ app_begin ] --END-- [ RunTime:0.001001s ]
NOTIC: [8] Undefined index: note_id D:\wamp\www\blog\Application\Admin\Controller\ContentController.class.php 第 49 行.
NOTIC: [2048] Declaration of Common\Model\NoteModel::find() should be compatible with Think\Model::find($options = Array) D:\wamp\www\blog\Application\Common\Model\NoteModel.class.php 第 8 行.
SQL: SHOW COLUMNS FROM `blog_note` [ RunTime:0.0080s ]
SQL: INSERT INTO `blog_note` (`title`,`author`,`tag`,`description`,`date`) VALUES ('3333333333333333','333333333','3333333','3333333333333333333','2017-05-04 16:44') [ RunTime:0.0180s ]
NOTIC: [2048] Declaration of Common\Model\NoteContentModel::find() should be compatible with Think\Model::find($options = Array) D:\wamp\www\blog\Application\Common\Model\NoteContentModel.class.php 第 44 行.
SQL: SHOW COLUMNS FROM `blog_note_content` [ RunTime:0.0050s ]
SQL: INSERT INTO `blog_note_content` (`content`,`note_id`,`content_id`) VALUES ('33333333333333333333333333333333333333','94','94') [ RunTime:0.0130s ]
NOTIC: [2] Missing argument 3 for show(), called in D:\wamp\www\blog\Application\Admin\Controller\ContentController.class.php on line 63 and defined D:\wamp\www\blog\Application\Common\Common\function.php 第 3 行.
NOTIC: [8] Undefined variable: data D:\wamp\www\blog\Application\Common\Common\function.php 第 8 行.

[ 2017-05-04T16:44:30+08:00 ] ::1 /blog/admin.php?c=admin
INFO: [ app_init ] --START--
INFO: Run Behavior\BuildLiteBehavior [ RunTime:0.000000s ]
INFO: [ app_init ] --END-- [ RunTime:0.001000s ]
INFO: [ app_begin ] --START--
INFO: Run Behavior\ReadHtmlCacheBehavior [ RunTime:0.001000s ]
INFO: [ app_begin ] --END-- [ RunTime:0.002000s ]
NOTIC: [2048] Declaration of Common\Model\NoteModel::find() should be compatible with Think\Model::find($options = Array) D:\wamp\www\blog\Application\Common\Model\NoteModel.class.php 第 8 行.
SQL: SHOW COLUMNS FROM `blog_note` [ RunTime:0.0050s ]
SQL: SELECT * FROM `blog_note` ORDER BY note_id desc LIMIT 0,3   [ RunTime:0.0000s ]
NOTIC: [8] Undefined variable: page D:\wamp\www\blog\Application\Common\Model\NoteModel.class.php 第 34 行.
NOTIC: [8] Undefined variable: pageSize D:\wamp\www\blog\Application\Common\Model\NoteModel.class.php 第 34 行.
SQL: SELECT COUNT(*) AS tp_count FROM `blog_note` LIMIT 1   [ RunTime:0.0000s ]
INFO: [ view_parse ] --START--
INFO: [ template_filter ] --START--
INFO: Run Behavior\ContentReplaceBehavior [ RunTime:0.000000s ]
INFO: [ template_filter ] --END-- [ RunTime:0.000000s ]
INFO: Run Behavior\ParseTemplateBehavior [ RunTime:0.018001s ]
INFO: [ view_parse ] --END-- [ RunTime:0.018001s ]
INFO: [ view_filter ] --START--
INFO: Run Behavior\WriteHtmlCacheBehavior [ RunTime:0.001000s ]
INFO: [ view_filter ] --END-- [ RunTime:0.001000s ]
INFO: [ app_end ] --START--
INFO: Run Behavior\ShowPageTraceBehavior [ RunTime:0.000000s ]
INFO: [ app_end ] --END-- [ RunTime:0.001000s ]

[ 2017-05-04T16:44:32+08:00 ] ::1 /blog/admin.php?c=admin&a=add
INFO: [ app_init ] --START--
INFO: Run Behavior\BuildLiteBehavior [ RunTime:0.000000s ]
INFO: [ app_init ] --END-- [ RunTime:0.001000s ]
INFO: [ app_begin ] --START--
INFO: Run Behavior\ReadHtmlCacheBehavior [ RunTime:0.000000s ]
INFO: [ app_begin ] --END-- [ RunTime:0.001000s ]
INFO: [ view_parse ] --START--
INFO: [ template_filter ] --START--
INFO: Run Behavior\ContentReplaceBehavior [ RunTime:0.000000s ]
INFO: [ template_filter ] --END-- [ RunTime:0.000000s ]
INFO: Run Behavior\ParseTemplateBehavior [ RunTime:0.015001s ]
INFO: [ view_parse ] --END-- [ RunTime:0.015001s ]
INFO: [ view_filter ] --START--
INFO: Run Behavior\WriteHtmlCacheBehavior [ RunTime:0.000000s ]
INFO: [ view_filter ] --END-- [ RunTime:0.000000s ]
INFO: [ app_end ] --START--
INFO: Run Behavior\ShowPageTraceBehavior [ RunTime:0.001000s ]
INFO: [ app_end ] --END-- [ RunTime:0.001000s ]

[ 2017-05-04T16:44:42+08:00 ] ::1 /blog/admin.php?c=content&a=add
INFO: [ app_init ] --START--
INFO: Run Behavior\BuildLiteBehavior [ RunTime:0.000000s ]
INFO: [ app_init ] --END-- [ RunTime:0.001000s ]
INFO: [ app_begin ] --START--
INFO: Run Behavior\ReadHtmlCacheBehavior [ RunTime:0.001000s ]
INFO: [ app_begin ] --END-- [ RunTime:0.001000s ]
NOTIC: [8] Undefined index: note_id D:\wamp\www\blog\Application\Admin\Controller\ContentController.class.php 第 49 行.
NOTIC: [2048] Declaration of Common\Model\NoteModel::find() should be compatible with Think\Model::find($options = Array) D:\wamp\www\blog\Application\Common\Model\NoteModel.class.php 第 8 行.
SQL: SHOW COLUMNS FROM `blog_note` [ RunTime:0.0080s ]
SQL: INSERT INTO `blog_note` (`title`,`author`,`tag`,`description`,`date`) VALUES ('333333333333333333333333333333333333333333333333333','33333333333','3333333333333333','3333333333333','2017-05-04 16:44') [ RunTime:0.0020s ]
NOTIC: [2048] Declaration of Common\Model\NoteContentModel::find() should be compatible with Think\Model::find($options = Array) D:\wamp\www\blog\Application\Common\Model\NoteContentModel.class.php 第 44 行.
SQL: SHOW COLUMNS FROM `blog_note_content` [ RunTime:0.0060s ]
SQL: INSERT INTO `blog_note_content` (`content`,`note_id`,`content_id`) VALUES ('3333333333333333333333333333333333','95','95') [ RunTime:0.0270s ]
NOTIC: [2] Missing argument 3 for show(), called in D:\wamp\www\blog\Application\Admin\Controller\ContentController.class.php on line 63 and defined D:\wamp\www\blog\Application\Common\Common\function.php 第 3 行.
NOTIC: [8] Undefined variable: data D:\wamp\www\blog\Application\Common\Common\function.php 第 8 行.

[ 2017-05-04T16:44:43+08:00 ] ::1 /blog/admin.php?c=admin
INFO: [ app_init ] --START--
INFO: Run Behavior\BuildLiteBehavior [ RunTime:0.000000s ]
INFO: [ app_init ] --END-- [ RunTime:0.001000s ]
INFO: [ app_begin ] --START--
INFO: Run Behavior\ReadHtmlCacheBehavior [ RunTime:0.001000s ]
INFO: [ app_begin ] --END-- [ RunTime:0.002000s ]
NOTIC: [2048] Declaration of Common\Model\NoteModel::find() should be compatible with Think\Model::find($options = Array) D:\wamp\www\blog\Application\Common\Model\NoteModel.class.php 第 8 行.
SQL: SHOW COLUMNS FROM `blog_note` [ RunTime:0.0160s ]
SQL: SELECT * FROM `blog_note` ORDER BY note_id desc LIMIT 0,3   [ RunTime:0.0000s ]
NOTIC: [8] Undefined variable: page D:\wamp\www\blog\Application\Common\Model\NoteModel.class.php 第 34 行.
NOTIC: [8] Undefined variable: pageSize D:\wamp\www\blog\Application\Common\Model\NoteModel.class.php 第 34 行.
SQL: SELECT COUNT(*) AS tp_count FROM `blog_note` LIMIT 1   [ RunTime:0.0000s ]
INFO: [ view_parse ] --START--
INFO: [ template_filter ] --START--
INFO: Run Behavior\ContentReplaceBehavior [ RunTime:0.000000s ]
INFO: [ template_filter ] --END-- [ RunTime:0.000000s ]
INFO: Run Behavior\ParseTemplateBehavior [ RunTime:0.018001s ]
INFO: [ view_parse ] --END-- [ RunTime:0.018001s ]
INFO: [ view_filter ] --START--
INFO: Run Behavior\WriteHtmlCacheBehavior [ RunTime:0.000000s ]
INFO: [ view_filter ] --END-- [ RunTime:0.000000s ]
INFO: [ app_end ] --START--
INFO: Run Behavior\ShowPageTraceBehavior [ RunTime:0.001000s ]
INFO: [ app_end ] --END-- [ RunTime:0.001000s ]

[ 2017-05-04T16:44:46+08:00 ] ::1 /blog/admin.php?c=admin&a=add
INFO: [ app_init ] --START--
INFO: Run Behavior\BuildLiteBehavior [ RunTime:0.000000s ]
INFO: [ app_init ] --END-- [ RunTime:0.001000s ]
INFO: [ app_begin ] --START--
INFO: Run Behavior\ReadHtmlCacheBehavior [ RunTime:0.001000s ]
INFO: [ app_begin ] --END-- [ RunTime:0.001000s ]
INFO: [ view_parse ] --START--
INFO: [ template_filter ] --START--
INFO: Run Behavior\ContentReplaceBehavior [ RunTime:0.002000s ]
INFO: [ template_filter ] --END-- [ RunTime:0.003000s ]
INFO: Run Behavior\ParseTemplateBehavior [ RunTime:0.019001s ]
INFO: [ view_parse ] --END-- [ RunTime:0.019001s ]
INFO: [ view_filter ] --START--
INFO: Run Behavior\WriteHtmlCacheBehavior [ RunTime:0.001000s ]
INFO: [ view_filter ] --END-- [ RunTime:0.001000s ]
INFO: [ app_end ] --START--
INFO: Run Behavior\ShowPageTraceBehavior [ RunTime:0.001001s ]
INFO: [ app_end ] --END-- [ RunTime:0.001001s ]

[ 2017-05-04T16:44:55+08:00 ] ::1 /blog/admin.php?c=content&a=add
INFO: [ app_init ] --START--
INFO: Run Behavior\BuildLiteBehavior [ RunTime:0.000000s ]
INFO: [ app_init ] --END-- [ RunTime:0.001000s ]
INFO: [ app_begin ] --START--
INFO: Run Behavior\ReadHtmlCacheBehavior [ RunTime:0.001000s ]
INFO: [ app_begin ] --END-- [ RunTime:0.001000s ]
NOTIC: [8] Undefined index: note_id D:\wamp\www\blog\Application\Admin\Controller\ContentController.class.php 第 49 行.
NOTIC: [2048] Declaration of Common\Model\NoteModel::find() should be compatible with Think\Model::find($options = Array) D:\wamp\www\blog\Application\Common\Model\NoteModel.class.php 第 8 行.
SQL: SHOW COLUMNS FROM `blog_note` [ RunTime:0.0070s ]
SQL: INSERT INTO `blog_note` (`title`,`author`,`tag`,`description`,`date`) VALUES ('3333333333333333333','33333333333','333333333333333','33333333','2017-05-04 16:44') [ RunTime:0.0020s ]
NOTIC: [2048] Declaration of Common\Model\NoteContentModel::find() should be compatible with Think\Model::find($options = Array) D:\wamp\www\blog\Application\Common\Model\NoteContentModel.class.php 第 44 行.
SQL: SHOW COLUMNS FROM `blog_note_content` [ RunTime:0.0050s ]
SQL: INSERT INTO `blog_note_content` (`content`,`note_id`,`content_id`) VALUES ('33333333333333333333333333333333333333333333333333333333333333333','96','96') [ RunTime:0.0190s ]
NOTIC: [2] Missing argument 3 for show(), called in D:\wamp\www\blog\Application\Admin\Controller\ContentController.class.php on line 63 and defined D:\wamp\www\blog\Application\Common\Common\function.php 第 3 行.
NOTIC: [8] Undefined variable: data D:\wamp\www\blog\Application\Common\Common\function.php 第 8 行.

[ 2017-05-04T16:44:56+08:00 ] ::1 /blog/admin.php?c=admin
INFO: [ app_init ] --START--
INFO: Run Behavior\BuildLiteBehavior [ RunTime:0.000000s ]
INFO: [ app_init ] --END-- [ RunTime:0.001001s ]
INFO: [ app_begin ] --START--
INFO: Run Behavior\ReadHtmlCacheBehavior [ RunTime:0.001000s ]
INFO: [ app_begin ] --END-- [ RunTime:0.001000s ]
NOTIC: [2048] Declaration of Common\Model\NoteModel::find() should be compatible with Think\Model::find($options = Array) D:\wamp\www\blog\Application\Common\Model\NoteModel.class.php 第 8 行.
SQL: SHOW COLUMNS FROM `blog_note` [ RunTime:0.0050s ]
SQL: SELECT * FROM `blog_note` ORDER BY note_id desc LIMIT 0,3   [ RunTime:0.0000s ]
NOTIC: [8] Undefined variable: page D:\wamp\www\blog\Application\Common\Model\NoteModel.class.php 第 34 行.
NOTIC: [8] Undefined variable: pageSize D:\wamp\www\blog\Application\Common\Model\NoteModel.class.php 第 34 行.
SQL: SELECT COUNT(*) AS tp_count FROM `blog_note` LIMIT 1   [ RunTime:0.0010s ]
INFO: [ view_parse ] --START--
INFO: [ template_filter ] --START--
INFO: Run Behavior\ContentReplaceBehavior [ RunTime:0.000000s ]
INFO: [ template_filter ] --END-- [ RunTime:0.001000s ]
INFO: Run Behavior\ParseTemplateBehavior [ RunTime:0.017001s ]
INFO: [ view_parse ] --END-- [ RunTime:0.019001s ]
INFO: [ view_filter ] --START--
INFO: Run Behavior\WriteHtmlCacheBehavior [ RunTime:0.000000s ]
INFO: [ view_filter ] --END-- [ RunTime:0.001001s ]
INFO: [ app_end ] --START--
INFO: Run Behavior\ShowPageTraceBehavior [ RunTime:0.001000s ]
INFO: [ app_end ] --END-- [ RunTime:0.001000s ]

[ 2017-05-04T16:44:59+08:00 ] ::1 /blog/admin.php/Admin/Admin/index/p/2.html
INFO: [ app_init ] --START--
INFO: Run Behavior\BuildLiteBehavior [ RunTime:0.000000s ]
INFO: [ app_init ] --END-- [ RunTime:0.001000s ]
INFO: [ app_begin ] --START--
INFO: Run Behavior\ReadHtmlCacheBehavior [ RunTime:0.001000s ]
INFO: [ app_begin ] --END-- [ RunTime:0.001000s ]
NOTIC: [2048] Declaration of Common\Model\NoteModel::find() should be compatible with Think\Model::find($options = Array) D:\wamp\www\blog\Application\Common\Model\NoteModel.class.php 第 8 行.
SQL: SHOW COLUMNS FROM `blog_note` [ RunTime:0.0050s ]
SQL: SELECT * FROM `blog_note` ORDER BY note_id desc LIMIT 0,3   [ RunTime:0.0010s ]
NOTIC: [8] Undefined variable: page D:\wamp\www\blog\Application\Common\Model\NoteModel.class.php 第 34 行.
NOTIC: [8] Undefined variable: pageSize D:\wamp\www\blog\Application\Common\Model\NoteModel.class.php 第 34 行.
SQL: SELECT COUNT(*) AS tp_count FROM `blog_note` LIMIT 1   [ RunTime:0.0000s ]
INFO: [ view_parse ] --START--
INFO: [ template_filter ] --START--
INFO: Run Behavior\ContentReplaceBehavior [ RunTime:0.000000s ]
INFO: [ template_filter ] --END-- [ RunTime:0.001000s ]
INFO: Run Behavior\ParseTemplateBehavior [ RunTime:0.022001s ]
INFO: [ view_parse ] --END-- [ RunTime:0.023001s ]
INFO: [ view_filter ] --START--
INFO: Run Behavior\WriteHtmlCacheBehavior [ RunTime:0.001000s ]
INFO: [ view_filter ] --END-- [ RunTime:0.001000s ]
INFO: [ app_end ] --START--
INFO: Run Behavior\ShowPageTraceBehavior [ RunTime:0.001000s ]
INFO: [ app_end ] --END-- [ RunTime:0.001000s ]

[ 2017-05-04T16:45:02+08:00 ] ::1 /blog/admin.php/Admin/Admin/index/p/1.html
INFO: [ app_init ] --START--
INFO: Run Behavior\BuildLiteBehavior [ RunTime:0.000000s ]
INFO: [ app_init ] --END-- [ RunTime:0.001000s ]
INFO: [ app_begin ] --START--
INFO: Run Behavior\ReadHtmlCacheBehavior [ RunTime:0.001000s ]
INFO: [ app_begin ] --END-- [ RunTime:0.001000s ]
NOTIC: [2048] Declaration of Common\Model\NoteModel::find() should be compatible with Think\Model::find($options = Array) D:\wamp\www\blog\Application\Common\Model\NoteModel.class.php 第 8 行.
SQL: SHOW COLUMNS FROM `blog_note` [ RunTime:0.0060s ]
SQL: SELECT * FROM `blog_note` ORDER BY note_id desc LIMIT 0,3   [ RunTime:0.0000s ]
NOTIC: [8] Undefined variable: page D:\wamp\www\blog\Application\Common\Model\NoteModel.class.php 第 34 行.
NOTIC: [8] Undefined variable: pageSize D:\wamp\www\blog\Application\Common\Model\NoteModel.class.php 第 34 行.
SQL: SELECT COUNT(*) AS tp_count FROM `blog_note` LIMIT 1   [ RunTime:0.0010s ]
INFO: [ view_parse ] --START--
INFO: [ template_filter ] --START--
INFO: Run Behavior\ContentReplaceBehavior [ RunTime:0.000000s ]
INFO: [ template_filter ] --END-- [ RunTime:0.000000s ]
INFO: Run Behavior\ParseTemplateBehavior [ RunTime:0.018001s ]
INFO: [ view_parse ] --END-- [ RunTime:0.018001s ]
INFO: [ view_filter ] --START--
INFO: Run Behavior\WriteHtmlCacheBehavior [ RunTime:0.001000s ]
INFO: [ view_filter ] --END-- [ RunTime:0.001000s ]
INFO: [ app_end ] --START--
INFO: Run Behavior\ShowPageTraceBehavior [ RunTime:0.000000s ]
INFO: [ app_end ] --END-- [ RunTime:0.001000s ]

[ 2017-05-04T16:45:03+08:00 ] ::1 /blog/admin.php/Admin/Admin/index/p/2.html
INFO: [ app_init ] --START--
INFO: Run Behavior\BuildLiteBehavior [ RunTime:0.000000s ]
INFO: [ app_init ] --END-- [ RunTime:0.001000s ]
INFO: [ app_begin ] --START--
INFO: Run Behavior\ReadHtmlCacheBehavior [ RunTime:0.001000s ]
INFO: [ app_begin ] --END-- [ RunTime:0.001000s ]
NOTIC: [2048] Declaration of Common\Model\NoteModel::find() should be compatible with Think\Model::find($options = Array) D:\wamp\www\blog\Application\Common\Model\NoteModel.class.php 第 8 行.
SQL: SHOW COLUMNS FROM `blog_note` [ RunTime:0.0040s ]
SQL: SELECT * FROM `blog_note` ORDER BY note_id desc LIMIT 0,3   [ RunTime:0.0010s ]
NOTIC: [8] Undefined variable: page D:\wamp\www\blog\Application\Common\Model\NoteModel.class.php 第 34 行.
NOTIC: [8] Undefined variable: pageSize D:\wamp\www\blog\Application\Common\Model\NoteModel.class.php 第 34 行.
SQL: SELECT COUNT(*) AS tp_count FROM `blog_note` LIMIT 1   [ RunTime:0.0010s ]
INFO: [ view_parse ] --START--
INFO: [ template_filter ] --START--
INFO: Run Behavior\ContentReplaceBehavior [ RunTime:0.000000s ]
INFO: [ template_filter ] --END-- [ RunTime:0.000000s ]
INFO: Run Behavior\ParseTemplateBehavior [ RunTime:0.018001s ]
INFO: [ view_parse ] --END-- [ RunTime:0.018001s ]
INFO: [ view_filter ] --START--
INFO: Run Behavior\WriteHtmlCacheBehavior [ RunTime:0.001000s ]
INFO: [ view_filter ] --END-- [ RunTime:0.001000s ]
INFO: [ app_end ] --START--
INFO: Run Behavior\ShowPageTraceBehavior [ RunTime:0.001000s ]
INFO: [ app_end ] --END-- [ RunTime:0.001000s ]

[ 2017-05-04T16:45:07+08:00 ] ::1 /blog/admin.php/Admin/Admin/index/p/1.html
INFO: [ app_init ] --START--
INFO: Run Behavior\BuildLiteBehavior [ RunTime:0.000000s ]
INFO: [ app_init ] --END-- [ RunTime:0.001000s ]
INFO: [ app_begin ] --START--
INFO: Run Behavior\ReadHtmlCacheBehavior [ RunTime:0.001000s ]
INFO: [ app_begin ] --END-- [ RunTime:0.001000s ]
NOTIC: [2048] Declaration of Common\Model\NoteModel::find() should be compatible with Think\Model::find($options = Array) D:\wamp\www\blog\Application\Common\Model\NoteModel.class.php 第 8 行.
SQL: SHOW COLUMNS FROM `blog_note` [ RunTime:0.0050s ]
SQL: SELECT * FROM `blog_note` ORDER BY note_id desc LIMIT 0,3   [ RunTime:0.0000s ]
NOTIC: [8] Undefined variable: page D:\wamp\www\blog\Application\Common\Model\NoteModel.class.php 第 34 行.
NOTIC: [8] Undefined variable: pageSize D:\wamp\www\blog\Application\Common\Model\NoteModel.class.php 第 34 行.
SQL: SELECT COUNT(*) AS tp_count FROM `blog_note` LIMIT 1   [ RunTime:0.0010s ]
INFO: [ view_parse ] --START--
INFO: [ template_filter ] --START--
INFO: Run Behavior\ContentReplaceBehavior [ RunTime:0.000000s ]
INFO: [ template_filter ] --END-- [ RunTime:0.001000s ]
INFO: Run Behavior\ParseTemplateBehavior [ RunTime:0.018001s ]
INFO: [ view_parse ] --END-- [ RunTime:0.019001s ]
INFO: [ view_filter ] --START--
INFO: Run Behavior\WriteHtmlCacheBehavior [ RunTime:0.000000s ]
INFO: [ view_filter ] --END-- [ RunTime:0.001000s ]
INFO: [ app_end ] --START--
INFO: Run Behavior\ShowPageTraceBehavior [ RunTime:0.001000s ]
INFO: [ app_end ] --END-- [ RunTime:0.001000s ]

[ 2017-05-04T16:45:10+08:00 ] ::1 /blog/admin.php?c=content&a=index
INFO: [ app_init ] --START--
INFO: Run Behavior\BuildLiteBehavior [ RunTime:0.000000s ]
INFO: [ app_init ] --END-- [ RunTime:0.001000s ]
INFO: [ app_begin ] --START--
INFO: Run Behavior\ReadHtmlCacheBehavior [ RunTime:0.001000s ]
INFO: [ app_begin ] --END-- [ RunTime:0.001000s ]
NOTIC: [8] Undefined index: p D:\wamp\www\blog\Application\Admin\Controller\ContentController.class.php 第 21 行.
NOTIC: [2048] Declaration of Common\Model\NoteModel::find() should be compatible with Think\Model::find($options = Array) D:\wamp\www\blog\Application\Common\Model\NoteModel.class.php 第 8 行.
SQL: SHOW COLUMNS FROM `blog_note` [ RunTime:0.0050s ]
SQL: SELECT * FROM `blog_note` WHERE `title` LIKE '%33%' ORDER BY note_id desc LIMIT 0,10   [ RunTime:0.0560s ]
NOTIC: [8] Undefined variable: page D:\wamp\www\blog\Application\Common\Model\NoteModel.class.php 第 34 行.
NOTIC: [8] Undefined variable: pageSize D:\wamp\www\blog\Application\Common\Model\NoteModel.class.php 第 34 行.
SQL: SELECT COUNT(*) AS tp_count FROM `blog_note` WHERE `title` LIKE '%33%' LIMIT 1   [ RunTime:0.0110s ]
INFO: [ view_parse ] --START--
INFO: [ template_filter ] --START--
INFO: Run Behavior\ContentReplaceBehavior [ RunTime:0.000000s ]
INFO: [ template_filter ] --END-- [ RunTime:0.000000s ]
NOTIC: [8] Undefined index: note D:\wamp\www\blog\Application\Runtime\Cache\Admin\ccc9ced3ad798311a07cb47b740981c5.php 第 73 行.
NOTIC: [8] Undefined index: note D:\wamp\www\blog\Application\Runtime\Cache\Admin\ccc9ced3ad798311a07cb47b740981c5.php 第 73 行.
NOTIC: [8] Undefined index: note D:\wamp\www\blog\Application\Runtime\Cache\Admin\ccc9ced3ad798311a07cb47b740981c5.php 第 73 行.
NOTIC: [8] Undefined index: note D:\wamp\www\blog\Application\Runtime\Cache\Admin\ccc9ced3ad798311a07cb47b740981c5.php 第 73 行.
INFO: Run Behavior\ParseTemplateBehavior [ RunTime:0.085005s ]
INFO: [ view_parse ] --END-- [ RunTime:0.086005s ]
INFO: [ view_filter ] --START--
INFO: Run Behavior\WriteHtmlCacheBehavior [ RunTime:0.000000s ]
INFO: [ view_filter ] --END-- [ RunTime:0.001000s ]
INFO: [ app_end ] --START--
INFO: Run Behavior\ShowPageTraceBehavior [ RunTime:0.001000s ]
INFO: [ app_end ] --END-- [ RunTime:0.001000s ]

