[ 2017-06-29T14:54:05+08:00 ] ::1 /blog/admin.php
INFO: [ app_init ] --START--
INFO: Run Behavior\BuildLiteBehavior [ RunTime:0.000000s ]
INFO: [ app_init ] --END-- [ RunTime:0.001000s ]
INFO: [ app_begin ] --START--
INFO: Run Behavior\ReadHtmlCacheBehavior [ RunTime:0.001000s ]
INFO: [ app_begin ] --END-- [ RunTime:0.002000s ]
NOTIC: [8] Undefined index: p D:\wamp\www\blog\Application\Admin\Controller\AdminController.class.php 第 8 行.
NOTIC: [2048] Declaration of Common\Model\NoteModel::find() should be compatible with Think\Model::find($options = Array) D:\wamp\www\blog\Application\Common\Model\NoteModel.class.php 第 8 行.
SQL: SHOW COLUMNS FROM `blog_note` [ RunTime:0.0040s ]
SQL: SELECT * FROM `blog_note` ORDER BY note_id desc LIMIT 0,3   [ RunTime:0.0000s ]
NOTIC: [8] Undefined variable: page D:\wamp\www\blog\Application\Common\Model\NoteModel.class.php 第 40 行.
NOTIC: [8] Undefined variable: pageSize D:\wamp\www\blog\Application\Common\Model\NoteModel.class.php 第 40 行.
SQL: SELECT COUNT(*) AS tp_count FROM `blog_note` LIMIT 1   [ RunTime:0.0010s ]
NOTIC: [8] Undefined variable: sing_path D:\wamp\www\blog\ThinkPHP\Common\functions.php 第 991 行.
INFO: [ view_parse ] --START--
INFO: [ template_filter ] --START--
INFO: Run Behavior\ContentReplaceBehavior [ RunTime:0.001000s ]
INFO: [ template_filter ] --END-- [ RunTime:0.001000s ]
INFO: Run Behavior\ParseTemplateBehavior [ RunTime:0.180011s ]
INFO: [ view_parse ] --END-- [ RunTime:0.180011s ]
INFO: [ view_filter ] --START--
INFO: Run Behavior\WriteHtmlCacheBehavior [ RunTime:0.001000s ]
INFO: [ view_filter ] --END-- [ RunTime:0.001000s ]
INFO: [ app_end ] --START--
INFO: Run Behavior\ShowPageTraceBehavior [ RunTime:0.001000s ]
INFO: [ app_end ] --END-- [ RunTime:0.001000s ]

[ 2017-06-29T14:54:10+08:00 ] ::1 /blog/admin.php?c=content&a=delete&id=122
INFO: [ app_init ] --START--
INFO: Run Behavior\BuildLiteBehavior [ RunTime:0.000000s ]
INFO: [ app_init ] --END-- [ RunTime:0.001000s ]
INFO: [ app_begin ] --START--
INFO: Run Behavior\ReadHtmlCacheBehavior [ RunTime:0.001000s ]
INFO: [ app_begin ] --END-- [ RunTime:0.001000s ]
NOTIC: [2048] Declaration of Common\Model\NoteModel::find() should be compatible with Think\Model::find($options = Array) D:\wamp\www\blog\Application\Common\Model\NoteModel.class.php 第 8 行.
SQL: SHOW COLUMNS FROM `blog_note` [ RunTime:0.0180s ]
SQL: DELETE FROM `blog_note` WHERE ( note_id=122 ) [ RunTime:0.0100s ]
NOTIC: [2048] Declaration of Common\Model\NoteContentModel::find() should be compatible with Think\Model::find($options = Array) D:\wamp\www\blog\Application\Common\Model\NoteContentModel.class.php 第 44 行.
SQL: SHOW COLUMNS FROM `blog_note_content` [ RunTime:0.1420s ]
SQL: DELETE FROM `blog_note_content` WHERE ( note_id=122 ) [ RunTime:0.0340s ]
NOTIC: [2] Missing argument 3 for show(), called in D:\wamp\www\blog\Application\Admin\Controller\ContentController.class.php on line 107 and defined D:\wamp\www\blog\Application\Common\Common\function.php 第 3 行.
NOTIC: [8] Undefined variable: data D:\wamp\www\blog\Application\Common\Common\function.php 第 8 行.

[ 2017-06-29T14:54:12+08:00 ] ::1 /blog/admin.php?c=admin
INFO: [ app_init ] --START--
INFO: Run Behavior\BuildLiteBehavior [ RunTime:0.000000s ]
INFO: [ app_init ] --END-- [ RunTime:0.001000s ]
INFO: [ app_begin ] --START--
INFO: Run Behavior\ReadHtmlCacheBehavior [ RunTime:0.001000s ]
INFO: [ app_begin ] --END-- [ RunTime:0.001000s ]
NOTIC: [8] Undefined index: p D:\wamp\www\blog\Application\Admin\Controller\AdminController.class.php 第 8 行.
NOTIC: [2048] Declaration of Common\Model\NoteModel::find() should be compatible with Think\Model::find($options = Array) D:\wamp\www\blog\Application\Common\Model\NoteModel.class.php 第 8 行.
SQL: SHOW COLUMNS FROM `blog_note` [ RunTime:0.0040s ]
SQL: SELECT * FROM `blog_note` ORDER BY note_id desc LIMIT 0,3   [ RunTime:0.0000s ]
NOTIC: [8] Undefined variable: page D:\wamp\www\blog\Application\Common\Model\NoteModel.class.php 第 40 行.
NOTIC: [8] Undefined variable: pageSize D:\wamp\www\blog\Application\Common\Model\NoteModel.class.php 第 40 行.
SQL: SELECT COUNT(*) AS tp_count FROM `blog_note` LIMIT 1   [ RunTime:0.0000s ]
NOTIC: [8] Undefined variable: sing_path D:\wamp\www\blog\ThinkPHP\Common\functions.php 第 991 行.
INFO: [ view_parse ] --START--
INFO: [ template_filter ] --START--
INFO: Run Behavior\ContentReplaceBehavior [ RunTime:0.000000s ]
INFO: [ template_filter ] --END-- [ RunTime:0.000000s ]
INFO: Run Behavior\ParseTemplateBehavior [ RunTime:0.019001s ]
INFO: [ view_parse ] --END-- [ RunTime:0.019001s ]
INFO: [ view_filter ] --START--
INFO: Run Behavior\WriteHtmlCacheBehavior [ RunTime:0.000000s ]
INFO: [ view_filter ] --END-- [ RunTime:0.001000s ]
INFO: [ app_end ] --START--
INFO: Run Behavior\ShowPageTraceBehavior [ RunTime:0.001000s ]
INFO: [ app_end ] --END-- [ RunTime:0.001000s ]

[ 2017-06-29T14:54:12+08:00 ] ::1 /blog/admin.php?c=content&a=delete&id=121
INFO: [ app_init ] --START--
INFO: Run Behavior\BuildLiteBehavior [ RunTime:0.000000s ]
INFO: [ app_init ] --END-- [ RunTime:0.002000s ]
INFO: [ app_begin ] --START--
INFO: Run Behavior\ReadHtmlCacheBehavior [ RunTime:0.000000s ]
INFO: [ app_begin ] --END-- [ RunTime:0.001000s ]
NOTIC: [2048] Declaration of Common\Model\NoteModel::find() should be compatible with Think\Model::find($options = Array) D:\wamp\www\blog\Application\Common\Model\NoteModel.class.php 第 8 行.
SQL: SHOW COLUMNS FROM `blog_note` [ RunTime:0.0030s ]
SQL: DELETE FROM `blog_note` WHERE ( note_id=121 ) [ RunTime:0.0020s ]
NOTIC: [2048] Declaration of Common\Model\NoteContentModel::find() should be compatible with Think\Model::find($options = Array) D:\wamp\www\blog\Application\Common\Model\NoteContentModel.class.php 第 44 行.
SQL: SHOW COLUMNS FROM `blog_note_content` [ RunTime:0.0030s ]
SQL: DELETE FROM `blog_note_content` WHERE ( note_id=121 ) [ RunTime:0.0310s ]
NOTIC: [2] Missing argument 3 for show(), called in D:\wamp\www\blog\Application\Admin\Controller\ContentController.class.php on line 107 and defined D:\wamp\www\blog\Application\Common\Common\function.php 第 3 行.
NOTIC: [8] Undefined variable: data D:\wamp\www\blog\Application\Common\Common\function.php 第 8 行.

[ 2017-06-29T14:54:13+08:00 ] ::1 /blog/admin.php?c=admin
INFO: [ app_init ] --START--
INFO: Run Behavior\BuildLiteBehavior [ RunTime:0.000000s ]
INFO: [ app_init ] --END-- [ RunTime:0.001000s ]
INFO: [ app_begin ] --START--
INFO: Run Behavior\ReadHtmlCacheBehavior [ RunTime:0.001000s ]
INFO: [ app_begin ] --END-- [ RunTime:0.001000s ]
NOTIC: [8] Undefined index: p D:\wamp\www\blog\Application\Admin\Controller\AdminController.class.php 第 8 行.
NOTIC: [2048] Declaration of Common\Model\NoteModel::find() should be compatible with Think\Model::find($options = Array) D:\wamp\www\blog\Application\Common\Model\NoteModel.class.php 第 8 行.
SQL: SHOW COLUMNS FROM `blog_note` [ RunTime:0.0040s ]
SQL: SELECT * FROM `blog_note` ORDER BY note_id desc LIMIT 0,3   [ RunTime:0.0000s ]
NOTIC: [8] Undefined variable: page D:\wamp\www\blog\Application\Common\Model\NoteModel.class.php 第 40 行.
NOTIC: [8] Undefined variable: pageSize D:\wamp\www\blog\Application\Common\Model\NoteModel.class.php 第 40 行.
SQL: SELECT COUNT(*) AS tp_count FROM `blog_note` LIMIT 1   [ RunTime:0.0010s ]
NOTIC: [8] Undefined variable: sing_path D:\wamp\www\blog\ThinkPHP\Common\functions.php 第 991 行.
INFO: [ view_parse ] --START--
INFO: [ template_filter ] --START--
INFO: Run Behavior\ContentReplaceBehavior [ RunTime:0.001000s ]
INFO: [ template_filter ] --END-- [ RunTime:0.001000s ]
INFO: Run Behavior\ParseTemplateBehavior [ RunTime:0.018001s ]
INFO: [ view_parse ] --END-- [ RunTime:0.019001s ]
INFO: [ view_filter ] --START--
INFO: Run Behavior\WriteHtmlCacheBehavior [ RunTime:0.001000s ]
INFO: [ view_filter ] --END-- [ RunTime:0.001000s ]
INFO: [ app_end ] --START--
INFO: Run Behavior\ShowPageTraceBehavior [ RunTime:0.001000s ]
INFO: [ app_end ] --END-- [ RunTime:0.001000s ]

[ 2017-06-29T14:54:15+08:00 ] ::1 /blog/admin.php?c=content&a=delete&id=120
INFO: [ app_init ] --START--
INFO: Run Behavior\BuildLiteBehavior [ RunTime:0.000000s ]
INFO: [ app_init ] --END-- [ RunTime:0.000000s ]
INFO: [ app_begin ] --START--
INFO: Run Behavior\ReadHtmlCacheBehavior [ RunTime:0.001000s ]
INFO: [ app_begin ] --END-- [ RunTime:0.001000s ]
NOTIC: [2048] Declaration of Common\Model\NoteModel::find() should be compatible with Think\Model::find($options = Array) D:\wamp\www\blog\Application\Common\Model\NoteModel.class.php 第 8 行.
SQL: SHOW COLUMNS FROM `blog_note` [ RunTime:0.0080s ]
SQL: DELETE FROM `blog_note` WHERE ( note_id=120 ) [ RunTime:0.0010s ]
NOTIC: [2048] Declaration of Common\Model\NoteContentModel::find() should be compatible with Think\Model::find($options = Array) D:\wamp\www\blog\Application\Common\Model\NoteContentModel.class.php 第 44 行.
SQL: SHOW COLUMNS FROM `blog_note_content` [ RunTime:0.0060s ]
SQL: DELETE FROM `blog_note_content` WHERE ( note_id=120 ) [ RunTime:0.0010s ]
NOTIC: [2] Missing argument 3 for show(), called in D:\wamp\www\blog\Application\Admin\Controller\ContentController.class.php on line 107 and defined D:\wamp\www\blog\Application\Common\Common\function.php 第 3 行.
NOTIC: [8] Undefined variable: data D:\wamp\www\blog\Application\Common\Common\function.php 第 8 行.

[ 2017-06-29T14:54:16+08:00 ] ::1 /blog/admin.php?c=admin
INFO: [ app_init ] --START--
INFO: Run Behavior\BuildLiteBehavior [ RunTime:0.000000s ]
INFO: [ app_init ] --END-- [ RunTime:0.001000s ]
INFO: [ app_begin ] --START--
INFO: Run Behavior\ReadHtmlCacheBehavior [ RunTime:0.001000s ]
INFO: [ app_begin ] --END-- [ RunTime:0.001000s ]
NOTIC: [8] Undefined index: p D:\wamp\www\blog\Application\Admin\Controller\AdminController.class.php 第 8 行.
NOTIC: [2048] Declaration of Common\Model\NoteModel::find() should be compatible with Think\Model::find($options = Array) D:\wamp\www\blog\Application\Common\Model\NoteModel.class.php 第 8 行.
SQL: SHOW COLUMNS FROM `blog_note` [ RunTime:0.0040s ]
SQL: SELECT * FROM `blog_note` ORDER BY note_id desc LIMIT 0,3   [ RunTime:0.0010s ]
NOTIC: [8] Undefined variable: page D:\wamp\www\blog\Application\Common\Model\NoteModel.class.php 第 40 行.
NOTIC: [8] Undefined variable: pageSize D:\wamp\www\blog\Application\Common\Model\NoteModel.class.php 第 40 行.
SQL: SELECT COUNT(*) AS tp_count FROM `blog_note` LIMIT 1   [ RunTime:0.0010s ]
NOTIC: [8] Undefined variable: sing_path D:\wamp\www\blog\ThinkPHP\Common\functions.php 第 991 行.
INFO: [ view_parse ] --START--
INFO: [ template_filter ] --START--
INFO: Run Behavior\ContentReplaceBehavior [ RunTime:0.000000s ]
INFO: [ template_filter ] --END-- [ RunTime:0.000000s ]
INFO: Run Behavior\ParseTemplateBehavior [ RunTime:0.019001s ]
INFO: [ view_parse ] --END-- [ RunTime:0.021002s ]
INFO: [ view_filter ] --START--
INFO: Run Behavior\WriteHtmlCacheBehavior [ RunTime:0.000000s ]
INFO: [ view_filter ] --END-- [ RunTime:0.000000s ]
INFO: [ app_end ] --START--
INFO: Run Behavior\ShowPageTraceBehavior [ RunTime:0.001000s ]
INFO: [ app_end ] --END-- [ RunTime:0.001000s ]

[ 2017-06-29T14:54:17+08:00 ] ::1 /blog/admin.php?c=content&a=delete&id=119
INFO: [ app_init ] --START--
INFO: Run Behavior\BuildLiteBehavior [ RunTime:0.000000s ]
INFO: [ app_init ] --END-- [ RunTime:0.000000s ]
INFO: [ app_begin ] --START--
INFO: Run Behavior\ReadHtmlCacheBehavior [ RunTime:0.001000s ]
INFO: [ app_begin ] --END-- [ RunTime:0.001000s ]
NOTIC: [2048] Declaration of Common\Model\NoteModel::find() should be compatible with Think\Model::find($options = Array) D:\wamp\www\blog\Application\Common\Model\NoteModel.class.php 第 8 行.
SQL: SHOW COLUMNS FROM `blog_note` [ RunTime:0.0030s ]
SQL: DELETE FROM `blog_note` WHERE ( note_id=119 ) [ RunTime:0.0010s ]
NOTIC: [2048] Declaration of Common\Model\NoteContentModel::find() should be compatible with Think\Model::find($options = Array) D:\wamp\www\blog\Application\Common\Model\NoteContentModel.class.php 第 44 行.
SQL: SHOW COLUMNS FROM `blog_note_content` [ RunTime:0.0040s ]
SQL: DELETE FROM `blog_note_content` WHERE ( note_id=119 ) [ RunTime:0.0350s ]
NOTIC: [2] Missing argument 3 for show(), called in D:\wamp\www\blog\Application\Admin\Controller\ContentController.class.php on line 107 and defined D:\wamp\www\blog\Application\Common\Common\function.php 第 3 行.
NOTIC: [8] Undefined variable: data D:\wamp\www\blog\Application\Common\Common\function.php 第 8 行.

[ 2017-06-29T14:54:18+08:00 ] ::1 /blog/admin.php?c=admin
INFO: [ app_init ] --START--
INFO: Run Behavior\BuildLiteBehavior [ RunTime:0.000000s ]
INFO: [ app_init ] --END-- [ RunTime:0.000000s ]
INFO: [ app_begin ] --START--
INFO: Run Behavior\ReadHtmlCacheBehavior [ RunTime:0.001000s ]
INFO: [ app_begin ] --END-- [ RunTime:0.001000s ]
NOTIC: [8] Undefined index: p D:\wamp\www\blog\Application\Admin\Controller\AdminController.class.php 第 8 行.
NOTIC: [2048] Declaration of Common\Model\NoteModel::find() should be compatible with Think\Model::find($options = Array) D:\wamp\www\blog\Application\Common\Model\NoteModel.class.php 第 8 行.
SQL: SHOW COLUMNS FROM `blog_note` [ RunTime:0.0040s ]
SQL: SELECT * FROM `blog_note` ORDER BY note_id desc LIMIT 0,3   [ RunTime:0.0010s ]
NOTIC: [8] Undefined variable: page D:\wamp\www\blog\Application\Common\Model\NoteModel.class.php 第 40 行.
NOTIC: [8] Undefined variable: pageSize D:\wamp\www\blog\Application\Common\Model\NoteModel.class.php 第 40 行.
SQL: SELECT COUNT(*) AS tp_count FROM `blog_note` LIMIT 1   [ RunTime:0.0260s ]
NOTIC: [8] Undefined variable: sing_path D:\wamp\www\blog\ThinkPHP\Common\functions.php 第 991 行.
INFO: [ view_parse ] --START--
INFO: [ template_filter ] --START--
INFO: Run Behavior\ContentReplaceBehavior [ RunTime:0.000000s ]
INFO: [ template_filter ] --END-- [ RunTime:0.000000s ]
INFO: Run Behavior\ParseTemplateBehavior [ RunTime:0.018001s ]
INFO: [ view_parse ] --END-- [ RunTime:0.018001s ]
INFO: [ view_filter ] --START--
INFO: Run Behavior\WriteHtmlCacheBehavior [ RunTime:0.001000s ]
INFO: [ view_filter ] --END-- [ RunTime:0.001000s ]
INFO: [ app_end ] --START--
INFO: Run Behavior\ShowPageTraceBehavior [ RunTime:0.001000s ]
INFO: [ app_end ] --END-- [ RunTime:0.001000s ]

[ 2017-06-29T14:54:19+08:00 ] ::1 /blog/admin.php?c=content&a=delete&id=117
INFO: [ app_init ] --START--
INFO: Run Behavior\BuildLiteBehavior [ RunTime:0.000000s ]
INFO: [ app_init ] --END-- [ RunTime:0.001000s ]
INFO: [ app_begin ] --START--
INFO: Run Behavior\ReadHtmlCacheBehavior [ RunTime:0.001001s ]
INFO: [ app_begin ] --END-- [ RunTime:0.001001s ]
NOTIC: [2048] Declaration of Common\Model\NoteModel::find() should be compatible with Think\Model::find($options = Array) D:\wamp\www\blog\Application\Common\Model\NoteModel.class.php 第 8 行.
SQL: SHOW COLUMNS FROM `blog_note` [ RunTime:0.0040s ]
SQL: DELETE FROM `blog_note` WHERE ( note_id=117 ) [ RunTime:0.0020s ]
NOTIC: [2048] Declaration of Common\Model\NoteContentModel::find() should be compatible with Think\Model::find($options = Array) D:\wamp\www\blog\Application\Common\Model\NoteContentModel.class.php 第 44 行.
SQL: SHOW COLUMNS FROM `blog_note_content` [ RunTime:0.0030s ]
SQL: DELETE FROM `blog_note_content` WHERE ( note_id=117 ) [ RunTime:0.0010s ]
NOTIC: [2] Missing argument 3 for show(), called in D:\wamp\www\blog\Application\Admin\Controller\ContentController.class.php on line 107 and defined D:\wamp\www\blog\Application\Common\Common\function.php 第 3 行.
NOTIC: [8] Undefined variable: data D:\wamp\www\blog\Application\Common\Common\function.php 第 8 行.

[ 2017-06-29T14:54:20+08:00 ] ::1 /blog/admin.php?c=admin
INFO: [ app_init ] --START--
INFO: Run Behavior\BuildLiteBehavior [ RunTime:0.000000s ]
INFO: [ app_init ] --END-- [ RunTime:0.001000s ]
INFO: [ app_begin ] --START--
INFO: Run Behavior\ReadHtmlCacheBehavior [ RunTime:0.001000s ]
INFO: [ app_begin ] --END-- [ RunTime:0.001000s ]
NOTIC: [8] Undefined index: p D:\wamp\www\blog\Application\Admin\Controller\AdminController.class.php 第 8 行.
NOTIC: [2048] Declaration of Common\Model\NoteModel::find() should be compatible with Think\Model::find($options = Array) D:\wamp\www\blog\Application\Common\Model\NoteModel.class.php 第 8 行.
SQL: SHOW COLUMNS FROM `blog_note` [ RunTime:0.0040s ]
SQL: SELECT * FROM `blog_note` ORDER BY note_id desc LIMIT 0,3   [ RunTime:0.0000s ]
NOTIC: [8] Undefined variable: page D:\wamp\www\blog\Application\Common\Model\NoteModel.class.php 第 40 行.
NOTIC: [8] Undefined variable: pageSize D:\wamp\www\blog\Application\Common\Model\NoteModel.class.php 第 40 行.
SQL: SELECT COUNT(*) AS tp_count FROM `blog_note` LIMIT 1   [ RunTime:0.0010s ]
NOTIC: [8] Undefined variable: sing_path D:\wamp\www\blog\ThinkPHP\Common\functions.php 第 991 行.
INFO: [ view_parse ] --START--
INFO: [ template_filter ] --START--
INFO: Run Behavior\ContentReplaceBehavior [ RunTime:0.000000s ]
INFO: [ template_filter ] --END-- [ RunTime:0.000000s ]
INFO: Run Behavior\ParseTemplateBehavior [ RunTime:0.017001s ]
INFO: [ view_parse ] --END-- [ RunTime:0.018001s ]
INFO: [ view_filter ] --START--
INFO: Run Behavior\WriteHtmlCacheBehavior [ RunTime:0.000000s ]
INFO: [ view_filter ] --END-- [ RunTime:0.001000s ]
INFO: [ app_end ] --START--
INFO: Run Behavior\ShowPageTraceBehavior [ RunTime:0.000000s ]
INFO: [ app_end ] --END-- [ RunTime:0.001000s ]

[ 2017-06-29T14:54:22+08:00 ] ::1 /blog/admin.php?c=content&a=delete&id=118
INFO: [ app_init ] --START--
INFO: Run Behavior\BuildLiteBehavior [ RunTime:0.000000s ]
INFO: [ app_init ] --END-- [ RunTime:0.001000s ]
INFO: [ app_begin ] --START--
INFO: Run Behavior\ReadHtmlCacheBehavior [ RunTime:0.001000s ]
INFO: [ app_begin ] --END-- [ RunTime:0.001000s ]
NOTIC: [2048] Declaration of Common\Model\NoteModel::find() should be compatible with Think\Model::find($options = Array) D:\wamp\www\blog\Application\Common\Model\NoteModel.class.php 第 8 行.
SQL: SHOW COLUMNS FROM `blog_note` [ RunTime:0.0040s ]
SQL: DELETE FROM `blog_note` WHERE ( note_id=118 ) [ RunTime:0.0360s ]
NOTIC: [2048] Declaration of Common\Model\NoteContentModel::find() should be compatible with Think\Model::find($options = Array) D:\wamp\www\blog\Application\Common\Model\NoteContentModel.class.php 第 44 行.
SQL: SHOW COLUMNS FROM `blog_note_content` [ RunTime:0.0050s ]
SQL: DELETE FROM `blog_note_content` WHERE ( note_id=118 ) [ RunTime:0.0400s ]
NOTIC: [2] Missing argument 3 for show(), called in D:\wamp\www\blog\Application\Admin\Controller\ContentController.class.php on line 107 and defined D:\wamp\www\blog\Application\Common\Common\function.php 第 3 行.
NOTIC: [8] Undefined variable: data D:\wamp\www\blog\Application\Common\Common\function.php 第 8 行.

[ 2017-06-29T14:54:23+08:00 ] ::1 /blog/admin.php?c=admin
INFO: [ app_init ] --START--
INFO: Run Behavior\BuildLiteBehavior [ RunTime:0.000000s ]
INFO: [ app_init ] --END-- [ RunTime:0.001000s ]
INFO: [ app_begin ] --START--
INFO: Run Behavior\ReadHtmlCacheBehavior [ RunTime:0.001000s ]
INFO: [ app_begin ] --END-- [ RunTime:0.001000s ]
NOTIC: [8] Undefined index: p D:\wamp\www\blog\Application\Admin\Controller\AdminController.class.php 第 8 行.
NOTIC: [2048] Declaration of Common\Model\NoteModel::find() should be compatible with Think\Model::find($options = Array) D:\wamp\www\blog\Application\Common\Model\NoteModel.class.php 第 8 行.
SQL: SHOW COLUMNS FROM `blog_note` [ RunTime:0.0040s ]
SQL: SELECT * FROM `blog_note` ORDER BY note_id desc LIMIT 0,3   [ RunTime:0.0000s ]
NOTIC: [8] Undefined variable: page D:\wamp\www\blog\Application\Common\Model\NoteModel.class.php 第 40 行.
NOTIC: [8] Undefined variable: pageSize D:\wamp\www\blog\Application\Common\Model\NoteModel.class.php 第 40 行.
SQL: SELECT COUNT(*) AS tp_count FROM `blog_note` LIMIT 1   [ RunTime:0.0010s ]
NOTIC: [8] Undefined variable: sing_path D:\wamp\www\blog\ThinkPHP\Common\functions.php 第 991 行.
INFO: [ view_parse ] --START--
INFO: [ template_filter ] --START--
INFO: Run Behavior\ContentReplaceBehavior [ RunTime:0.000000s ]
INFO: [ template_filter ] --END-- [ RunTime:0.000000s ]
INFO: Run Behavior\ParseTemplateBehavior [ RunTime:0.019001s ]
INFO: [ view_parse ] --END-- [ RunTime:0.019001s ]
INFO: [ view_filter ] --START--
INFO: Run Behavior\WriteHtmlCacheBehavior [ RunTime:0.001000s ]
INFO: [ view_filter ] --END-- [ RunTime:0.001000s ]
INFO: [ app_end ] --START--
INFO: Run Behavior\ShowPageTraceBehavior [ RunTime:0.001000s ]
INFO: [ app_end ] --END-- [ RunTime:0.001000s ]

[ 2017-06-29T14:54:24+08:00 ] ::1 /blog/admin.php?c=content&a=delete&id=116
INFO: [ app_init ] --START--
INFO: Run Behavior\BuildLiteBehavior [ RunTime:0.000000s ]
INFO: [ app_init ] --END-- [ RunTime:0.001000s ]
INFO: [ app_begin ] --START--
INFO: Run Behavior\ReadHtmlCacheBehavior [ RunTime:0.000000s ]
INFO: [ app_begin ] --END-- [ RunTime:0.001000s ]
NOTIC: [2048] Declaration of Common\Model\NoteModel::find() should be compatible with Think\Model::find($options = Array) D:\wamp\www\blog\Application\Common\Model\NoteModel.class.php 第 8 行.
SQL: SHOW COLUMNS FROM `blog_note` [ RunTime:0.0080s ]
SQL: DELETE FROM `blog_note` WHERE ( note_id=116 ) [ RunTime:0.0020s ]
NOTIC: [2048] Declaration of Common\Model\NoteContentModel::find() should be compatible with Think\Model::find($options = Array) D:\wamp\www\blog\Application\Common\Model\NoteContentModel.class.php 第 44 行.
SQL: SHOW COLUMNS FROM `blog_note_content` [ RunTime:0.0080s ]
SQL: DELETE FROM `blog_note_content` WHERE ( note_id=116 ) [ RunTime:0.0510s ]
NOTIC: [2] Missing argument 3 for show(), called in D:\wamp\www\blog\Application\Admin\Controller\ContentController.class.php on line 107 and defined D:\wamp\www\blog\Application\Common\Common\function.php 第 3 行.
NOTIC: [8] Undefined variable: data D:\wamp\www\blog\Application\Common\Common\function.php 第 8 行.

[ 2017-06-29T14:54:25+08:00 ] ::1 /blog/admin.php?c=admin
INFO: [ app_init ] --START--
INFO: Run Behavior\BuildLiteBehavior [ RunTime:0.000000s ]
INFO: [ app_init ] --END-- [ RunTime:0.002000s ]
INFO: [ app_begin ] --START--
INFO: Run Behavior\ReadHtmlCacheBehavior [ RunTime:0.001000s ]
INFO: [ app_begin ] --END-- [ RunTime:0.001000s ]
NOTIC: [8] Undefined index: p D:\wamp\www\blog\Application\Admin\Controller\AdminController.class.php 第 8 行.
NOTIC: [2048] Declaration of Common\Model\NoteModel::find() should be compatible with Think\Model::find($options = Array) D:\wamp\www\blog\Application\Common\Model\NoteModel.class.php 第 8 行.
SQL: SHOW COLUMNS FROM `blog_note` [ RunTime:0.0040s ]
SQL: SELECT * FROM `blog_note` ORDER BY note_id desc LIMIT 0,3   [ RunTime:0.0000s ]
NOTIC: [8] Undefined variable: page D:\wamp\www\blog\Application\Common\Model\NoteModel.class.php 第 40 行.
NOTIC: [8] Undefined variable: pageSize D:\wamp\www\blog\Application\Common\Model\NoteModel.class.php 第 40 行.
SQL: SELECT COUNT(*) AS tp_count FROM `blog_note` LIMIT 1   [ RunTime:0.0000s ]
NOTIC: [8] Undefined variable: sing_path D:\wamp\www\blog\ThinkPHP\Common\functions.php 第 991 行.
INFO: [ view_parse ] --START--
INFO: [ template_filter ] --START--
INFO: Run Behavior\ContentReplaceBehavior [ RunTime:0.000000s ]
INFO: [ template_filter ] --END-- [ RunTime:0.000000s ]
INFO: Run Behavior\ParseTemplateBehavior [ RunTime:0.019001s ]
INFO: [ view_parse ] --END-- [ RunTime:0.019001s ]
INFO: [ view_filter ] --START--
INFO: Run Behavior\WriteHtmlCacheBehavior [ RunTime:0.000000s ]
INFO: [ view_filter ] --END-- [ RunTime:0.001000s ]
INFO: [ app_end ] --START--
INFO: Run Behavior\ShowPageTraceBehavior [ RunTime:0.001000s ]
INFO: [ app_end ] --END-- [ RunTime:0.001000s ]

[ 2017-06-29T14:54:26+08:00 ] ::1 /blog/admin.php?c=content&a=delete&id=115
INFO: [ app_init ] --START--
INFO: Run Behavior\BuildLiteBehavior [ RunTime:0.000000s ]
INFO: [ app_init ] --END-- [ RunTime:0.001000s ]
INFO: [ app_begin ] --START--
INFO: Run Behavior\ReadHtmlCacheBehavior [ RunTime:0.001000s ]
INFO: [ app_begin ] --END-- [ RunTime:0.001000s ]
NOTIC: [2048] Declaration of Common\Model\NoteModel::find() should be compatible with Think\Model::find($options = Array) D:\wamp\www\blog\Application\Common\Model\NoteModel.class.php 第 8 行.
SQL: SHOW COLUMNS FROM `blog_note` [ RunTime:0.0030s ]
SQL: DELETE FROM `blog_note` WHERE ( note_id=115 ) [ RunTime:0.0010s ]
NOTIC: [2048] Declaration of Common\Model\NoteContentModel::find() should be compatible with Think\Model::find($options = Array) D:\wamp\www\blog\Application\Common\Model\NoteContentModel.class.php 第 44 行.
SQL: SHOW COLUMNS FROM `blog_note_content` [ RunTime:0.0040s ]
SQL: DELETE FROM `blog_note_content` WHERE ( note_id=115 ) [ RunTime:0.0210s ]
NOTIC: [2] Missing argument 3 for show(), called in D:\wamp\www\blog\Application\Admin\Controller\ContentController.class.php on line 107 and defined D:\wamp\www\blog\Application\Common\Common\function.php 第 3 行.
NOTIC: [8] Undefined variable: data D:\wamp\www\blog\Application\Common\Common\function.php 第 8 行.

[ 2017-06-29T14:54:27+08:00 ] ::1 /blog/admin.php?c=admin
INFO: [ app_init ] --START--
INFO: Run Behavior\BuildLiteBehavior [ RunTime:0.000000s ]
INFO: [ app_init ] --END-- [ RunTime:0.000000s ]
INFO: [ app_begin ] --START--
INFO: Run Behavior\ReadHtmlCacheBehavior [ RunTime:0.001000s ]
INFO: [ app_begin ] --END-- [ RunTime:0.001000s ]
NOTIC: [8] Undefined index: p D:\wamp\www\blog\Application\Admin\Controller\AdminController.class.php 第 8 行.
NOTIC: [2048] Declaration of Common\Model\NoteModel::find() should be compatible with Think\Model::find($options = Array) D:\wamp\www\blog\Application\Common\Model\NoteModel.class.php 第 8 行.
SQL: SHOW COLUMNS FROM `blog_note` [ RunTime:0.0040s ]
SQL: SELECT * FROM `blog_note` ORDER BY note_id desc LIMIT 0,3   [ RunTime:0.0010s ]
NOTIC: [8] Undefined variable: page D:\wamp\www\blog\Application\Common\Model\NoteModel.class.php 第 40 行.
NOTIC: [8] Undefined variable: pageSize D:\wamp\www\blog\Application\Common\Model\NoteModel.class.php 第 40 行.
SQL: SELECT COUNT(*) AS tp_count FROM `blog_note` LIMIT 1   [ RunTime:0.0000s ]
NOTIC: [8] Undefined variable: sing_path D:\wamp\www\blog\ThinkPHP\Common\functions.php 第 991 行.
INFO: [ view_parse ] --START--
INFO: [ template_filter ] --START--
INFO: Run Behavior\ContentReplaceBehavior [ RunTime:0.000000s ]
INFO: [ template_filter ] --END-- [ RunTime:0.001000s ]
INFO: Run Behavior\ParseTemplateBehavior [ RunTime:0.018001s ]
INFO: [ view_parse ] --END-- [ RunTime:0.018001s ]
INFO: [ view_filter ] --START--
INFO: Run Behavior\WriteHtmlCacheBehavior [ RunTime:0.001000s ]
INFO: [ view_filter ] --END-- [ RunTime:0.001000s ]
INFO: [ app_end ] --START--
INFO: Run Behavior\ShowPageTraceBehavior [ RunTime:0.001000s ]
INFO: [ app_end ] --END-- [ RunTime:0.001000s ]

[ 2017-06-29T14:54:28+08:00 ] ::1 /blog/admin.php?c=content&a=delete&id=114
INFO: [ app_init ] --START--
INFO: Run Behavior\BuildLiteBehavior [ RunTime:0.000000s ]
INFO: [ app_init ] --END-- [ RunTime:0.001000s ]
INFO: [ app_begin ] --START--
INFO: Run Behavior\ReadHtmlCacheBehavior [ RunTime:0.000000s ]
INFO: [ app_begin ] --END-- [ RunTime:0.002000s ]
NOTIC: [2048] Declaration of Common\Model\NoteModel::find() should be compatible with Think\Model::find($options = Array) D:\wamp\www\blog\Application\Common\Model\NoteModel.class.php 第 8 行.
SQL: SHOW COLUMNS FROM `blog_note` [ RunTime:0.0040s ]
SQL: DELETE FROM `blog_note` WHERE ( note_id=114 ) [ RunTime:0.0300s ]
NOTIC: [2048] Declaration of Common\Model\NoteContentModel::find() should be compatible with Think\Model::find($options = Array) D:\wamp\www\blog\Application\Common\Model\NoteContentModel.class.php 第 44 行.
SQL: SHOW COLUMNS FROM `blog_note_content` [ RunTime:0.0030s ]
SQL: DELETE FROM `blog_note_content` WHERE ( note_id=114 ) [ RunTime:0.0010s ]
NOTIC: [2] Missing argument 3 for show(), called in D:\wamp\www\blog\Application\Admin\Controller\ContentController.class.php on line 107 and defined D:\wamp\www\blog\Application\Common\Common\function.php 第 3 行.
NOTIC: [8] Undefined variable: data D:\wamp\www\blog\Application\Common\Common\function.php 第 8 行.

[ 2017-06-29T14:54:29+08:00 ] ::1 /blog/admin.php?c=admin
INFO: [ app_init ] --START--
INFO: Run Behavior\BuildLiteBehavior [ RunTime:0.000000s ]
INFO: [ app_init ] --END-- [ RunTime:0.001000s ]
INFO: [ app_begin ] --START--
INFO: Run Behavior\ReadHtmlCacheBehavior [ RunTime:0.001000s ]
INFO: [ app_begin ] --END-- [ RunTime:0.001000s ]
NOTIC: [8] Undefined index: p D:\wamp\www\blog\Application\Admin\Controller\AdminController.class.php 第 8 行.
NOTIC: [2048] Declaration of Common\Model\NoteModel::find() should be compatible with Think\Model::find($options = Array) D:\wamp\www\blog\Application\Common\Model\NoteModel.class.php 第 8 行.
SQL: SHOW COLUMNS FROM `blog_note` [ RunTime:0.0040s ]
SQL: SELECT * FROM `blog_note` ORDER BY note_id desc LIMIT 0,3   [ RunTime:0.0010s ]
NOTIC: [8] Undefined variable: page D:\wamp\www\blog\Application\Common\Model\NoteModel.class.php 第 40 行.
NOTIC: [8] Undefined variable: pageSize D:\wamp\www\blog\Application\Common\Model\NoteModel.class.php 第 40 行.
SQL: SELECT COUNT(*) AS tp_count FROM `blog_note` LIMIT 1   [ RunTime:0.0000s ]
INFO: [ view_parse ] --START--
INFO: [ template_filter ] --START--
INFO: Run Behavior\ContentReplaceBehavior [ RunTime:0.000000s ]
INFO: [ template_filter ] --END-- [ RunTime:0.000000s ]
INFO: Run Behavior\ParseTemplateBehavior [ RunTime:0.017001s ]
INFO: [ view_parse ] --END-- [ RunTime:0.019001s ]
INFO: [ view_filter ] --START--
INFO: Run Behavior\WriteHtmlCacheBehavior [ RunTime:0.000000s ]
INFO: [ view_filter ] --END-- [ RunTime:0.000000s ]
INFO: [ app_end ] --START--
INFO: Run Behavior\ShowPageTraceBehavior [ RunTime:0.001000s ]
INFO: [ app_end ] --END-- [ RunTime:0.001000s ]

[ 2017-06-29T14:54:30+08:00 ] ::1 /blog/admin.php?c=admin&a=add
INFO: [ app_init ] --START--
INFO: Run Behavior\BuildLiteBehavior [ RunTime:0.000000s ]
INFO: [ app_init ] --END-- [ RunTime:0.000000s ]
INFO: [ app_begin ] --START--
INFO: Run Behavior\ReadHtmlCacheBehavior [ RunTime:0.001000s ]
INFO: [ app_begin ] --END-- [ RunTime:0.002000s ]
INFO: [ view_parse ] --START--
INFO: [ template_filter ] --START--
INFO: Run Behavior\ContentReplaceBehavior [ RunTime:0.000000s ]
INFO: [ template_filter ] --END-- [ RunTime:0.000000s ]
INFO: Run Behavior\ParseTemplateBehavior [ RunTime:0.062004s ]
INFO: [ view_parse ] --END-- [ RunTime:0.062004s ]
INFO: [ view_filter ] --START--
INFO: Run Behavior\WriteHtmlCacheBehavior [ RunTime:0.001000s ]
INFO: [ view_filter ] --END-- [ RunTime:0.001000s ]
INFO: [ app_end ] --START--
INFO: Run Behavior\ShowPageTraceBehavior [ RunTime:0.001000s ]
INFO: [ app_end ] --END-- [ RunTime:0.001000s ]

[ 2017-06-29T14:57:16+08:00 ] 127.0.0.1 /blog/admin.php
INFO: [ app_init ] --START--
INFO: Run Behavior\BuildLiteBehavior [ RunTime:0.000000s ]
INFO: [ app_init ] --END-- [ RunTime:0.000000s ]
INFO: [ app_begin ] --START--
INFO: Run Behavior\ReadHtmlCacheBehavior [ RunTime:0.001000s ]
INFO: [ app_begin ] --END-- [ RunTime:0.001000s ]
NOTIC: [8] Undefined index: p D:\wamp\www\blog\Application\Admin\Controller\AdminController.class.php 第 8 行.
NOTIC: [2048] Declaration of Common\Model\NoteModel::find() should be compatible with Think\Model::find($options = Array) D:\wamp\www\blog\Application\Common\Model\NoteModel.class.php 第 8 行.
SQL: SHOW COLUMNS FROM `blog_note` [ RunTime:0.0070s ]
SQL: SELECT * FROM `blog_note` ORDER BY note_id desc LIMIT 0,3   [ RunTime:0.0000s ]
NOTIC: [8] Undefined variable: page D:\wamp\www\blog\Application\Common\Model\NoteModel.class.php 第 40 行.
NOTIC: [8] Undefined variable: pageSize D:\wamp\www\blog\Application\Common\Model\NoteModel.class.php 第 40 行.
SQL: SELECT COUNT(*) AS tp_count FROM `blog_note` LIMIT 1   [ RunTime:0.0010s ]
INFO: [ view_parse ] --START--
INFO: [ template_filter ] --START--
INFO: Run Behavior\ContentReplaceBehavior [ RunTime:0.000000s ]
INFO: [ template_filter ] --END-- [ RunTime:0.001000s ]
INFO: Run Behavior\ParseTemplateBehavior [ RunTime:0.025002s ]
INFO: [ view_parse ] --END-- [ RunTime:0.025002s ]
INFO: [ view_filter ] --START--
INFO: Run Behavior\WriteHtmlCacheBehavior [ RunTime:0.000000s ]
INFO: [ view_filter ] --END-- [ RunTime:0.001000s ]
INFO: [ app_end ] --START--
INFO: Run Behavior\ShowPageTraceBehavior [ RunTime:0.001000s ]
INFO: [ app_end ] --END-- [ RunTime:0.001000s ]

[ 2017-06-29T14:57:20+08:00 ] 127.0.0.1 /blog/admin.php?c=admin&a=add
INFO: [ app_init ] --START--
INFO: Run Behavior\BuildLiteBehavior [ RunTime:0.000000s ]
INFO: [ app_init ] --END-- [ RunTime:0.001000s ]
INFO: [ app_begin ] --START--
INFO: Run Behavior\ReadHtmlCacheBehavior [ RunTime:0.001000s ]
INFO: [ app_begin ] --END-- [ RunTime:0.001000s ]
INFO: [ view_parse ] --START--
INFO: [ template_filter ] --START--
INFO: Run Behavior\ContentReplaceBehavior [ RunTime:0.000000s ]
INFO: [ template_filter ] --END-- [ RunTime:0.001000s ]
INFO: Run Behavior\ParseTemplateBehavior [ RunTime:0.013000s ]
INFO: [ view_parse ] --END-- [ RunTime:0.013000s ]
INFO: [ view_filter ] --START--
INFO: Run Behavior\WriteHtmlCacheBehavior [ RunTime:0.001000s ]
INFO: [ view_filter ] --END-- [ RunTime:0.001000s ]
INFO: [ app_end ] --START--
INFO: Run Behavior\ShowPageTraceBehavior [ RunTime:0.001000s ]
INFO: [ app_end ] --END-- [ RunTime:0.001000s ]

[ 2017-06-29T14:58:45+08:00 ] 127.0.0.1 /blog/admin.php?c=image&a=ajaxuploadimage
INFO: [ app_init ] --START--
INFO: Run Behavior\BuildLiteBehavior [ RunTime:0.000000s ]
INFO: [ app_init ] --END-- [ RunTime:0.001000s ]
INFO: [ app_begin ] --START--
INFO: Run Behavior\ReadHtmlCacheBehavior [ RunTime:0.001000s ]
INFO: [ app_begin ] --END-- [ RunTime:0.001000s ]
NOTIC: [8] Use of undefined constant Y - assumed 'Y' D:\wamp\www\blog\Application\Common\Model\UploadImageModel.class.php 第 19 行.
NOTIC: [8] Use of undefined constant m - assumed 'm' D:\wamp\www\blog\Application\Common\Model\UploadImageModel.class.php 第 19 行.
NOTIC: [8] Use of undefined constant d - assumed 'd' D:\wamp\www\blog\Application\Common\Model\UploadImageModel.class.php 第 19 行.

[ 2017-06-29T14:59:33+08:00 ] 127.0.0.1 /blog/admin.php?c=image&a=ajaxuploadimage
INFO: [ app_init ] --START--
INFO: Run Behavior\BuildLiteBehavior [ RunTime:0.000000s ]
INFO: [ app_init ] --END-- [ RunTime:0.001000s ]
INFO: [ app_begin ] --START--
INFO: Run Behavior\ReadHtmlCacheBehavior [ RunTime:0.001000s ]
INFO: [ app_begin ] --END-- [ RunTime:0.001000s ]
NOTIC: [8] Use of undefined constant Y - assumed 'Y' D:\wamp\www\blog\Application\Common\Model\UploadImageModel.class.php 第 19 行.
NOTIC: [8] Use of undefined constant m - assumed 'm' D:\wamp\www\blog\Application\Common\Model\UploadImageModel.class.php 第 19 行.
NOTIC: [8] Use of undefined constant d - assumed 'd' D:\wamp\www\blog\Application\Common\Model\UploadImageModel.class.php 第 19 行.

[ 2017-06-29T15:02:42+08:00 ] 127.0.0.1 /blog/admin.php?c=image&a=ajaxuploadimage
INFO: [ app_init ] --START--
INFO: Run Behavior\BuildLiteBehavior [ RunTime:0.000000s ]
INFO: [ app_init ] --END-- [ RunTime:0.001001s ]
INFO: [ app_begin ] --START--
INFO: Run Behavior\ReadHtmlCacheBehavior [ RunTime:0.001000s ]
INFO: [ app_begin ] --END-- [ RunTime:0.001000s ]
NOTIC: [8] Use of undefined constant Y - assumed 'Y' D:\wamp\www\blog\Application\Common\Model\UploadImageModel.class.php 第 19 行.
NOTIC: [8] Use of undefined constant m - assumed 'm' D:\wamp\www\blog\Application\Common\Model\UploadImageModel.class.php 第 19 行.
NOTIC: [8] Use of undefined constant d - assumed 'd' D:\wamp\www\blog\Application\Common\Model\UploadImageModel.class.php 第 19 行.
NOTIC: [2] call_user_func() expects parameter 1 to be a valid callback, no array or string given D:\wamp\www\blog\ThinkPHP\Library\Think\Upload.class.php 第 170 行.

[ 2017-06-29T15:03:51+08:00 ] 127.0.0.1 /blog/admin.php?c=content&a=add
INFO: [ app_init ] --START--
INFO: Run Behavior\BuildLiteBehavior [ RunTime:0.000000s ]
INFO: [ app_init ] --END-- [ RunTime:0.001000s ]
INFO: [ app_begin ] --START--
INFO: Run Behavior\ReadHtmlCacheBehavior [ RunTime:0.002000s ]
INFO: [ app_begin ] --END-- [ RunTime:0.002000s ]
NOTIC: [8] Undefined index: note_id D:\wamp\www\blog\Application\Admin\Controller\ContentController.class.php 第 49 行.
NOTIC: [2048] Declaration of Common\Model\NoteModel::find() should be compatible with Think\Model::find($options = Array) D:\wamp\www\blog\Application\Common\Model\NoteModel.class.php 第 8 行.
SQL: SHOW COLUMNS FROM `blog_note` [ RunTime:0.0040s ]
SQL: INSERT INTO `blog_note` (`title`,`author`,`tag`,`thumb`,`description`,`date`) VALUES ('使用Git上传项目代码到github(转载）','黄汉韬','php','/blog/upload/2017/06/29/5954a612d2a81.png','git入门','2017-06-29 15:03') [ RunTime:0.0290s ]
NOTIC: [2048] Declaration of Common\Model\NoteContentModel::find() should be compatible with Think\Model::find($options = Array) D:\wamp\www\blog\Application\Common\Model\NoteContentModel.class.php 第 44 行.
SQL: SHOW COLUMNS FROM `blog_note_content` [ RunTime:0.0080s ]
SQL: INSERT INTO `blog_note_content` (`content`,`note_id`,`content_id`) VALUES ('&lt;p&gt;&lt;a href=&quot;http://112.74.172.6/index.php?c=detail&amp;id=69&quot; target=&quot;_blank&quot;&gt;http://112.74.172.6/index.php?c=detail&amp;amp;id=69&lt;/a&gt;&lt;/p&gt;&lt;p&gt;&lt;br&gt;&lt;/p&gt;&lt;p&gt;&lt;br&gt;&lt;/p&gt;','123','123') [ RunTime:0.0050s ]
NOTIC: [2] Missing argument 3 for show(), called in D:\wamp\www\blog\Application\Admin\Controller\ContentController.class.php on line 63 and defined D:\wamp\www\blog\Application\Common\Common\function.php 第 3 行.
NOTIC: [8] Undefined variable: data D:\wamp\www\blog\Application\Common\Common\function.php 第 8 行.

[ 2017-06-29T15:03:52+08:00 ] 127.0.0.1 /blog/admin.php?c=admin
INFO: [ app_init ] --START--
INFO: Run Behavior\BuildLiteBehavior [ RunTime:0.000000s ]
INFO: [ app_init ] --END-- [ RunTime:0.001000s ]
INFO: [ app_begin ] --START--
INFO: Run Behavior\ReadHtmlCacheBehavior [ RunTime:0.001000s ]
INFO: [ app_begin ] --END-- [ RunTime:0.002000s ]
NOTIC: [8] Undefined index: p D:\wamp\www\blog\Application\Admin\Controller\AdminController.class.php 第 8 行.
NOTIC: [2048] Declaration of Common\Model\NoteModel::find() should be compatible with Think\Model::find($options = Array) D:\wamp\www\blog\Application\Common\Model\NoteModel.class.php 第 8 行.
SQL: SHOW COLUMNS FROM `blog_note` [ RunTime:0.0040s ]
SQL: SELECT * FROM `blog_note` ORDER BY note_id desc LIMIT 0,3   [ RunTime:0.0010s ]
NOTIC: [8] Undefined variable: page D:\wamp\www\blog\Application\Common\Model\NoteModel.class.php 第 40 行.
NOTIC: [8] Undefined variable: pageSize D:\wamp\www\blog\Application\Common\Model\NoteModel.class.php 第 40 行.
SQL: SELECT COUNT(*) AS tp_count FROM `blog_note` LIMIT 1   [ RunTime:0.0000s ]
NOTIC: [8] Undefined variable: sing_path D:\wamp\www\blog\ThinkPHP\Common\functions.php 第 991 行.
INFO: [ view_parse ] --START--
INFO: [ template_filter ] --START--
INFO: Run Behavior\ContentReplaceBehavior [ RunTime:0.000000s ]
INFO: [ template_filter ] --END-- [ RunTime:0.001000s ]
INFO: Run Behavior\ParseTemplateBehavior [ RunTime:0.021002s ]
INFO: [ view_parse ] --END-- [ RunTime:0.021002s ]
INFO: [ view_filter ] --START--
INFO: Run Behavior\WriteHtmlCacheBehavior [ RunTime:0.001000s ]
INFO: [ view_filter ] --END-- [ RunTime:0.001000s ]
INFO: [ app_end ] --START--
INFO: Run Behavior\ShowPageTraceBehavior [ RunTime:0.001000s ]
INFO: [ app_end ] --END-- [ RunTime:0.001000s ]

