[ 2017-06-19T09:16:52+08:00 ] ::1 /blog/admin.php
INFO: [ app_init ] --START--
INFO: Run Behavior\BuildLiteBehavior [ RunTime:0.001000s ]
INFO: [ app_init ] --END-- [ RunTime:0.001000s ]
INFO: [ app_begin ] --START--
INFO: Run Behavior\ReadHtmlCacheBehavior [ RunTime:0.001000s ]
INFO: [ app_begin ] --END-- [ RunTime:0.001000s ]
INFO: [ view_parse ] --START--
INFO: [ template_filter ] --START--
INFO: Run Behavior\ContentReplaceBehavior [ RunTime:0.000000s ]
INFO: [ template_filter ] --END-- [ RunTime:0.001000s ]
INFO: Run Behavior\ParseTemplateBehavior [ RunTime:0.045002s ]
INFO: [ view_parse ] --END-- [ RunTime:0.045002s ]
INFO: [ view_filter ] --START--
INFO: Run Behavior\WriteHtmlCacheBehavior [ RunTime:0.000000s ]
INFO: [ view_filter ] --END-- [ RunTime:0.001000s ]
INFO: [ app_end ] --START--
INFO: Run Behavior\ShowPageTraceBehavior [ RunTime:0.001000s ]
INFO: [ app_end ] --END-- [ RunTime:0.001000s ]

[ 2017-06-19T09:17:04+08:00 ] ::1 /blog/admin.php?c=login&a=check
INFO: [ app_init ] --START--
INFO: Run Behavior\BuildLiteBehavior [ RunTime:0.001000s ]
INFO: [ app_init ] --END-- [ RunTime:0.001000s ]
INFO: [ app_begin ] --START--
INFO: Run Behavior\ReadHtmlCacheBehavior [ RunTime:0.001000s ]
INFO: [ app_begin ] --END-- [ RunTime:0.002000s ]
SQL: SHOW COLUMNS FROM `blog_admin` [ RunTime:0.1110s ]
SQL: SELECT * FROM `blog_admin` WHERE ( username="zsy" ) LIMIT 1   [ RunTime:0.0530s ]
NOTIC: [2] Missing argument 3 for show(), called in D:\wamp\www\blog\Application\Admin\Controller\LoginController.class.php on line 29 and defined D:\wamp\www\blog\Application\Common\Common\function.php 第 3 行.
NOTIC: [8] Undefined variable: data D:\wamp\www\blog\Application\Common\Common\function.php 第 8 行.

[ 2017-06-19T09:17:05+08:00 ] ::1 /blog/admin.php?c=admin&a=index
INFO: [ app_init ] --START--
INFO: Run Behavior\BuildLiteBehavior [ RunTime:0.000000s ]
INFO: [ app_init ] --END-- [ RunTime:0.001000s ]
INFO: [ app_begin ] --START--
INFO: Run Behavior\ReadHtmlCacheBehavior [ RunTime:0.000000s ]
INFO: [ app_begin ] --END-- [ RunTime:0.002000s ]
NOTIC: [2048] Declaration of Common\Model\NoteModel::find() should be compatible with Think\Model::find($options = Array) D:\wamp\www\blog\Application\Common\Model\NoteModel.class.php 第 8 行.
SQL: SHOW COLUMNS FROM `blog_note` [ RunTime:0.1460s ]
SQL: SELECT * FROM `blog_note` ORDER BY note_id desc LIMIT 0,3   [ RunTime:0.0010s ]
NOTIC: [8] Undefined variable: page D:\wamp\www\blog\Application\Common\Model\NoteModel.class.php 第 34 行.
NOTIC: [8] Undefined variable: pageSize D:\wamp\www\blog\Application\Common\Model\NoteModel.class.php 第 34 行.
SQL: SELECT COUNT(*) AS tp_count FROM `blog_note` LIMIT 1   [ RunTime:0.0760s ]
INFO: [ view_parse ] --START--
INFO: [ template_filter ] --START--
INFO: Run Behavior\ContentReplaceBehavior [ RunTime:0.000000s ]
INFO: [ template_filter ] --END-- [ RunTime:0.000000s ]
INFO: Run Behavior\ParseTemplateBehavior [ RunTime:0.146009s ]
INFO: [ view_parse ] --END-- [ RunTime:0.147009s ]
INFO: [ view_filter ] --START--
INFO: Run Behavior\WriteHtmlCacheBehavior [ RunTime:0.000000s ]
INFO: [ view_filter ] --END-- [ RunTime:0.001000s ]
INFO: [ app_end ] --START--
INFO: Run Behavior\ShowPageTraceBehavior [ RunTime:0.001000s ]
INFO: [ app_end ] --END-- [ RunTime:0.001000s ]

[ 2017-06-19T09:18:35+08:00 ] ::1 /blog/admin.php/Admin/Admin/index/p/2.html
INFO: [ app_init ] --START--
INFO: Run Behavior\BuildLiteBehavior [ RunTime:0.000000s ]
INFO: [ app_init ] --END-- [ RunTime:0.001000s ]
INFO: [ app_begin ] --START--
INFO: Run Behavior\ReadHtmlCacheBehavior [ RunTime:0.001000s ]
INFO: [ app_begin ] --END-- [ RunTime:0.001000s ]
NOTIC: [2048] Declaration of Common\Model\NoteModel::find() should be compatible with Think\Model::find($options = Array) D:\wamp\www\blog\Application\Common\Model\NoteModel.class.php 第 8 行.
SQL: SHOW COLUMNS FROM `blog_note` [ RunTime:0.0090s ]
SQL: SELECT * FROM `blog_note` ORDER BY note_id desc LIMIT 0,3   [ RunTime:0.0000s ]
NOTIC: [8] Undefined variable: page D:\wamp\www\blog\Application\Common\Model\NoteModel.class.php 第 34 行.
NOTIC: [8] Undefined variable: pageSize D:\wamp\www\blog\Application\Common\Model\NoteModel.class.php 第 34 行.
SQL: SELECT COUNT(*) AS tp_count FROM `blog_note` LIMIT 1   [ RunTime:0.0000s ]
INFO: [ view_parse ] --START--
INFO: [ template_filter ] --START--
INFO: Run Behavior\ContentReplaceBehavior [ RunTime:0.000000s ]
INFO: [ template_filter ] --END-- [ RunTime:0.000000s ]
INFO: Run Behavior\ParseTemplateBehavior [ RunTime:0.017001s ]
INFO: [ view_parse ] --END-- [ RunTime:0.017001s ]
INFO: [ view_filter ] --START--
INFO: Run Behavior\WriteHtmlCacheBehavior [ RunTime:0.000000s ]
INFO: [ view_filter ] --END-- [ RunTime:0.001000s ]
INFO: [ app_end ] --START--
INFO: Run Behavior\ShowPageTraceBehavior [ RunTime:0.000000s ]
INFO: [ app_end ] --END-- [ RunTime:0.001000s ]

[ 2017-06-19T09:18:38+08:00 ] ::1 /blog/admin.php/Admin/Admin/index/p/1.html
INFO: [ app_init ] --START--
INFO: Run Behavior\BuildLiteBehavior [ RunTime:0.000000s ]
INFO: [ app_init ] --END-- [ RunTime:0.001000s ]
INFO: [ app_begin ] --START--
INFO: Run Behavior\ReadHtmlCacheBehavior [ RunTime:0.001000s ]
INFO: [ app_begin ] --END-- [ RunTime:0.002000s ]
NOTIC: [2048] Declaration of Common\Model\NoteModel::find() should be compatible with Think\Model::find($options = Array) D:\wamp\www\blog\Application\Common\Model\NoteModel.class.php 第 8 行.
SQL: SHOW COLUMNS FROM `blog_note` [ RunTime:0.0050s ]
SQL: SELECT * FROM `blog_note` ORDER BY note_id desc LIMIT 0,3   [ RunTime:0.0010s ]
NOTIC: [8] Undefined variable: page D:\wamp\www\blog\Application\Common\Model\NoteModel.class.php 第 34 行.
NOTIC: [8] Undefined variable: pageSize D:\wamp\www\blog\Application\Common\Model\NoteModel.class.php 第 34 行.
SQL: SELECT COUNT(*) AS tp_count FROM `blog_note` LIMIT 1   [ RunTime:0.0000s ]
INFO: [ view_parse ] --START--
INFO: [ template_filter ] --START--
INFO: Run Behavior\ContentReplaceBehavior [ RunTime:0.000000s ]
INFO: [ template_filter ] --END-- [ RunTime:0.001000s ]
INFO: Run Behavior\ParseTemplateBehavior [ RunTime:0.021001s ]
INFO: [ view_parse ] --END-- [ RunTime:0.021001s ]
INFO: [ view_filter ] --START--
INFO: Run Behavior\WriteHtmlCacheBehavior [ RunTime:0.000000s ]
INFO: [ view_filter ] --END-- [ RunTime:0.001000s ]
INFO: [ app_end ] --START--
INFO: Run Behavior\ShowPageTraceBehavior [ RunTime:0.001000s ]
INFO: [ app_end ] --END-- [ RunTime:0.001000s ]

[ 2017-06-19T10:35:56+08:00 ] ::1 /blog/admin.php
INFO: [ app_init ] --START--
INFO: Run Behavior\BuildLiteBehavior [ RunTime:0.000000s ]
INFO: [ app_init ] --END-- [ RunTime:0.001000s ]
INFO: [ app_begin ] --START--
INFO: Run Behavior\ReadHtmlCacheBehavior [ RunTime:0.000000s ]
INFO: [ app_begin ] --END-- [ RunTime:0.002000s ]
INFO: [ view_parse ] --START--
INFO: [ template_filter ] --START--
INFO: Run Behavior\ContentReplaceBehavior [ RunTime:0.000000s ]
INFO: [ template_filter ] --END-- [ RunTime:0.001000s ]
INFO: Run Behavior\ParseTemplateBehavior [ RunTime:0.011001s ]
INFO: [ view_parse ] --END-- [ RunTime:0.011001s ]
INFO: [ view_filter ] --START--
INFO: Run Behavior\WriteHtmlCacheBehavior [ RunTime:0.000000s ]
INFO: [ view_filter ] --END-- [ RunTime:0.001000s ]
INFO: [ app_end ] --START--
INFO: Run Behavior\ShowPageTraceBehavior [ RunTime:0.001000s ]
INFO: [ app_end ] --END-- [ RunTime:0.001000s ]

[ 2017-06-19T10:36:04+08:00 ] ::1 /blog/admin.php?c=login&a=check
INFO: [ app_init ] --START--
INFO: Run Behavior\BuildLiteBehavior [ RunTime:0.001000s ]
INFO: [ app_init ] --END-- [ RunTime:0.001000s ]
INFO: [ app_begin ] --START--
INFO: Run Behavior\ReadHtmlCacheBehavior [ RunTime:0.001000s ]
INFO: [ app_begin ] --END-- [ RunTime:0.001000s ]
SQL: SHOW COLUMNS FROM `blog_admin` [ RunTime:0.0040s ]
SQL: SELECT * FROM `blog_admin` WHERE ( username="zsy" ) LIMIT 1   [ RunTime:0.0010s ]
NOTIC: [2] Missing argument 3 for show(), called in D:\wamp\www\blog\Application\Admin\Controller\LoginController.class.php on line 29 and defined D:\wamp\www\blog\Application\Common\Common\function.php 第 3 行.
NOTIC: [8] Undefined variable: data D:\wamp\www\blog\Application\Common\Common\function.php 第 8 行.

[ 2017-06-19T10:36:05+08:00 ] ::1 /blog/admin.php?c=admin&a=index
INFO: [ app_init ] --START--
INFO: Run Behavior\BuildLiteBehavior [ RunTime:0.000000s ]
INFO: [ app_init ] --END-- [ RunTime:0.001000s ]
INFO: [ app_begin ] --START--
INFO: Run Behavior\ReadHtmlCacheBehavior [ RunTime:0.000000s ]
INFO: [ app_begin ] --END-- [ RunTime:0.001000s ]
NOTIC: [2048] Declaration of Common\Model\NoteModel::find() should be compatible with Think\Model::find($options = Array) D:\wamp\www\blog\Application\Common\Model\NoteModel.class.php 第 8 行.
SQL: SHOW COLUMNS FROM `blog_note` [ RunTime:0.0030s ]
SQL: SELECT * FROM `blog_note` ORDER BY note_id desc LIMIT 0,3   [ RunTime:0.0000s ]
NOTIC: [8] Undefined variable: page D:\wamp\www\blog\Application\Common\Model\NoteModel.class.php 第 34 行.
NOTIC: [8] Undefined variable: pageSize D:\wamp\www\blog\Application\Common\Model\NoteModel.class.php 第 34 行.
SQL: SELECT COUNT(*) AS tp_count FROM `blog_note` LIMIT 1   [ RunTime:0.0000s ]
INFO: [ view_parse ] --START--
INFO: [ template_filter ] --START--
INFO: Run Behavior\ContentReplaceBehavior [ RunTime:0.000000s ]
INFO: [ template_filter ] --END-- [ RunTime:0.000000s ]
INFO: Run Behavior\ParseTemplateBehavior [ RunTime:0.018001s ]
INFO: [ view_parse ] --END-- [ RunTime:0.020001s ]
INFO: [ view_filter ] --START--
INFO: Run Behavior\WriteHtmlCacheBehavior [ RunTime:0.000000s ]
INFO: [ view_filter ] --END-- [ RunTime:0.001000s ]
INFO: [ app_end ] --START--
INFO: Run Behavior\ShowPageTraceBehavior [ RunTime:0.001000s ]
INFO: [ app_end ] --END-- [ RunTime:0.001000s ]

[ 2017-06-19T11:09:05+08:00 ] ::1 /blog/admin.php?c=admin&a=add
INFO: [ app_init ] --START--
INFO: Run Behavior\BuildLiteBehavior [ RunTime:0.000000s ]
INFO: [ app_init ] --END-- [ RunTime:0.001000s ]
INFO: [ app_begin ] --START--
INFO: Run Behavior\ReadHtmlCacheBehavior [ RunTime:0.001000s ]
INFO: [ app_begin ] --END-- [ RunTime:0.001000s ]
INFO: [ view_parse ] --START--
INFO: [ template_filter ] --START--
INFO: Run Behavior\ContentReplaceBehavior [ RunTime:0.000000s ]
INFO: [ template_filter ] --END-- [ RunTime:0.001000s ]
INFO: Run Behavior\ParseTemplateBehavior [ RunTime:0.037002s ]
INFO: [ view_parse ] --END-- [ RunTime:0.038002s ]
INFO: [ view_filter ] --START--
INFO: Run Behavior\WriteHtmlCacheBehavior [ RunTime:0.000000s ]
INFO: [ view_filter ] --END-- [ RunTime:0.001000s ]
INFO: [ app_end ] --START--
INFO: Run Behavior\ShowPageTraceBehavior [ RunTime:0.001000s ]
INFO: [ app_end ] --END-- [ RunTime:0.001000s ]

